#
# There is insufficient memory for the Java Runtime Environment to continue.
# Native memory allocation (mmap) failed to map 319815680 bytes for G1 virtual space
# Possible reasons:
#   The system is out of physical RAM or swap space
#   The process is running with CompressedOops enabled, and the Java Heap may be blocking the growth of the native heap
# Possible solutions:
#   Reduce memory load on the system
#   Increase physical memory or swap space
#   Check if swap backing store is full
#   Decrease Java heap size (-Xmx/-Xms)
#   Decrease number of Java threads
#   Decrease Java thread stack sizes (-Xss)
#   Set larger code cache with -XX:ReservedCodeCacheSize=
#   JVM is running with Unscaled Compressed Oops mode in which the Java heap is
#     placed in the first 4GB address space. The Java Heap base address is the
#     maximum limit for the native heap growth. Please use -XX:HeapBaseMinAddress
#     to set the Java Heap base and to place the Java Heap above 4GB virtual address.
# This output file may be truncated or incomplete.
#
#  Out of Memory Error (os_windows.cpp:3769), pid=21008, tid=14272
#
# JRE version: OpenJDK Runtime Environment (17.0.6) (build 17.0.6+0-b2043.56-10027231)
# Java VM: OpenJDK 64-Bit Server VM (17.0.6+0-b2043.56-10027231, mixed mode, tiered, compressed oops, compressed class ptrs, g1 gc, windows-amd64)
# No core dump will be written. Minidumps are not enabled by default on client versions of Windows
#

---------------  S U M M A R Y ------------

Command Line: --add-opens=java.base/java.util=ALL-UNNAMED --add-opens=java.base/java.lang=ALL-UNNAMED --add-opens=java.base/java.lang.invoke=ALL-UNNAMED --add-opens=java.prefs/java.util.prefs=ALL-UNNAMED --add-opens=java.base/java.nio.charset=ALL-UNNAMED --add-opens=java.base/java.net=ALL-UNNAMED --add-opens=java.base/java.util.concurrent.atomic=ALL-UNNAMED -Xmx2048m -Dfile.encoding=UTF-8 -Duser.country=MY -Duser.language=en -Duser.variant -javaagent:C:\Users\Asus\.gradle\wrapper\dists\gradle-8.2-bin\bbg7u40eoinfdyxsxr3z4i7ta\gradle-8.2\lib\agents\gradle-instrumentation-agent-8.2.jar org.gradle.launcher.daemon.bootstrap.GradleDaemon 8.2

Host: AMD Ryzen 7 4800H with Radeon Graphics         , 16 cores, 7G,  Windows 11 , 64 bit Build 22621 (10.0.22621.2506)
Time: Sun Dec 31 15:01:14 2023 Malay Peninsula Standard Time elapsed time: 54.680308 seconds (0d 0h 0m 54s)

---------------  T H R E A D  ---------------

Current thread (0x000002a141815520):  VMThread "VM Thread" [stack: 0x000000ee12c00000,0x000000ee12d00000] [id=14272]

Stack: [0x000000ee12c00000,0x000000ee12d00000]
Native frames: (J=compiled Java code, j=interpreted, Vv=VM code, C=native code)
V  [jvm.dll+0x683c9a]
V  [jvm.dll+0x8427a4]
V  [jvm.dll+0x843f9e]
V  [jvm.dll+0x844603]
V  [jvm.dll+0x249b75]
V  [jvm.dll+0x680b69]
V  [jvm.dll+0x67505a]
V  [jvm.dll+0x309acb]
V  [jvm.dll+0x310f86]
V  [jvm.dll+0x3608ee]
V  [jvm.dll+0x360b1f]
V  [jvm.dll+0x2dfbf8]
V  [jvm.dll+0x2ddec4]
V  [jvm.dll+0x2dd4cc]
V  [jvm.dll+0x321f3b]
V  [jvm.dll+0x848ccb]
V  [jvm.dll+0x849a04]
V  [jvm.dll+0x849f1d]
V  [jvm.dll+0x84a2f4]
V  [jvm.dll+0x84a3c0]
V  [jvm.dll+0x7f274a]
V  [jvm.dll+0x682ad5]
C  [ucrtbase.dll+0x29363]
C  [KERNEL32.DLL+0x1257d]
C  [ntdll.dll+0x5aa58]

VM_Operation (0x000000ee144f47b0): G1CollectForAllocation, mode: safepoint, requested by thread 0x000002a1433d1300


---------------  P R O C E S S  ---------------

Threads class SMR info:
_java_thread_list=0x000002a1449f0aa0, length=69, elements={
0x000002a1265e1d70, 0x000002a141817cc0, 0x000002a141818c00, 0x000002a1408ae6c0,
0x000002a1418614d0, 0x000002a141864ea0, 0x000002a141865850, 0x000002a141866940,
0x000002a14186a8e0, 0x000002a14186b2d0, 0x000002a1419d96d0, 0x000002a141aa34c0,
0x000002a143727c00, 0x000002a143614860, 0x000002a1432f3520, 0x000002a143613b10,
0x000002a1432f7220, 0x000002a143b4df60, 0x000002a1433d1300, 0x000002a14300b410,
0x000002a14300d0f0, 0x000002a14300cc20, 0x000002a14300af40, 0x000002a14300bdb0,
0x000002a14300b8e0, 0x000002a14300c280, 0x000002a14300aa70, 0x000002a14300c750,
0x000002a14300d5c0, 0x000002a14300da90, 0x000002a14300a0d0, 0x000002a14300a5a0,
0x000002a145d31b20, 0x000002a145d359b0, 0x000002a145d33cd0, 0x000002a145d36350,
0x000002a145d34b40, 0x000002a145d32990, 0x000002a145d354e0, 0x000002a145d37690,
0x000002a145d36820, 0x000002a145d33800, 0x000002a145d35010, 0x000002a145d35e80,
0x000002a145d371c0, 0x000002a145d36cf0, 0x000002a145d38500, 0x000002a145d37b60,
0x000002a145d389d0, 0x000002a145d31650, 0x000002a145d324c0, 0x000002a145d34670,
0x000002a145c5cd20, 0x000002a145c5ab70, 0x000002a145c5a1d0, 0x000002a145c5c380,
0x000002a145c5e060, 0x000002a145c5d1f0, 0x000002a145c5b040, 0x000002a145c5d6c0,
0x000002a145c59360, 0x000002a145c5a6a0, 0x000002a145c589c0, 0x000002a145c5f870,
0x000002a145c5b510, 0x000002a145c5ea00, 0x000002a145c5beb0, 0x000002a141e07df0,
0x000002a142208030
}

Java Threads: ( => current thread )
  0x000002a1265e1d70 JavaThread "main" [_thread_blocked, id=28792, stack(0x000000ee12600000,0x000000ee12700000)]
  0x000002a141817cc0 JavaThread "Reference Handler" daemon [_thread_blocked, id=25476, stack(0x000000ee12d00000,0x000000ee12e00000)]
  0x000002a141818c00 JavaThread "Finalizer" daemon [_thread_blocked, id=25184, stack(0x000000ee12e00000,0x000000ee12f00000)]
  0x000002a1408ae6c0 JavaThread "Signal Dispatcher" daemon [_thread_blocked, id=6080, stack(0x000000ee12f00000,0x000000ee13000000)]
  0x000002a1418614d0 JavaThread "Attach Listener" daemon [_thread_blocked, id=10112, stack(0x000000ee13000000,0x000000ee13100000)]
  0x000002a141864ea0 JavaThread "Service Thread" daemon [_thread_blocked, id=27192, stack(0x000000ee13100000,0x000000ee13200000)]
  0x000002a141865850 JavaThread "Monitor Deflation Thread" daemon [_thread_blocked, id=14288, stack(0x000000ee13200000,0x000000ee13300000)]
  0x000002a141866940 JavaThread "C2 CompilerThread0" daemon [_thread_blocked, id=3332, stack(0x000000ee13300000,0x000000ee13400000)]
  0x000002a14186a8e0 JavaThread "C1 CompilerThread0" daemon [_thread_blocked, id=23332, stack(0x000000ee13400000,0x000000ee13500000)]
  0x000002a14186b2d0 JavaThread "Sweeper thread" daemon [_thread_blocked, id=18380, stack(0x000000ee13500000,0x000000ee13600000)]
  0x000002a1419d96d0 JavaThread "Common-Cleaner" daemon [_thread_blocked, id=26564, stack(0x000000ee13600000,0x000000ee13700000)]
  0x000002a141aa34c0 JavaThread "Notification Thread" daemon [_thread_blocked, id=9440, stack(0x000000ee13700000,0x000000ee13800000)]
  0x000002a143727c00 JavaThread "Daemon health stats" [_thread_blocked, id=30240, stack(0x000000ee13e00000,0x000000ee13f00000)]
  0x000002a143614860 JavaThread "Incoming local TCP Connector on port 52516" [_thread_in_native, id=19128, stack(0x000000ee13f00000,0x000000ee14000000)]
  0x000002a1432f3520 JavaThread "Daemon periodic checks" [_thread_blocked, id=4060, stack(0x000000ee14000000,0x000000ee14100000)]
  0x000002a143613b10 JavaThread "Daemon" [_thread_blocked, id=14392, stack(0x000000ee14100000,0x000000ee14200000)]
  0x000002a1432f7220 JavaThread "Handler for socket connection from /127.0.0.1:52516 to /127.0.0.1:52518" [_thread_in_native, id=29448, stack(0x000000ee14200000,0x000000ee14300000)]
  0x000002a143b4df60 JavaThread "Cancel handler" [_thread_blocked, id=20196, stack(0x000000ee14300000,0x000000ee14400000)]
  0x000002a1433d1300 JavaThread "Daemon worker" [_thread_blocked, id=10144, stack(0x000000ee14400000,0x000000ee14500000)]
  0x000002a14300b410 JavaThread "Asynchronous log dispatcher for DefaultDaemonConnection: socket connection from /127.0.0.1:52516 to /127.0.0.1:52518" [_thread_blocked, id=24256, stack(0x000000ee14500000,0x000000ee14600000)]
  0x000002a14300d0f0 JavaThread "Stdin handler" [_thread_blocked, id=15828, stack(0x000000ee14600000,0x000000ee14700000)]
  0x000002a14300cc20 JavaThread "Daemon client event forwarder" [_thread_blocked, id=17036, stack(0x000000ee14700000,0x000000ee14800000)]
  0x000002a14300af40 JavaThread "Cache worker for journal cache (C:\Users\Asus\.gradle\caches\journal-1)" [_thread_blocked, id=30988, stack(0x000000ee15200000,0x000000ee15300000)]
  0x000002a14300bdb0 JavaThread "File lock request listener" [_thread_in_native, id=14488, stack(0x000000ee15300000,0x000000ee15400000)]
  0x000002a14300b8e0 JavaThread "Cache worker for file hash cache (C:\Users\Asus\.gradle\caches\8.2\fileHashes)" [_thread_blocked, id=2900, stack(0x000000ee15400000,0x000000ee15500000)]
  0x000002a14300c280 JavaThread "File watcher server" daemon [_thread_in_native, id=344, stack(0x000000ee15500000,0x000000ee15600000)]
  0x000002a14300aa70 JavaThread "File watcher consumer" daemon [_thread_blocked, id=27764, stack(0x000000ee15600000,0x000000ee15700000)]
  0x000002a14300c750 JavaThread "jar transforms" [_thread_blocked, id=31088, stack(0x000000ee15700000,0x000000ee15800000)]
  0x000002a14300d5c0 JavaThread "jar transforms Thread 2" [_thread_blocked, id=13588, stack(0x000000ee15800000,0x000000ee15900000)]
  0x000002a14300da90 JavaThread "jar transforms Thread 3" [_thread_blocked, id=15128, stack(0x000000ee15900000,0x000000ee15a00000)]
  0x000002a14300a0d0 JavaThread "jar transforms Thread 4" [_thread_blocked, id=21436, stack(0x000000ee15a00000,0x000000ee15b00000)]
  0x000002a14300a5a0 JavaThread "jar transforms Thread 5" [_thread_blocked, id=28268, stack(0x000000ee15b00000,0x000000ee15c00000)]
  0x000002a145d31b20 JavaThread "jar transforms Thread 6" [_thread_blocked, id=28328, stack(0x000000ee15c00000,0x000000ee15d00000)]
  0x000002a145d359b0 JavaThread "jar transforms Thread 7" [_thread_blocked, id=22216, stack(0x000000ee15d00000,0x000000ee15e00000)]
  0x000002a145d33cd0 JavaThread "jar transforms Thread 8" [_thread_blocked, id=21524, stack(0x000000ee15e00000,0x000000ee15f00000)]
  0x000002a145d36350 JavaThread "jar transforms Thread 9" [_thread_blocked, id=31676, stack(0x000000ee15f00000,0x000000ee16000000)]
  0x000002a145d34b40 JavaThread "jar transforms Thread 10" [_thread_blocked, id=18916, stack(0x000000ee16000000,0x000000ee16100000)]
  0x000002a145d32990 JavaThread "jar transforms Thread 11" [_thread_blocked, id=4232, stack(0x000000ee16100000,0x000000ee16200000)]
  0x000002a145d354e0 JavaThread "jar transforms Thread 12" [_thread_blocked, id=27464, stack(0x000000ee16200000,0x000000ee16300000)]
  0x000002a145d37690 JavaThread "jar transforms Thread 13" [_thread_blocked, id=28276, stack(0x000000ee16300000,0x000000ee16400000)]
  0x000002a145d36820 JavaThread "jar transforms Thread 14" [_thread_blocked, id=23604, stack(0x000000ee16400000,0x000000ee16500000)]
  0x000002a145d33800 JavaThread "jar transforms Thread 15" [_thread_blocked, id=26904, stack(0x000000ee16500000,0x000000ee16600000)]
  0x000002a145d35010 JavaThread "jar transforms Thread 16" [_thread_blocked, id=25176, stack(0x000000ee16600000,0x000000ee16700000)]
  0x000002a145d35e80 JavaThread "Cache worker for checksums cache (C:\Users\Asus\AndroidStudioProjects\MADApp\.gradle\8.2\checksums)" [_thread_blocked, id=8040, stack(0x000000ee16700000,0x000000ee16800000)]
  0x000002a145d371c0 JavaThread "Cache worker for cache directory md-rule (C:\Users\Asus\.gradle\caches\8.2\md-rule)" [_thread_blocked, id=20692, stack(0x000000ee16800000,0x000000ee16900000)]
  0x000002a145d36cf0 JavaThread "Cache worker for file content cache (C:\Users\Asus\.gradle\caches\8.2\fileContent)" [_thread_blocked, id=7640, stack(0x000000ee16900000,0x000000ee16a00000)]
  0x000002a145d38500 JavaThread "Cache worker for file hash cache (C:\Users\Asus\AndroidStudioProjects\MADApp\.gradle\8.2\fileHashes)" [_thread_blocked, id=25900, stack(0x000000ee16a00000,0x000000ee16b00000)]
  0x000002a145d37b60 JavaThread "Cache worker for cache directory md-supplier (C:\Users\Asus\.gradle\caches\8.2\md-supplier)" [_thread_blocked, id=27044, stack(0x000000ee16b00000,0x000000ee16c00000)]
  0x000002a145d389d0 JavaThread "Cache worker for execution history cache (C:\Users\Asus\.gradle\caches\8.2\executionHistory)" [_thread_blocked, id=8104, stack(0x000000ee16c00000,0x000000ee16d00000)]
  0x000002a145d31650 JavaThread "Cache worker for kotlin-dsl (C:\Users\Asus\.gradle\caches\8.2\kotlin-dsl)" [_thread_blocked, id=18684, stack(0x000000ee16e00000,0x000000ee16f00000)]
  0x000002a145d324c0 JavaThread "Cache worker for dependencies-accessors (C:\Users\Asus\AndroidStudioProjects\MADApp\.gradle\8.2\dependencies-accessors)" [_thread_blocked, id=30140, stack(0x000000ee16f00000,0x000000ee17000000)]
  0x000002a145d34670 JavaThread "Cache worker for Build Output Cleanup Cache (C:\Users\Asus\AndroidStudioProjects\MADApp\.gradle\buildOutputCleanup)" [_thread_blocked, id=1536, stack(0x000000ee17000000,0x000000ee17100000)]
  0x000002a145c5cd20 JavaThread "Unconstrained build operations" [_thread_blocked, id=30272, stack(0x000000ee17200000,0x000000ee17300000)]
  0x000002a145c5ab70 JavaThread "Unconstrained build operations Thread 2" [_thread_blocked, id=5712, stack(0x000000ee17300000,0x000000ee17400000)]
  0x000002a145c5a1d0 JavaThread "Unconstrained build operations Thread 3" [_thread_blocked, id=9092, stack(0x000000ee17400000,0x000000ee17500000)]
  0x000002a145c5c380 JavaThread "Unconstrained build operations Thread 4" [_thread_blocked, id=19260, stack(0x000000ee17500000,0x000000ee17600000)]
  0x000002a145c5e060 JavaThread "Unconstrained build operations Thread 5" [_thread_blocked, id=3212, stack(0x000000ee17600000,0x000000ee17700000)]
  0x000002a145c5d1f0 JavaThread "Unconstrained build operations Thread 6" [_thread_blocked, id=27312, stack(0x000000ee17700000,0x000000ee17800000)]
  0x000002a145c5b040 JavaThread "Unconstrained build operations Thread 7" [_thread_blocked, id=11512, stack(0x000000ee17800000,0x000000ee17900000)]
  0x000002a145c5d6c0 JavaThread "Unconstrained build operations Thread 8" [_thread_blocked, id=14736, stack(0x000000ee17900000,0x000000ee17a00000)]
  0x000002a145c59360 JavaThread "Unconstrained build operations Thread 9" [_thread_blocked, id=16532, stack(0x000000ee17a00000,0x000000ee17b00000)]
  0x000002a145c5a6a0 JavaThread "Unconstrained build operations Thread 10" [_thread_blocked, id=23284, stack(0x000000ee17b00000,0x000000ee17c00000)]
  0x000002a145c589c0 JavaThread "Unconstrained build operations Thread 11" [_thread_blocked, id=24876, stack(0x000000ee17c00000,0x000000ee17d00000)]
  0x000002a145c5f870 JavaThread "Unconstrained build operations Thread 12" [_thread_blocked, id=17176, stack(0x000000ee17d00000,0x000000ee17e00000)]
  0x000002a145c5b510 JavaThread "Unconstrained build operations Thread 13" [_thread_blocked, id=29500, stack(0x000000ee17e00000,0x000000ee17f00000)]
  0x000002a145c5ea00 JavaThread "Unconstrained build operations Thread 14" [_thread_blocked, id=21192, stack(0x000000ee17f00000,0x000000ee18000000)]
  0x000002a145c5beb0 JavaThread "Unconstrained build operations Thread 15" [_thread_blocked, id=22628, stack(0x000000ee18000000,0x000000ee18100000)]
  0x000002a141e07df0 JavaThread "C1 CompilerThread1" daemon [_thread_blocked, id=14244, stack(0x000000ee13d00000,0x000000ee13e00000)]
  0x000002a142208030 JavaThread "C1 CompilerThread2" daemon [_thread_blocked, id=6728, stack(0x000000ee16d00000,0x000000ee16e00000)]

Other Threads:
=>0x000002a141815520 VMThread "VM Thread" [stack: 0x000000ee12c00000,0x000000ee12d00000] [id=14272]
  0x000002a141a8f140 WatcherThread [stack: 0x000000ee13800000,0x000000ee13900000] [id=29484]
  0x000002a12663f7c0 GCTaskThread "GC Thread#0" [stack: 0x000000ee12700000,0x000000ee12800000] [id=12144]
  0x000002a1424de170 GCTaskThread "GC Thread#1" [stack: 0x000000ee13a00000,0x000000ee13b00000] [id=18780]
  0x000002a141d5e980 GCTaskThread "GC Thread#2" [stack: 0x000000ee13b00000,0x000000ee13c00000] [id=29080]
  0x000002a1418ec460 GCTaskThread "GC Thread#3" [stack: 0x000000ee13c00000,0x000000ee13d00000] [id=11352]
  0x000002a14341a020 GCTaskThread "GC Thread#4" [stack: 0x000000ee13900000,0x000000ee13a00000] [id=1416]
  0x000002a142230810 GCTaskThread "GC Thread#5" [stack: 0x000000ee14800000,0x000000ee14900000] [id=27568]
  0x000002a143decb70 GCTaskThread "GC Thread#6" [stack: 0x000000ee14900000,0x000000ee14a00000] [id=20476]
  0x000002a143b2d7b0 GCTaskThread "GC Thread#7" [stack: 0x000000ee14a00000,0x000000ee14b00000] [id=24164]
  0x000002a143a3ec10 GCTaskThread "GC Thread#8" [stack: 0x000000ee14b00000,0x000000ee14c00000] [id=13884]
  0x000002a144218560 GCTaskThread "GC Thread#9" [stack: 0x000000ee14c00000,0x000000ee14d00000] [id=1760]
  0x000002a14230cc10 GCTaskThread "GC Thread#10" [stack: 0x000000ee14d00000,0x000000ee14e00000] [id=5876]
  0x000002a14230c400 GCTaskThread "GC Thread#11" [stack: 0x000000ee14e00000,0x000000ee14f00000] [id=21588]
  0x000002a14230c960 GCTaskThread "GC Thread#12" [stack: 0x000000ee14f00000,0x000000ee15000000] [id=29840]
  0x000002a1266507d0 ConcurrentGCThread "G1 Main Marker" [stack: 0x000000ee12800000,0x000000ee12900000] [id=12812]
  0x000002a126651980 ConcurrentGCThread "G1 Conc#0" [stack: 0x000000ee12900000,0x000000ee12a00000] [id=15896]
  0x000002a14230c150 ConcurrentGCThread "G1 Conc#1" [stack: 0x000000ee15000000,0x000000ee15100000] [id=19412]
  0x000002a14230c6b0 ConcurrentGCThread "G1 Conc#2" [stack: 0x000000ee15100000,0x000000ee15200000] [id=26140]
  0x000002a140715c70 ConcurrentGCThread "G1 Refine#0" [stack: 0x000000ee12a00000,0x000000ee12b00000] [id=22612]
  0x000002a143d62950 ConcurrentGCThread "G1 Refine#1" [stack: 0x000000ee18300000,0x000000ee18400000] [id=8496]
  0x000002a143d62c30 ConcurrentGCThread "G1 Refine#2" [stack: 0x000000ee18400000,0x000000ee18500000] [id=5956]
  0x000002a143d62f10 ConcurrentGCThread "G1 Refine#3" [stack: 0x000000ee18500000,0x000000ee18600000] [id=25852]
  0x000002a143d631f0 ConcurrentGCThread "G1 Refine#4" [stack: 0x000000ee18600000,0x000000ee18700000] [id=15976]
  0x000002a12669e450 ConcurrentGCThread "G1 Service" [stack: 0x000000ee12b00000,0x000000ee12c00000] [id=22312]

Threads with active compile tasks:
C2 CompilerThread0    54781 8033       4       jdk.internal.jrtfs.JrtPath::getFileName (78 bytes)
C1 CompilerThread0    54782 8050  s!   3       jdk.internal.jrtfs.JrtDirectoryStream::iterator (76 bytes)
C1 CompilerThread1    54782 8051       3       jdk.internal.jrtfs.JrtFileSystem::iteratorOf (98 bytes)
C1 CompilerThread2    54782 8052       3       jdk.internal.jimage.ImageReader$Node::resolveLink (2 bytes)

VM state: at safepoint (normal execution)

VM Mutex/Monitor currently owned by a thread:  ([mutex/lock_event])
[0x000002a1265df090] Threads_lock - owner thread: 0x000002a141815520
[0x000002a1265dd8f0] Heap_lock - owner thread: 0x000002a1433d1300

Heap address: 0x0000000080000000, size: 2048 MB, Compressed Oops mode: 32-bit

CDS archive(s) not mapped
Compressed class space mapped at: 0x0000000100000000-0x0000000140000000, reserved size: 1073741824
Narrow klass base: 0x0000000000000000, Narrow klass shift: 3, Narrow klass range: 0x140000000

GC Precious Log:
 CPUs: 16 total, 16 available
 Memory: 7597M
 Large Page Support: Disabled
 NUMA Support: Disabled
 Compressed Oops: Enabled (32-bit)
 Heap Region Size: 1M
 Heap Min Capacity: 8M
 Heap Initial Capacity: 120M
 Heap Max Capacity: 2G
 Pre-touch: Disabled
 Parallel Workers: 13
 Concurrent Workers: 3
 Concurrent Refinement Workers: 13
 Periodic GC: Disabled

Heap:
 garbage-first heap   total 167936K, used 110524K [0x0000000080000000, 0x0000000100000000)
  region size 1024K, 5 young (5120K), 5 survivors (5120K)
 Metaspace       used 83093K, committed 83840K, reserved 1122304K
  class space    used 11465K, committed 11776K, reserved 1048576K

Heap Regions: E=young(eden), S=young(survivor), O=old, HS=humongous(starts), HC=humongous(continues), CS=collection set, F=free, OA=open archive, CA=closed archive, TAMS=top-at-mark-start (previous, next)
|   0|0x0000000080000000, 0x0000000080100000, 0x0000000080100000|100%|HS|  |TAMS 0x0000000080100000, 0x0000000080100000| Complete 
|   1|0x0000000080100000, 0x0000000080200000, 0x0000000080200000|100%|HC|  |TAMS 0x0000000080200000, 0x0000000080200000| Complete 
|   2|0x0000000080200000, 0x0000000080300000, 0x0000000080300000|100%|HC|  |TAMS 0x0000000080300000, 0x0000000080300000| Complete 
|   3|0x0000000080300000, 0x0000000080400000, 0x0000000080400000|100%|HC|  |TAMS 0x0000000080400000, 0x0000000080400000| Complete 
|   4|0x0000000080400000, 0x0000000080500000, 0x0000000080500000|100%| O|  |TAMS 0x0000000080500000, 0x0000000080500000| Untracked 
|   5|0x0000000080500000, 0x0000000080600000, 0x0000000080600000|100%| O|  |TAMS 0x0000000080600000, 0x0000000080600000| Untracked 
|   6|0x0000000080600000, 0x0000000080700000, 0x0000000080700000|100%| O|  |TAMS 0x0000000080700000, 0x0000000080700000| Untracked 
|   7|0x0000000080700000, 0x0000000080800000, 0x0000000080800000|100%| O|  |TAMS 0x0000000080800000, 0x0000000080800000| Untracked 
|   8|0x0000000080800000, 0x0000000080900000, 0x0000000080900000|100%| O|  |TAMS 0x0000000080900000, 0x0000000080900000| Untracked 
|   9|0x0000000080900000, 0x0000000080a00000, 0x0000000080a00000|100%| O|  |TAMS 0x0000000080a00000, 0x0000000080a00000| Untracked 
|  10|0x0000000080a00000, 0x0000000080b00000, 0x0000000080b00000|100%| O|  |TAMS 0x0000000080b00000, 0x0000000080b00000| Untracked 
|  11|0x0000000080b00000, 0x0000000080c00000, 0x0000000080c00000|100%| O|  |TAMS 0x0000000080b00000, 0x0000000080c00000| Untracked 
|  12|0x0000000080c00000, 0x0000000080d00000, 0x0000000080d00000|100%| O|  |TAMS 0x0000000080d00000, 0x0000000080d00000| Untracked 
|  13|0x0000000080d00000, 0x0000000080e00000, 0x0000000080e00000|100%| O|  |TAMS 0x0000000080e00000, 0x0000000080e00000| Untracked 
|  14|0x0000000080e00000, 0x0000000080f00000, 0x0000000080f00000|100%| O|  |TAMS 0x0000000080f00000, 0x0000000080f00000| Untracked 
|  15|0x0000000080f00000, 0x0000000081000000, 0x0000000081000000|100%| O|  |TAMS 0x0000000081000000, 0x0000000081000000| Untracked 
|  16|0x0000000081000000, 0x0000000081100000, 0x0000000081100000|100%| O|  |TAMS 0x0000000081100000, 0x0000000081100000| Untracked 
|  17|0x0000000081100000, 0x0000000081200000, 0x0000000081200000|100%| O|  |TAMS 0x0000000081200000, 0x0000000081200000| Untracked 
|  18|0x0000000081200000, 0x0000000081300000, 0x0000000081300000|100%| O|  |TAMS 0x0000000081300000, 0x0000000081300000| Untracked 
|  19|0x0000000081300000, 0x0000000081400000, 0x0000000081400000|100%|HS|  |TAMS 0x0000000081400000, 0x0000000081400000| Complete 
|  20|0x0000000081400000, 0x0000000081500000, 0x0000000081500000|100%|HC|  |TAMS 0x0000000081500000, 0x0000000081500000| Complete 
|  21|0x0000000081500000, 0x0000000081600000, 0x0000000081600000|100%|HS|  |TAMS 0x0000000081600000, 0x0000000081600000| Complete 
|  22|0x0000000081600000, 0x0000000081700000, 0x0000000081700000|100%|HC|  |TAMS 0x0000000081700000, 0x0000000081700000| Complete 
|  23|0x0000000081700000, 0x0000000081800000, 0x0000000081800000|100%|HC|  |TAMS 0x0000000081800000, 0x0000000081800000| Complete 
|  24|0x0000000081800000, 0x0000000081900000, 0x0000000081900000|100%|HS|  |TAMS 0x0000000081900000, 0x0000000081900000| Complete 
|  25|0x0000000081900000, 0x0000000081a00000, 0x0000000081a00000|100%|HC|  |TAMS 0x0000000081a00000, 0x0000000081a00000| Complete 
|  26|0x0000000081a00000, 0x0000000081b00000, 0x0000000081b00000|100%|HC|  |TAMS 0x0000000081b00000, 0x0000000081b00000| Complete 
|  27|0x0000000081b00000, 0x0000000081c00000, 0x0000000081c00000|100%| O|  |TAMS 0x0000000081c00000, 0x0000000081c00000| Untracked 
|  28|0x0000000081c00000, 0x0000000081d00000, 0x0000000081d00000|100%| O|  |TAMS 0x0000000081d00000, 0x0000000081d00000| Untracked 
|  29|0x0000000081d00000, 0x0000000081e00000, 0x0000000081e00000|100%| O|  |TAMS 0x0000000081e00000, 0x0000000081e00000| Untracked 
|  30|0x0000000081e00000, 0x0000000081f00000, 0x0000000081f00000|100%|HS|  |TAMS 0x0000000081f00000, 0x0000000081f00000| Complete 
|  31|0x0000000081f00000, 0x0000000082000000, 0x0000000082000000|100%|HC|  |TAMS 0x0000000082000000, 0x0000000082000000| Complete 
|  32|0x0000000082000000, 0x0000000082100000, 0x0000000082100000|100%|HC|  |TAMS 0x0000000082100000, 0x0000000082100000| Complete 
|  33|0x0000000082100000, 0x0000000082200000, 0x0000000082200000|100%|HC|  |TAMS 0x0000000082200000, 0x0000000082200000| Complete 
|  34|0x0000000082200000, 0x0000000082300000, 0x0000000082300000|100%|HC|  |TAMS 0x0000000082300000, 0x0000000082300000| Complete 
|  35|0x0000000082300000, 0x0000000082400000, 0x0000000082400000|100%|HC|  |TAMS 0x0000000082400000, 0x0000000082400000| Complete 
|  36|0x0000000082400000, 0x0000000082500000, 0x0000000082500000|100%|HC|  |TAMS 0x0000000082500000, 0x0000000082500000| Complete 
|  37|0x0000000082500000, 0x0000000082600000, 0x0000000082600000|100%|HC|  |TAMS 0x0000000082600000, 0x0000000082600000| Complete 
|  38|0x0000000082600000, 0x0000000082700000, 0x0000000082700000|100%|HC|  |TAMS 0x0000000082700000, 0x0000000082700000| Complete 
|  39|0x0000000082700000, 0x0000000082800000, 0x0000000082800000|100%|HC|  |TAMS 0x0000000082800000, 0x0000000082800000| Complete 
|  40|0x0000000082800000, 0x0000000082900000, 0x0000000082900000|100%|HC|  |TAMS 0x0000000082900000, 0x0000000082900000| Complete 
|  41|0x0000000082900000, 0x0000000082a00000, 0x0000000082a00000|100%|HC|  |TAMS 0x0000000082a00000, 0x0000000082a00000| Complete 
|  42|0x0000000082a00000, 0x0000000082b00000, 0x0000000082b00000|100%| O|  |TAMS 0x0000000082b00000, 0x0000000082b00000| Untracked 
|  43|0x0000000082b00000, 0x0000000082c00000, 0x0000000082c00000|100%| O|  |TAMS 0x0000000082c00000, 0x0000000082c00000| Untracked 
|  44|0x0000000082c00000, 0x0000000082d00000, 0x0000000082d00000|100%| O|  |TAMS 0x0000000082d00000, 0x0000000082d00000| Untracked 
|  45|0x0000000082d00000, 0x0000000082e00000, 0x0000000082e00000|100%| O|  |TAMS 0x0000000082e00000, 0x0000000082e00000| Untracked 
|  46|0x0000000082e00000, 0x0000000082f00000, 0x0000000082f00000|100%|HS|  |TAMS 0x0000000082f00000, 0x0000000082f00000| Complete 
|  47|0x0000000082f00000, 0x0000000083000000, 0x0000000083000000|100%|HC|  |TAMS 0x0000000083000000, 0x0000000083000000| Complete 
|  48|0x0000000083000000, 0x0000000083100000, 0x0000000083100000|100%| O|  |TAMS 0x0000000083100000, 0x0000000083100000| Untracked 
|  49|0x0000000083100000, 0x0000000083200000, 0x0000000083200000|100%| O|  |TAMS 0x0000000083100000, 0x0000000083100000| Untracked 
|  50|0x0000000083200000, 0x0000000083300000, 0x0000000083300000|100%| O|  |TAMS 0x0000000083300000, 0x0000000083300000| Untracked 
|  51|0x0000000083300000, 0x0000000083400000, 0x0000000083400000|100%| O|  |TAMS 0x0000000083400000, 0x0000000083400000| Untracked 
|  52|0x0000000083400000, 0x0000000083500000, 0x0000000083500000|100%| O|  |TAMS 0x0000000083500000, 0x0000000083500000| Untracked 
|  53|0x0000000083500000, 0x0000000083600000, 0x0000000083600000|100%| O|  |TAMS 0x0000000083600000, 0x0000000083600000| Untracked 
|  54|0x0000000083600000, 0x0000000083700000, 0x0000000083700000|100%| O|  |TAMS 0x0000000083700000, 0x0000000083700000| Untracked 
|  55|0x0000000083700000, 0x0000000083800000, 0x0000000083800000|100%|HS|  |TAMS 0x0000000083800000, 0x0000000083800000| Complete 
|  56|0x0000000083800000, 0x0000000083900000, 0x0000000083900000|100%|HC|  |TAMS 0x0000000083900000, 0x0000000083900000| Complete 
|  57|0x0000000083900000, 0x0000000083a00000, 0x0000000083a00000|100%|HC|  |TAMS 0x0000000083a00000, 0x0000000083a00000| Complete 
|  58|0x0000000083a00000, 0x0000000083b00000, 0x0000000083b00000|100%| O|  |TAMS 0x0000000083b00000, 0x0000000083b00000| Untracked 
|  59|0x0000000083b00000, 0x0000000083c00000, 0x0000000083c00000|100%| O|  |TAMS 0x0000000083c00000, 0x0000000083c00000| Untracked 
|  60|0x0000000083c00000, 0x0000000083d00000, 0x0000000083d00000|100%| O|  |TAMS 0x0000000083d00000, 0x0000000083d00000| Untracked 
|  61|0x0000000083d00000, 0x0000000083e00000, 0x0000000083e00000|100%| O|  |TAMS 0x0000000083e00000, 0x0000000083e00000| Untracked 
|  62|0x0000000083e00000, 0x0000000083f00000, 0x0000000083f00000|100%| O|  |TAMS 0x0000000083f00000, 0x0000000083f00000| Untracked 
|  63|0x0000000083f00000, 0x0000000084000000, 0x0000000084000000|100%| O|  |TAMS 0x0000000084000000, 0x0000000084000000| Untracked 
|  64|0x0000000084000000, 0x0000000084100000, 0x0000000084100000|100%| O|  |TAMS 0x0000000084100000, 0x0000000084100000| Untracked 
|  65|0x0000000084100000, 0x0000000084200000, 0x0000000084200000|100%| O|  |TAMS 0x0000000084200000, 0x0000000084200000| Untracked 
|  66|0x0000000084200000, 0x0000000084300000, 0x0000000084300000|100%| O|  |TAMS 0x0000000084300000, 0x0000000084300000| Untracked 
|  67|0x0000000084300000, 0x0000000084400000, 0x0000000084400000|100%| O|  |TAMS 0x0000000084400000, 0x0000000084400000| Untracked 
|  68|0x0000000084400000, 0x0000000084500000, 0x0000000084500000|100%| O|  |TAMS 0x0000000084500000, 0x0000000084500000| Untracked 
|  69|0x0000000084500000, 0x0000000084600000, 0x0000000084600000|100%|HS|  |TAMS 0x0000000084600000, 0x0000000084600000| Complete 
|  70|0x0000000084600000, 0x0000000084700000, 0x0000000084700000|100%|HS|  |TAMS 0x0000000084700000, 0x0000000084700000| Complete 
|  71|0x0000000084700000, 0x0000000084800000, 0x0000000084800000|100%|HS|  |TAMS 0x0000000084800000, 0x0000000084800000| Complete 
|  72|0x0000000084800000, 0x0000000084900000, 0x0000000084900000|100%| O|  |TAMS 0x0000000084900000, 0x0000000084900000| Untracked 
|  73|0x0000000084900000, 0x0000000084a00000, 0x0000000084a00000|100%| O|  |TAMS 0x0000000084a00000, 0x0000000084a00000| Untracked 
|  74|0x0000000084a00000, 0x0000000084b00000, 0x0000000084b00000|100%| O|  |TAMS 0x0000000084b00000, 0x0000000084b00000| Untracked 
|  75|0x0000000084b00000, 0x0000000084c00000, 0x0000000084c00000|100%| O|  |TAMS 0x0000000084c00000, 0x0000000084c00000| Untracked 
|  76|0x0000000084c00000, 0x0000000084d00000, 0x0000000084d00000|100%| O|  |TAMS 0x0000000084d00000, 0x0000000084d00000| Untracked 
|  77|0x0000000084d00000, 0x0000000084e00000, 0x0000000084e00000|100%| O|  |TAMS 0x0000000084e00000, 0x0000000084e00000| Untracked 
|  78|0x0000000084e00000, 0x0000000084f00000, 0x0000000084f00000|100%| O|  |TAMS 0x0000000084f00000, 0x0000000084f00000| Untracked 
|  79|0x0000000084f00000, 0x0000000085000000, 0x0000000085000000|100%| O|  |TAMS 0x0000000085000000, 0x0000000085000000| Untracked 
|  80|0x0000000085000000, 0x0000000085100000, 0x0000000085100000|100%| O|  |TAMS 0x0000000085100000, 0x0000000085100000| Untracked 
|  81|0x0000000085100000, 0x0000000085200000, 0x0000000085200000|100%| O|  |TAMS 0x0000000085200000, 0x0000000085200000| Untracked 
|  82|0x0000000085200000, 0x0000000085300000, 0x0000000085300000|100%| O|  |TAMS 0x0000000085300000, 0x0000000085300000| Untracked 
|  83|0x0000000085300000, 0x0000000085400000, 0x0000000085400000|100%| O|  |TAMS 0x0000000085400000, 0x0000000085400000| Untracked 
|  84|0x0000000085400000, 0x0000000085500000, 0x0000000085500000|100%|HS|  |TAMS 0x0000000085500000, 0x0000000085500000| Complete 
|  85|0x0000000085500000, 0x0000000085600000, 0x0000000085600000|100%|HC|  |TAMS 0x0000000085600000, 0x0000000085600000| Complete 
|  86|0x0000000085600000, 0x0000000085700000, 0x0000000085700000|100%|HC|  |TAMS 0x0000000085700000, 0x0000000085700000| Complete 
|  87|0x0000000085700000, 0x0000000085800000, 0x0000000085800000|100%|HC|  |TAMS 0x0000000085800000, 0x0000000085800000| Complete 
|  88|0x0000000085800000, 0x0000000085900000, 0x0000000085900000|100%| O|  |TAMS 0x0000000085900000, 0x0000000085900000| Untracked 
|  89|0x0000000085900000, 0x0000000085a00000, 0x0000000085a00000|100%| O|  |TAMS 0x0000000085917a00, 0x0000000085a00000| Untracked 
|  90|0x0000000085a00000, 0x0000000085b00000, 0x0000000085b00000|100%| O|  |TAMS 0x0000000085a00000, 0x0000000085b00000| Untracked 
|  91|0x0000000085b00000, 0x0000000085c00000, 0x0000000085c00000|100%| O|  |TAMS 0x0000000085b00000, 0x0000000085c00000| Untracked 
|  92|0x0000000085c00000, 0x0000000085d00000, 0x0000000085d00000|100%| O|  |TAMS 0x0000000085c00000, 0x0000000085d00000| Untracked 
|  93|0x0000000085d00000, 0x0000000085e00000, 0x0000000085e00000|100%| O|  |TAMS 0x0000000085d00000, 0x0000000085e00000| Untracked 
|  94|0x0000000085e00000, 0x0000000085f00000, 0x0000000085f00000|100%| O|  |TAMS 0x0000000085e00000, 0x0000000085ea9800| Untracked 
|  95|0x0000000085f00000, 0x0000000086000000, 0x0000000086000000|100%| O|  |TAMS 0x0000000085f00000, 0x0000000085f00000| Untracked 
|  96|0x0000000086000000, 0x0000000086100000, 0x0000000086100000|100%| O|  |TAMS 0x0000000086000000, 0x0000000086100000| Untracked 
|  97|0x0000000086100000, 0x0000000086200000, 0x0000000086200000|100%| O|  |TAMS 0x0000000086100000, 0x0000000086200000| Untracked 
|  98|0x0000000086200000, 0x0000000086300000, 0x0000000086300000|100%| O|  |TAMS 0x0000000086200000, 0x0000000086300000| Untracked 
|  99|0x0000000086300000, 0x0000000086400000, 0x0000000086400000|100%| O|  |TAMS 0x0000000086300000, 0x0000000086400000| Untracked 
| 100|0x0000000086400000, 0x0000000086500000, 0x0000000086500000|100%| O|  |TAMS 0x0000000086400000, 0x0000000086500000| Untracked 
| 101|0x0000000086500000, 0x0000000086600000, 0x0000000086600000|100%| O|  |TAMS 0x0000000086500000, 0x0000000086500000| Untracked 
| 102|0x0000000086600000, 0x00000000866ef000, 0x0000000086700000| 93%| O|  |TAMS 0x0000000086600000, 0x0000000086600000| Untracked 
| 103|0x0000000086700000, 0x0000000086700000, 0x0000000086800000|  0%| F|  |TAMS 0x0000000086700000, 0x0000000086700000| Untracked 
| 104|0x0000000086800000, 0x0000000086800000, 0x0000000086900000|  0%| F|  |TAMS 0x0000000086800000, 0x0000000086800000| Untracked 
| 105|0x0000000086900000, 0x0000000086900000, 0x0000000086a00000|  0%| F|  |TAMS 0x0000000086900000, 0x0000000086900000| Untracked 
| 106|0x0000000086a00000, 0x0000000086a00000, 0x0000000086b00000|  0%| F|  |TAMS 0x0000000086a00000, 0x0000000086a00000| Untracked 
| 107|0x0000000086b00000, 0x0000000086b00000, 0x0000000086c00000|  0%| F|  |TAMS 0x0000000086b00000, 0x0000000086b00000| Untracked 
| 108|0x0000000086c00000, 0x0000000086c00000, 0x0000000086d00000|  0%| F|  |TAMS 0x0000000086c00000, 0x0000000086c00000| Untracked 
| 109|0x0000000086d00000, 0x0000000086d00000, 0x0000000086e00000|  0%| F|  |TAMS 0x0000000086d00000, 0x0000000086d00000| Untracked 
| 110|0x0000000086e00000, 0x0000000086e00000, 0x0000000086f00000|  0%| F|  |TAMS 0x0000000086e00000, 0x0000000086e00000| Untracked 
| 111|0x0000000086f00000, 0x0000000086f00000, 0x0000000087000000|  0%| F|  |TAMS 0x0000000086f00000, 0x0000000086f00000| Untracked 
| 112|0x0000000087000000, 0x0000000087000000, 0x0000000087100000|  0%| F|  |TAMS 0x0000000087000000, 0x0000000087000000| Untracked 
| 113|0x0000000087100000, 0x0000000087100000, 0x0000000087200000|  0%| F|  |TAMS 0x0000000087100000, 0x0000000087100000| Untracked 
| 114|0x0000000087200000, 0x0000000087200000, 0x0000000087300000|  0%| F|  |TAMS 0x0000000087200000, 0x0000000087200000| Untracked 
| 115|0x0000000087300000, 0x0000000087300000, 0x0000000087400000|  0%| F|  |TAMS 0x0000000087300000, 0x0000000087300000| Untracked 
| 116|0x0000000087400000, 0x0000000087400000, 0x0000000087500000|  0%| F|  |TAMS 0x0000000087400000, 0x0000000087400000| Untracked 
| 117|0x0000000087500000, 0x0000000087500000, 0x0000000087600000|  0%| F|  |TAMS 0x0000000087500000, 0x0000000087500000| Untracked 
| 118|0x0000000087600000, 0x0000000087600000, 0x0000000087700000|  0%| F|  |TAMS 0x0000000087600000, 0x0000000087600000| Untracked 
| 119|0x0000000087700000, 0x0000000087700000, 0x0000000087800000|  0%| F|  |TAMS 0x0000000087700000, 0x0000000087700000| Untracked 
| 120|0x0000000087800000, 0x0000000087800000, 0x0000000087900000|  0%| F|  |TAMS 0x0000000087800000, 0x0000000087800000| Untracked 
| 121|0x0000000087900000, 0x0000000087900000, 0x0000000087a00000|  0%| F|  |TAMS 0x0000000087900000, 0x0000000087900000| Untracked 
| 122|0x0000000087a00000, 0x0000000087a00000, 0x0000000087b00000|  0%| F|  |TAMS 0x0000000087a00000, 0x0000000087a00000| Untracked 
| 123|0x0000000087b00000, 0x0000000087b00000, 0x0000000087c00000|  0%| F|  |TAMS 0x0000000087b00000, 0x0000000087b00000| Untracked 
| 124|0x0000000087c00000, 0x0000000087c00000, 0x0000000087d00000|  0%| F|  |TAMS 0x0000000087c00000, 0x0000000087c00000| Untracked 
| 125|0x0000000087d00000, 0x0000000087d00000, 0x0000000087e00000|  0%| F|  |TAMS 0x0000000087d00000, 0x0000000087d00000| Untracked 
| 126|0x0000000087e00000, 0x0000000087f00000, 0x0000000087f00000|100%| S|CS|TAMS 0x0000000087e00000, 0x0000000087e00000| Complete 
| 127|0x0000000087f00000, 0x0000000088000000, 0x0000000088000000|100%| S|CS|TAMS 0x0000000087f00000, 0x0000000087f00000| Complete 
| 128|0x0000000088000000, 0x0000000088100000, 0x0000000088100000|100%| S|CS|TAMS 0x0000000088000000, 0x0000000088000000| Complete 
| 129|0x0000000088100000, 0x0000000088200000, 0x0000000088200000|100%| S|CS|TAMS 0x0000000088100000, 0x0000000088100000| Complete 
| 130|0x0000000088200000, 0x0000000088300000, 0x0000000088300000|100%| S|CS|TAMS 0x0000000088200000, 0x0000000088200000| Complete 
| 131|0x0000000088300000, 0x0000000088300000, 0x0000000088400000|  0%| F|  |TAMS 0x0000000088300000, 0x0000000088300000| Untracked 
| 132|0x0000000088400000, 0x0000000088400000, 0x0000000088500000|  0%| F|  |TAMS 0x0000000088400000, 0x0000000088400000| Untracked 
| 133|0x0000000088500000, 0x0000000088500000, 0x0000000088600000|  0%| F|  |TAMS 0x0000000088500000, 0x0000000088500000| Untracked 
| 134|0x0000000088600000, 0x0000000088600000, 0x0000000088700000|  0%| F|  |TAMS 0x0000000088600000, 0x0000000088600000| Untracked 
| 135|0x0000000088700000, 0x0000000088700000, 0x0000000088800000|  0%| F|  |TAMS 0x0000000088700000, 0x0000000088700000| Untracked 
| 136|0x0000000088800000, 0x0000000088800000, 0x0000000088900000|  0%| F|  |TAMS 0x0000000088800000, 0x0000000088800000| Untracked 
| 137|0x0000000088900000, 0x0000000088900000, 0x0000000088a00000|  0%| F|  |TAMS 0x0000000088900000, 0x0000000088900000| Untracked 
| 138|0x0000000088a00000, 0x0000000088a00000, 0x0000000088b00000|  0%| F|  |TAMS 0x0000000088a00000, 0x0000000088a00000| Untracked 
| 139|0x0000000088b00000, 0x0000000088b00000, 0x0000000088c00000|  0%| F|  |TAMS 0x0000000088b00000, 0x0000000088b00000| Untracked 
| 140|0x0000000088c00000, 0x0000000088c00000, 0x0000000088d00000|  0%| F|  |TAMS 0x0000000088c00000, 0x0000000088c00000| Untracked 
| 141|0x0000000088d00000, 0x0000000088d00000, 0x0000000088e00000|  0%| F|  |TAMS 0x0000000088d00000, 0x0000000088d00000| Untracked 
| 142|0x0000000088e00000, 0x0000000088e00000, 0x0000000088f00000|  0%| F|  |TAMS 0x0000000088e00000, 0x0000000088e00000| Untracked 
| 143|0x0000000088f00000, 0x0000000088f00000, 0x0000000089000000|  0%| F|  |TAMS 0x0000000088f00000, 0x0000000088f00000| Untracked 
| 144|0x0000000089000000, 0x0000000089000000, 0x0000000089100000|  0%| F|  |TAMS 0x0000000089000000, 0x0000000089000000| Untracked 
| 145|0x0000000089100000, 0x0000000089100000, 0x0000000089200000|  0%| F|  |TAMS 0x0000000089100000, 0x0000000089100000| Untracked 
| 146|0x0000000089200000, 0x0000000089200000, 0x0000000089300000|  0%| F|  |TAMS 0x0000000089200000, 0x0000000089200000| Untracked 
| 147|0x0000000089300000, 0x0000000089300000, 0x0000000089400000|  0%| F|  |TAMS 0x0000000089300000, 0x0000000089300000| Untracked 
| 148|0x0000000089400000, 0x0000000089400000, 0x0000000089500000|  0%| F|  |TAMS 0x0000000089400000, 0x0000000089400000| Untracked 
| 149|0x0000000089500000, 0x0000000089500000, 0x0000000089600000|  0%| F|  |TAMS 0x0000000089500000, 0x0000000089500000| Untracked 
| 150|0x0000000089600000, 0x0000000089600000, 0x0000000089700000|  0%| F|  |TAMS 0x0000000089600000, 0x0000000089600000| Untracked 
| 151|0x0000000089700000, 0x0000000089700000, 0x0000000089800000|  0%| F|  |TAMS 0x0000000089700000, 0x0000000089700000| Untracked 
| 152|0x0000000089800000, 0x0000000089800000, 0x0000000089900000|  0%| F|  |TAMS 0x0000000089800000, 0x0000000089800000| Untracked 
| 153|0x0000000089900000, 0x0000000089900000, 0x0000000089a00000|  0%| F|  |TAMS 0x0000000089900000, 0x0000000089900000| Untracked 
| 154|0x0000000089a00000, 0x0000000089a00000, 0x0000000089b00000|  0%| F|  |TAMS 0x0000000089a00000, 0x0000000089a00000| Untracked 
| 155|0x0000000089b00000, 0x0000000089b00000, 0x0000000089c00000|  0%| F|  |TAMS 0x0000000089b00000, 0x0000000089b00000| Untracked 
| 156|0x0000000089c00000, 0x0000000089c00000, 0x0000000089d00000|  0%| F|  |TAMS 0x0000000089c00000, 0x0000000089c00000| Untracked 
| 157|0x0000000089d00000, 0x0000000089d00000, 0x0000000089e00000|  0%| F|  |TAMS 0x0000000089d00000, 0x0000000089d00000| Untracked 
| 158|0x0000000089e00000, 0x0000000089e00000, 0x0000000089f00000|  0%| F|  |TAMS 0x0000000089e00000, 0x0000000089e00000| Untracked 
| 159|0x0000000089f00000, 0x0000000089f00000, 0x000000008a000000|  0%| F|  |TAMS 0x0000000089f00000, 0x0000000089f00000| Untracked 
| 160|0x000000008a000000, 0x000000008a000000, 0x000000008a100000|  0%| F|  |TAMS 0x000000008a000000, 0x000000008a000000| Untracked 
| 161|0x000000008a100000, 0x000000008a100000, 0x000000008a200000|  0%| F|  |TAMS 0x000000008a100000, 0x000000008a100000| Untracked 
| 162|0x000000008a200000, 0x000000008a200000, 0x000000008a300000|  0%| F|  |TAMS 0x000000008a200000, 0x000000008a200000| Untracked 
| 163|0x000000008a300000, 0x000000008a300000, 0x000000008a400000|  0%| F|  |TAMS 0x000000008a300000, 0x000000008a300000| Untracked 

Card table byte_map: [0x000002a139720000,0x000002a139b20000] _byte_map_base: 0x000002a139320000

Marking Bits (Prev, Next): (CMBitMap*) 0x000002a12663fe10, (CMBitMap*) 0x000002a12663fdd0
 Prev Bits: [0x000002a13bf20000, 0x000002a13df20000)
 Next Bits: [0x000002a139f20000, 0x000002a13bf20000)

Polling page: 0x000002a124530000

Metaspace:

Usage:
  Non-class:     69.95 MB used.
      Class:     11.20 MB used.
       Both:     81.15 MB used.

Virtual space:
  Non-class space:       72.00 MB reserved,      70.38 MB ( 98%) committed,  9 nodes.
      Class space:        1.00 GB reserved,      11.50 MB (  1%) committed,  1 nodes.
             Both:        1.07 GB reserved,      81.88 MB (  7%) committed. 

Chunk freelists:
   Non-Class:  816.00 KB
       Class:  464.00 KB
        Both:  1.25 MB

MaxMetaspaceSize: unlimited
CompressedClassSpaceSize: 1.00 GB
Initial GC threshold: 21.00 MB
Current GC threshold: 135.62 MB
CDS: off
MetaspaceReclaimPolicy: balanced
 - commit_granule_bytes: 65536.
 - commit_granule_words: 8192.
 - virtual_space_node_default_size: 1048576.
 - enlarge_chunks_in_place: 1.
 - new_chunks_are_fully_committed: 0.
 - uncommit_free_chunks: 1.
 - use_allocation_guard: 0.
 - handle_deallocations: 1.


Internal statistics:

num_allocs_failed_limit: 3.
num_arena_births: 828.
num_arena_deaths: 0.
num_vsnodes_births: 10.
num_vsnodes_deaths: 0.
num_space_committed: 1309.
num_space_uncommitted: 0.
num_chunks_returned_to_freelist: 3.
num_chunks_taken_from_freelist: 3532.
num_chunk_merges: 3.
num_chunk_splits: 2443.
num_chunks_enlarged: 1772.
num_purges: 0.
num_inconsistent_stats: 0.

CodeHeap 'non-profiled nmethods': size=119168Kb used=3087Kb max_used=3208Kb free=116080Kb
 bounds [0x000002a131640000, 0x000002a131970000, 0x000002a138aa0000]
CodeHeap 'profiled nmethods': size=119104Kb used=14006Kb max_used=14388Kb free=105097Kb
 bounds [0x000002a129aa0000, 0x000002a12a8c0000, 0x000002a130ef0000]
CodeHeap 'non-nmethods': size=7488Kb used=3528Kb max_used=3550Kb free=3959Kb
 bounds [0x000002a130ef0000, 0x000002a131270000, 0x000002a131640000]
 total_blobs=7990 nmethods=7048 adapters=851
 compilation: enabled
              stopped_count=0, restarted_count=0
 full_count=0

Compilation events (20 events):
Event: 54.651 Thread 0x000002a14186a8e0 nmethod 8043 0x000002a129ab5a10 code [0x000002a129ab5ba0, 0x000002a129ab5c98]
Event: 54.652 Thread 0x000002a141866940 nmethod 8005 0x000002a131793490 code [0x000002a131793660, 0x000002a131793b38]
Event: 54.652 Thread 0x000002a141866940 8012       4       jdk.internal.jrtfs.JrtPath::<init> (31 bytes)
Event: 54.653 Thread 0x000002a14186a8e0 8044       3       java.util.stream.AbstractPipeline::spliterator (116 bytes)
Event: 54.653 Thread 0x000002a142208030 8045       3       kotlin.collections.CollectionsKt___CollectionsKt::toList (103 bytes)
Event: 54.654 Thread 0x000002a14186a8e0 nmethod 8044 0x000002a129d0be10 code [0x000002a129d0c080, 0x000002a129d0cb08]
Event: 54.654 Thread 0x000002a14186a8e0 8046       3       jdk.internal.jrtfs.JrtFileSystemProvider::newDirectoryStream (9 bytes)
Event: 54.654 Thread 0x000002a141e07df0 8047       3       jdk.internal.jrtfs.JrtPath::newDirectoryStream (10 bytes)
Event: 54.655 Thread 0x000002a141e07df0 nmethod 8047 0x000002a129bd6010 code [0x000002a129bd61c0, 0x000002a129bd6368]
Event: 54.655 Thread 0x000002a141e07df0 8048       3       jdk.internal.jrtfs.JrtDirectoryStream::<init> (39 bytes)
Event: 54.655 Thread 0x000002a142208030 nmethod 8045 0x000002a129aabf10 code [0x000002a129aac2c0, 0x000002a129aadb58]
Event: 54.655 Thread 0x000002a14186a8e0 nmethod 8046 0x000002a129d0b310 code [0x000002a129d0b520, 0x000002a129d0bbc8]
Event: 54.655 Thread 0x000002a142208030 8049       3       jdk.internal.jrtfs.JrtFileSystem::isDirectory (33 bytes)
Event: 54.655 Thread 0x000002a14186a8e0 8050  s!   3       jdk.internal.jrtfs.JrtDirectoryStream::iterator (76 bytes)
Event: 54.656 Thread 0x000002a141866940 nmethod 8012 0x000002a131792f90 code [0x000002a131793100, 0x000002a1317933b8]
Event: 54.656 Thread 0x000002a141e07df0 nmethod 8048 0x000002a129d0a910 code [0x000002a129d0ab00, 0x000002a129d0b0c8]
Event: 54.656 Thread 0x000002a141866940 8033       4       jdk.internal.jrtfs.JrtPath::getFileName (78 bytes)
Event: 54.656 Thread 0x000002a141e07df0 8051       3       jdk.internal.jrtfs.JrtFileSystem::iteratorOf (98 bytes)
Event: 54.656 Thread 0x000002a142208030 nmethod 8049 0x000002a129aab890 code [0x000002a129aaba40, 0x000002a129aabd78]
Event: 54.656 Thread 0x000002a142208030 8052       3       jdk.internal.jimage.ImageReader$Node::resolveLink (2 bytes)

GC Heap History (20 events):
Event: 33.763 GC heap after
{Heap after GC invocations=26 (full 0):
 garbage-first heap   total 147456K, used 70705K [0x0000000080000000, 0x0000000100000000)
  region size 1024K, 2 young (2048K), 2 survivors (2048K)
 Metaspace       used 56891K, committed 57472K, reserved 1105920K
  class space    used 7723K, committed 8000K, reserved 1048576K
}
Event: 36.500 GC heap before
{Heap before GC invocations=26 (full 0):
 garbage-first heap   total 147456K, used 114737K [0x0000000080000000, 0x0000000100000000)
  region size 1024K, 46 young (47104K), 2 survivors (2048K)
 Metaspace       used 64157K, committed 64768K, reserved 1105920K
  class space    used 8584K, committed 8896K, reserved 1048576K
}
Event: 36.509 GC heap after
{Heap after GC invocations=27 (full 0):
 garbage-first heap   total 147456K, used 75392K [0x0000000080000000, 0x0000000100000000)
  region size 1024K, 6 young (6144K), 6 survivors (6144K)
 Metaspace       used 64157K, committed 64768K, reserved 1105920K
  class space    used 8584K, committed 8896K, reserved 1048576K
}
Event: 51.202 GC heap before
{Heap before GC invocations=28 (full 0):
 garbage-first heap   total 147456K, used 120448K [0x0000000080000000, 0x0000000100000000)
  region size 1024K, 47 young (48128K), 6 survivors (6144K)
 Metaspace       used 69025K, committed 69696K, reserved 1114112K
  class space    used 9692K, committed 9984K, reserved 1048576K
}
Event: 51.227 GC heap after
{Heap after GC invocations=29 (full 0):
 garbage-first heap   total 147456K, used 84453K [0x0000000080000000, 0x0000000100000000)
  region size 1024K, 6 young (6144K), 6 survivors (6144K)
 Metaspace       used 69025K, committed 69696K, reserved 1114112K
  class space    used 9692K, committed 9984K, reserved 1048576K
}
Event: 51.245 GC heap before
{Heap before GC invocations=29 (full 0):
 garbage-first heap   total 147456K, used 84453K [0x0000000080000000, 0x0000000100000000)
  region size 1024K, 7 young (7168K), 6 survivors (6144K)
 Metaspace       used 69123K, committed 69824K, reserved 1114112K
  class space    used 9707K, committed 10048K, reserved 1048576K
}
Event: 51.257 GC heap after
{Heap after GC invocations=30 (full 0):
 garbage-first heap   total 147456K, used 84424K [0x0000000080000000, 0x0000000100000000)
  region size 1024K, 1 young (1024K), 1 survivors (1024K)
 Metaspace       used 69123K, committed 69824K, reserved 1114112K
  class space    used 9707K, committed 10048K, reserved 1048576K
}
Event: 51.938 GC heap before
{Heap before GC invocations=30 (full 0):
 garbage-first heap   total 147456K, used 118216K [0x0000000080000000, 0x0000000100000000)
  region size 1024K, 34 young (34816K), 1 survivors (1024K)
 Metaspace       used 72992K, committed 73664K, reserved 1114112K
  class space    used 10230K, committed 10560K, reserved 1048576K
}
Event: 51.941 GC heap after
{Heap after GC invocations=31 (full 0):
 garbage-first heap   total 147456K, used 85502K [0x0000000080000000, 0x0000000100000000)
  region size 1024K, 2 young (2048K), 2 survivors (2048K)
 Metaspace       used 72992K, committed 73664K, reserved 1114112K
  class space    used 10230K, committed 10560K, reserved 1048576K
}
Event: 52.727 GC heap before
{Heap before GC invocations=32 (full 0):
 garbage-first heap   total 148480K, used 124414K [0x0000000080000000, 0x0000000100000000)
  region size 1024K, 36 young (36864K), 2 survivors (2048K)
 Metaspace       used 77568K, committed 78208K, reserved 1122304K
  class space    used 10772K, committed 11072K, reserved 1048576K
}
Event: 52.731 GC heap after
{Heap after GC invocations=33 (full 0):
 garbage-first heap   total 148480K, used 90460K [0x0000000080000000, 0x0000000100000000)
  region size 1024K, 3 young (3072K), 3 survivors (3072K)
 Metaspace       used 77568K, committed 78208K, reserved 1122304K
  class space    used 10772K, committed 11072K, reserved 1048576K
}
Event: 52.799 GC heap before
{Heap before GC invocations=33 (full 0):
 garbage-first heap   total 148480K, used 93532K [0x0000000080000000, 0x0000000100000000)
  region size 1024K, 7 young (7168K), 3 survivors (3072K)
 Metaspace       used 78131K, committed 78784K, reserved 1122304K
  class space    used 10834K, committed 11136K, reserved 1048576K
}
Event: 52.814 GC heap after
{Heap after GC invocations=34 (full 0):
 garbage-first heap   total 148480K, used 90733K [0x0000000080000000, 0x0000000100000000)
  region size 1024K, 1 young (1024K), 1 survivors (1024K)
 Metaspace       used 78131K, committed 78784K, reserved 1122304K
  class space    used 10834K, committed 11136K, reserved 1048576K
}
Event: 53.624 GC heap before
{Heap before GC invocations=34 (full 0):
 garbage-first heap   total 148480K, used 120429K [0x0000000080000000, 0x0000000100000000)
  region size 1024K, 31 young (31744K), 1 survivors (1024K)
 Metaspace       used 82603K, committed 83264K, reserved 1122304K
  class space    used 11428K, committed 11712K, reserved 1048576K
}
Event: 53.627 GC heap after
{Heap after GC invocations=35 (full 0):
 garbage-first heap   total 148480K, used 90910K [0x0000000080000000, 0x0000000100000000)
  region size 1024K, 1 young (1024K), 1 survivors (1024K)
 Metaspace       used 82603K, committed 83264K, reserved 1122304K
  class space    used 11428K, committed 11712K, reserved 1048576K
}
Event: 53.964 GC heap before
{Heap before GC invocations=36 (full 0):
 garbage-first heap   total 167936K, used 130846K [0x0000000080000000, 0x0000000100000000)
  region size 1024K, 33 young (33792K), 1 survivors (1024K)
 Metaspace       used 82722K, committed 83520K, reserved 1122304K
  class space    used 11437K, committed 11776K, reserved 1048576K
}
Event: 53.979 GC heap after
{Heap after GC invocations=37 (full 0):
 garbage-first heap   total 167936K, used 100787K [0x0000000080000000, 0x0000000100000000)
  region size 1024K, 5 young (5120K), 5 survivors (5120K)
 Metaspace       used 82722K, committed 83520K, reserved 1122304K
  class space    used 11437K, committed 11776K, reserved 1048576K
}
Event: 53.992 GC heap before
{Heap before GC invocations=37 (full 0):
 garbage-first heap   total 167936K, used 103859K [0x0000000080000000, 0x0000000100000000)
  region size 1024K, 8 young (8192K), 5 survivors (5120K)
 Metaspace       used 82748K, committed 83520K, reserved 1122304K
  class space    used 11437K, committed 11776K, reserved 1048576K
}
Event: 54.002 GC heap after
{Heap after GC invocations=38 (full 0):
 garbage-first heap   total 167936K, used 102054K [0x0000000080000000, 0x0000000100000000)
  region size 1024K, 1 young (1024K), 1 survivors (1024K)
 Metaspace       used 82748K, committed 83520K, reserved 1122304K
  class space    used 11437K, committed 11776K, reserved 1048576K
}
Event: 54.656 GC heap before
{Heap before GC invocations=38 (full 0):
 garbage-first heap   total 167936K, used 134822K [0x0000000080000000, 0x0000000100000000)
  region size 1024K, 33 young (33792K), 1 survivors (1024K)
 Metaspace       used 83093K, committed 83840K, reserved 1122304K
  class space    used 11465K, committed 11776K, reserved 1048576K
}

Dll operation events (3 events):
Event: 0.111 Loaded shared library C:\Program Files\Android\Android Studio1\jbr\bin\java.dll
Event: 0.530 Loaded shared library C:\Program Files\Android\Android Studio1\jbr\bin\zip.dll
Event: 7.506 Loaded shared library C:\Program Files\Android\Android Studio1\jbr\bin\verify.dll

Deoptimization events (20 events):
Event: 54.030 Thread 0x000002a1433d1300 Uncommon trap: trap_request=0xffffff45 fr.pc=0x000002a1317edfc4 relative=0x0000000000000944
Event: 54.030 Thread 0x000002a1433d1300 Uncommon trap: reason=unstable_if action=reinterpret pc=0x000002a1317edfc4 method=org.jetbrains.kotlin.com.intellij.openapi.vfs.impl.ZipEntryMap.isTheOne(Lorg/jetbrains/kotlin/com/intellij/openapi/vfs/impl/ArchiveHandler$EntryInfo;Ljava/lang/CharSequence;
Event: 54.030 Thread 0x000002a1433d1300 DEOPT PACKING pc=0x000002a1317edfc4 sp=0x000000ee144f4a10
Event: 54.030 Thread 0x000002a1433d1300 DEOPT UNPACKING pc=0x000002a130f469a3 sp=0x000000ee144f4968 mode 2
Event: 54.030 Thread 0x000002a1433d1300 Uncommon trap: trap_request=0xffffff45 fr.pc=0x000002a1317ec698 relative=0x0000000000000a98
Event: 54.030 Thread 0x000002a1433d1300 Uncommon trap: reason=unstable_if action=reinterpret pc=0x000002a1317ec698 method=org.jetbrains.kotlin.com.intellij.openapi.vfs.impl.ZipEntryMap.isTheOne(Lorg/jetbrains/kotlin/com/intellij/openapi/vfs/impl/ArchiveHandler$EntryInfo;Ljava/lang/CharSequence;
Event: 54.030 Thread 0x000002a1433d1300 DEOPT PACKING pc=0x000002a1317ec698 sp=0x000000ee144f4900
Event: 54.030 Thread 0x000002a1433d1300 DEOPT UNPACKING pc=0x000002a130f469a3 sp=0x000000ee144f4878 mode 2
Event: 54.031 Thread 0x000002a1433d1300 Uncommon trap: trap_request=0xffffff45 fr.pc=0x000002a1316ad9d4 relative=0x0000000000000474
Event: 54.031 Thread 0x000002a1433d1300 Uncommon trap: reason=unstable_if action=reinterpret pc=0x000002a1316ad9d4 method=org.jetbrains.kotlin.com.intellij.openapi.vfs.impl.ZipEntryMap.isTheOne(Lorg/jetbrains/kotlin/com/intellij/openapi/vfs/impl/ArchiveHandler$EntryInfo;Ljava/lang/CharSequence;
Event: 54.031 Thread 0x000002a1433d1300 DEOPT PACKING pc=0x000002a1316ad9d4 sp=0x000000ee144f49b0
Event: 54.031 Thread 0x000002a1433d1300 DEOPT UNPACKING pc=0x000002a130f469a3 sp=0x000000ee144f4970 mode 2
Event: 54.173 Thread 0x000002a1433d1300 DEOPT PACKING pc=0x000002a129c806bd sp=0x000000ee144f4c80
Event: 54.173 Thread 0x000002a1433d1300 DEOPT UNPACKING pc=0x000002a130f47143 sp=0x000000ee144f4160 mode 0
Event: 54.269 Thread 0x000002a1433d1300 Uncommon trap: trap_request=0xffffffdc fr.pc=0x000002a1317d8ab4 relative=0x0000000000000214
Event: 54.269 Thread 0x000002a1433d1300 Uncommon trap: reason=class_check action=make_not_entrant pc=0x000002a1317d8ab4 method=java.util.ArrayList.toArray([Ljava/lang/Object;)[Ljava/lang/Object; @ 21 c2
Event: 54.269 Thread 0x000002a1433d1300 DEOPT PACKING pc=0x000002a1317d8ab4 sp=0x000000ee144f4d90
Event: 54.269 Thread 0x000002a1433d1300 DEOPT UNPACKING pc=0x000002a130f469a3 sp=0x000000ee144f4d50 mode 2
Event: 54.514 Thread 0x000002a1433d1300 DEOPT PACKING pc=0x000002a129d6bea0 sp=0x000000ee144f4c30
Event: 54.514 Thread 0x000002a1433d1300 DEOPT UNPACKING pc=0x000002a130f47143 sp=0x000000ee144f4138 mode 0

Classes unloaded (0 events):
No events

Classes redefined (0 events):
No events

Internal exceptions (20 events):
Event: 35.399 Thread 0x000002a1433d1300 Implicit null exception at 0x000002a131712ce8 to 0x000002a131712e68
Event: 50.345 Thread 0x000002a1433d1300 Exception <a 'java/lang/NoSuchMethodError'{0x00000000881e90f0}: 'void java.lang.invoke.DirectMethodHandle$Holder.invokeVirtual(java.lang.Object, java.lang.Object)'> (0x00000000881e90f0) 
thrown [s\src\hotspot\share\interpreter\linkResolver.cpp, line 771]
Event: 50.416 Thread 0x000002a1433d1300 Exception <a 'java/lang/NoSuchMethodError'{0x0000000087e28c28}: 'java.lang.Object java.lang.invoke.DirectMethodHandle$Holder.invokeStaticInit(java.lang.Object, int)'> (0x0000000087e28c28) 
thrown [s\src\hotspot\share\interpreter\linkResolver.cpp, line 771]
Event: 50.450 Thread 0x000002a1433d1300 Exception <a 'java/lang/NoSuchMethodError'{0x0000000087d84810}: 'int java.lang.invoke.DelegatingMethodHandle$Holder.reinvoke_L(java.lang.Object, java.lang.Object, java.lang.Object, long, int, int)'> (0x0000000087d84810) 
thrown [s\src\hotspot\share\interpreter\linkResolver.cpp, line 771]
Event: 50.452 Thread 0x000002a1433d1300 Exception <a 'java/lang/NoSuchMethodError'{0x0000000087d94688}: 'int java.lang.invoke.DelegatingMethodHandle$Holder.reinvoke_L(java.lang.Object, java.lang.Object, java.lang.Object, long, long, long)'> (0x0000000087d94688) 
thrown [s\src\hotspot\share\interpreter\linkResolver.cpp, line 771]
Event: 50.453 Thread 0x000002a1433d1300 Exception <a 'java/lang/NoSuchMethodError'{0x0000000087da4808}: 'int java.lang.invoke.DelegatingMethodHandle$Holder.reinvoke_L(java.lang.Object, java.lang.Object, java.lang.Object, long, java.lang.Object, java.lang.Object)'> (0x0000000087da4808) 
thrown [s\src\hotspot\share\interpreter\linkResolver.cpp, line 771]
Event: 50.455 Thread 0x000002a1433d1300 Exception <a 'java/lang/NoSuchMethodError'{0x0000000087db47d0}: 'void java.lang.invoke.DelegatingMethodHandle$Holder.reinvoke_L(java.lang.Object, java.lang.Object, java.lang.Object, long, java.lang.Object)'> (0x0000000087db47d0) 
thrown [s\src\hotspot\share\interpreter\linkResolver.cpp, line 771]
Event: 50.455 Thread 0x000002a1433d1300 Exception <a 'java/lang/NoSuchMethodError'{0x0000000087dbd100}: 'java.lang.Object java.lang.invoke.DirectMethodHandle$Holder.invokeSpecial(java.lang.Object, java.lang.Object, java.lang.Object, java.lang.Object, long)'> (0x0000000087dbd100) 
thrown [s\src\hotspot\share\interpreter\linkResolver.cpp, line 771]
Event: 50.459 Thread 0x000002a1433d1300 Exception <a 'java/lang/NoSuchMethodError'{0x0000000087de5918}: 'long java.lang.invoke.Invokers$Holder.invoke_MT(java.lang.Object, java.lang.Object, java.lang.Object, java.lang.Object)'> (0x0000000087de5918) 
thrown [s\src\hotspot\share\interpreter\linkResolver.cpp, line 771]
Event: 50.460 Thread 0x000002a1433d1300 Exception <a 'java/lang/NoSuchMethodError'{0x0000000087deecc0}: 'int java.lang.invoke.Invokers$Holder.invoke_MT(java.lang.Object, java.lang.Object, java.lang.Object, java.lang.Object)'> (0x0000000087deecc0) 
thrown [s\src\hotspot\share\interpreter\linkResolver.cpp, line 771]
Event: 50.463 Thread 0x000002a1433d1300 Exception <a 'java/lang/NoSuchMethodError'{0x0000000087c00210}: 'int java.lang.invoke.DelegatingMethodHandle$Holder.reinvoke_L(java.lang.Object, java.lang.Object, java.lang.Object, long, int)'> (0x0000000087c00210) 
thrown [s\src\hotspot\share\interpreter\linkResolver.cpp, line 771]
Event: 50.468 Thread 0x000002a1433d1300 Exception <a 'java/lang/NoSuchMethodError'{0x0000000087c14940}: 'java.lang.Object java.lang.invoke.Invokers$Holder.invokeExact_MT(java.lang.Object, java.lang.Object, long, java.lang.Object)'> (0x0000000087c14940) 
thrown [s\src\hotspot\share\interpreter\linkResolver.cpp, line 771]
Event: 50.657 Thread 0x000002a1433d1300 Implicit null exception at 0x000002a1318b9313 to 0x000002a1318b9458
Event: 51.987 Thread 0x000002a141818c00 Implicit null exception at 0x000002a1318c7b03 to 0x000002a1318c7cc8
Event: 52.241 Thread 0x000002a1433d1300 Exception <a 'java/lang/NoSuchMethodError'{0x00000000885212a0}: 'long java.lang.invoke.DirectMethodHandle$Holder.invokeStatic(java.lang.Object)'> (0x00000000885212a0) 
thrown [s\src\hotspot\share\interpreter\linkResolver.cpp, line 771]
Event: 52.241 Thread 0x000002a1433d1300 Exception <a 'java/lang/NoSuchMethodError'{0x0000000088526130}: 'long java.lang.invoke.DirectMethodHandle$Holder.invokeStaticInit(java.lang.Object)'> (0x0000000088526130) 
thrown [s\src\hotspot\share\interpreter\linkResolver.cpp, line 771]
Event: 52.472 Thread 0x000002a1433d1300 Implicit null exception at 0x000002a13190638c to 0x000002a1319064be
Event: 53.479 Thread 0x000002a1433d1300 Exception <a 'java/lang/NoSuchMethodError'{0x00000000874c3430}: 'java.lang.Object java.lang.invoke.Invokers$Holder.invoke_MT(java.lang.Object, java.lang.Object, java.lang.Object)'> (0x00000000874c3430) 
thrown [s\src\hotspot\share\interpreter\linkResolver.cpp, line 771]
Event: 53.879 Thread 0x000002a1433d1300 Implicit null exception at 0x000002a13168e491 to 0x000002a131690340
Event: 53.901 Thread 0x000002a1433d1300 Implicit null exception at 0x000002a1316ae519 to 0x000002a1316af498

VM Operations (20 events):
Event: 52.731 Executing VM operation: G1CollectForAllocation done
Event: 52.799 Executing VM operation: G1CollectForAllocation
Event: 52.814 Executing VM operation: G1CollectForAllocation done
Event: 53.209 Executing VM operation: HandshakeAllThreads
Event: 53.209 Executing VM operation: HandshakeAllThreads done
Event: 53.267 Executing VM operation: HandshakeAllThreads
Event: 53.267 Executing VM operation: HandshakeAllThreads done
Event: 53.561 Executing VM operation: HandshakeAllThreads
Event: 53.561 Executing VM operation: HandshakeAllThreads done
Event: 53.624 Executing VM operation: G1TryInitiateConcMark
Event: 53.627 Executing VM operation: G1TryInitiateConcMark done
Event: 53.668 Executing VM operation: G1Concurrent
Event: 53.673 Executing VM operation: G1Concurrent done
Event: 53.694 Executing VM operation: G1Concurrent
Event: 53.694 Executing VM operation: G1Concurrent done
Event: 53.964 Executing VM operation: G1CollectForAllocation
Event: 53.979 Executing VM operation: G1CollectForAllocation done
Event: 53.992 Executing VM operation: G1CollectForAllocation
Event: 54.002 Executing VM operation: G1CollectForAllocation done
Event: 54.656 Executing VM operation: G1CollectForAllocation

Events (20 events):
Event: 53.480 loading class sun/nio/ch/FileChannelImpl$DefaultUnmapper
Event: 53.480 loading class sun/nio/ch/FileChannelImpl$Unmapper
Event: 53.480 loading class jdk/internal/access/foreign/UnmapperProxy
Event: 53.481 loading class jdk/internal/access/foreign/UnmapperProxy done
Event: 53.481 loading class sun/nio/ch/FileChannelImpl$Unmapper done
Event: 53.481 loading class sun/nio/ch/FileChannelImpl$DefaultUnmapper done
Event: 53.481 loading class sun/nio/ch/Util$4
Event: 53.482 loading class sun/nio/ch/Util$4 done
Event: 53.482 loading class jdk/internal/access/foreign/MemorySegmentProxy
Event: 53.482 loading class jdk/internal/access/foreign/MemorySegmentProxy done
Event: 53.488 loading class java/io/UTFDataFormatException
Event: 53.490 loading class java/io/UTFDataFormatException done
Event: 53.558 loading class java/nio/file/attribute/DosFileAttributeView
Event: 53.559 loading class java/nio/file/attribute/DosFileAttributeView done
Event: 53.559 loading class sun/nio/fs/WindowsFileAttributeViews$Dos
Event: 53.560 loading class sun/nio/fs/WindowsFileAttributeViews$Dos done
Event: 54.555 loading class java/nio/channels/Channels$ReadableByteChannelImpl
Event: 54.555 loading class java/nio/channels/Channels$ReadableByteChannelImpl done
Event: 54.556 loading class java/nio/channels/NonWritableChannelException
Event: 54.556 loading class java/nio/channels/NonWritableChannelException done


Dynamic libraries:
0x00007ff728ea0000 - 0x00007ff728eaa000 	C:\Program Files\Android\Android Studio1\jbr\bin\java.exe
0x00007ff93cfd0000 - 0x00007ff93d1e7000 	C:\WINDOWS\SYSTEM32\ntdll.dll
0x00007ff8f7960000 - 0x00007ff8f7979000 	C:\Program Files\Avast Software\Avast\aswhook.dll
0x00007ff93bfe0000 - 0x00007ff93c0a4000 	C:\WINDOWS\System32\KERNEL32.DLL
0x00007ff93a850000 - 0x00007ff93abf6000 	C:\WINDOWS\System32\KERNELBASE.dll
0x00007ff93a730000 - 0x00007ff93a841000 	C:\WINDOWS\System32\ucrtbase.dll
0x00007ff92a230000 - 0x00007ff92a247000 	C:\Program Files\Android\Android Studio1\jbr\bin\jli.dll
0x00007ff907de0000 - 0x00007ff907dfb000 	C:\Program Files\Android\Android Studio1\jbr\bin\VCRUNTIME140.dll
0x00007ff93c9c0000 - 0x00007ff93cb6e000 	C:\WINDOWS\System32\USER32.dll
0x00007ff933220000 - 0x00007ff9334b3000 	C:\WINDOWS\WinSxS\amd64_microsoft.windows.common-controls_6595b64144ccf1df_6.0.22621.2506_none_270c5ae97388e100\COMCTL32.dll
0x00007ff93a520000 - 0x00007ff93a546000 	C:\WINDOWS\System32\win32u.dll
0x00007ff93bd70000 - 0x00007ff93be17000 	C:\WINDOWS\System32\msvcrt.dll
0x00007ff93b820000 - 0x00007ff93b849000 	C:\WINDOWS\System32\GDI32.dll
0x00007ff93ac00000 - 0x00007ff93ad18000 	C:\WINDOWS\System32\gdi32full.dll
0x00007ff93a690000 - 0x00007ff93a72a000 	C:\WINDOWS\System32\msvcp_win.dll
0x00007ff93c0b0000 - 0x00007ff93c0e1000 	C:\WINDOWS\System32\IMM32.DLL
0x00007ff927650000 - 0x00007ff92765c000 	C:\Program Files\Android\Android Studio1\jbr\bin\vcruntime140_1.dll
0x00007ff8d8220000 - 0x00007ff8d82ad000 	C:\Program Files\Android\Android Studio1\jbr\bin\msvcp140.dll
0x00007ff8b9fe0000 - 0x00007ff8bac4e000 	C:\Program Files\Android\Android Studio1\jbr\bin\server\jvm.dll
0x00007ff93b760000 - 0x00007ff93b811000 	C:\WINDOWS\System32\ADVAPI32.dll
0x00007ff93bc90000 - 0x00007ff93bd35000 	C:\WINDOWS\System32\sechost.dll
0x00007ff93ba20000 - 0x00007ff93bb37000 	C:\WINDOWS\System32\RPCRT4.dll
0x00007ff933580000 - 0x00007ff9335b4000 	C:\WINDOWS\SYSTEM32\WINMM.dll
0x00007ff932eb0000 - 0x00007ff932eba000 	C:\WINDOWS\SYSTEM32\VERSION.dll
0x00007ff925160000 - 0x00007ff925169000 	C:\WINDOWS\SYSTEM32\WSOCK32.dll
0x00007ff93be20000 - 0x00007ff93be91000 	C:\WINDOWS\System32\WS2_32.dll
0x00007ff939430000 - 0x00007ff939448000 	C:\WINDOWS\SYSTEM32\kernel.appcore.dll
0x00007ff935c40000 - 0x00007ff935c4a000 	C:\Program Files\Android\Android Studio1\jbr\bin\jimage.dll
0x00007ff931560000 - 0x00007ff931793000 	C:\WINDOWS\SYSTEM32\DBGHELP.DLL
0x00007ff93ad20000 - 0x00007ff93b0a9000 	C:\WINDOWS\System32\combase.dll
0x00007ff93ccf0000 - 0x00007ff93cdc7000 	C:\WINDOWS\System32\OLEAUT32.dll
0x00007ff930330000 - 0x00007ff930362000 	C:\WINDOWS\SYSTEM32\dbgcore.DLL
0x00007ff93a610000 - 0x00007ff93a68a000 	C:\WINDOWS\System32\bcryptPrimitives.dll
0x00007ff932840000 - 0x00007ff93284e000 	C:\Program Files\Android\Android Studio1\jbr\bin\instrument.dll
0x00007ff932b80000 - 0x00007ff932ba5000 	C:\Program Files\Android\Android Studio1\jbr\bin\java.dll
0x00007ff935780000 - 0x00007ff935798000 	C:\Program Files\Android\Android Studio1\jbr\bin\zip.dll
0x00007ff93c0f0000 - 0x00007ff93c94a000 	C:\WINDOWS\System32\SHELL32.dll
0x00007ff938270000 - 0x00007ff938b66000 	C:\WINDOWS\SYSTEM32\windows.storage.dll
0x00007ff938130000 - 0x00007ff93826e000 	C:\WINDOWS\SYSTEM32\wintypes.dll
0x00007ff93b0b0000 - 0x00007ff93b1a3000 	C:\WINDOWS\System32\SHCORE.dll
0x00007ff93cc90000 - 0x00007ff93ccee000 	C:\WINDOWS\System32\shlwapi.dll
0x00007ff93a270000 - 0x00007ff93a296000 	C:\WINDOWS\SYSTEM32\profapi.dll
0x00007ff932f60000 - 0x00007ff932f79000 	C:\Program Files\Android\Android Studio1\jbr\bin\net.dll
0x00007ff934b40000 - 0x00007ff934c77000 	C:\WINDOWS\SYSTEM32\WINHTTP.dll
0x00007ff9398b0000 - 0x00007ff939919000 	C:\WINDOWS\system32\mswsock.dll
0x00007ff92e5f0000 - 0x00007ff92e606000 	C:\Program Files\Android\Android Studio1\jbr\bin\nio.dll
0x00007ff935c00000 - 0x00007ff935c10000 	C:\Program Files\Android\Android Studio1\jbr\bin\verify.dll
0x00007ff919bb0000 - 0x00007ff919bd7000 	C:\Users\Asus\.gradle\native\68d5fa5c4cc2d200863cafc0d521ce42e7d3e7ee720ec0a83991735586a16f82\windows-amd64\native-platform.dll
0x00007ff8b6f60000 - 0x00007ff8b70a4000 	C:\Users\Asus\.gradle\native\e376f236ea51e6404a007f0833ffe2c6e607c4080706a723a18a27aeea778392\windows-amd64\native-platform-file-events.dll
0x00007ff935b10000 - 0x00007ff935b19000 	C:\Program Files\Android\Android Studio1\jbr\bin\management.dll
0x00007ff9357f0000 - 0x00007ff9357fb000 	C:\Program Files\Android\Android Studio1\jbr\bin\management_ext.dll
0x00007ff93cc80000 - 0x00007ff93cc88000 	C:\WINDOWS\System32\PSAPI.DLL
0x00007ff939b00000 - 0x00007ff939b1b000 	C:\WINDOWS\SYSTEM32\CRYPTSP.dll
0x00007ff939390000 - 0x00007ff9393c5000 	C:\WINDOWS\system32\rsaenh.dll
0x00007ff9399a0000 - 0x00007ff9399cc000 	C:\WINDOWS\SYSTEM32\USERENV.dll
0x00007ff939d20000 - 0x00007ff939d48000 	C:\WINDOWS\SYSTEM32\bcrypt.dll
0x00007ff939b20000 - 0x00007ff939b2c000 	C:\WINDOWS\SYSTEM32\CRYPTBASE.dll
0x00007ff938e40000 - 0x00007ff938e6d000 	C:\WINDOWS\SYSTEM32\IPHLPAPI.DLL
0x00007ff93bd60000 - 0x00007ff93bd69000 	C:\WINDOWS\System32\NSI.dll
0x00007ff934950000 - 0x00007ff934969000 	C:\WINDOWS\SYSTEM32\dhcpcsvc6.DLL
0x00007ff9346a0000 - 0x00007ff9346bf000 	C:\WINDOWS\SYSTEM32\dhcpcsvc.DLL
0x00007ff938e70000 - 0x00007ff938f69000 	C:\WINDOWS\SYSTEM32\DNSAPI.dll
0x00007ff932f20000 - 0x00007ff932f28000 	C:\WINDOWS\system32\wshunix.dll
0x00007ff9331f0000 - 0x00007ff9331fa000 	C:\Windows\System32\rasadhlp.dll
0x00007ff9337b0000 - 0x00007ff933833000 	C:\WINDOWS\System32\fwpuclnt.dll

dbghelp: loaded successfully - version: 4.0.5 - missing functions: none
symbol engine: initialized successfully - sym options: 0x614 - pdb path: .;C:\Program Files\Android\Android Studio1\jbr\bin;C:\WINDOWS\SYSTEM32;C:\Program Files\Avast Software\Avast;C:\WINDOWS\WinSxS\amd64_microsoft.windows.common-controls_6595b64144ccf1df_6.0.22621.2506_none_270c5ae97388e100;C:\Program Files\Android\Android Studio1\jbr\bin\server;C:\Users\Asus\.gradle\native\68d5fa5c4cc2d200863cafc0d521ce42e7d3e7ee720ec0a83991735586a16f82\windows-amd64;C:\Users\Asus\.gradle\native\e376f236ea51e6404a007f0833ffe2c6e607c4080706a723a18a27aeea778392\windows-amd64

VM Arguments:
jvm_args: --add-opens=java.base/java.util=ALL-UNNAMED --add-opens=java.base/java.lang=ALL-UNNAMED --add-opens=java.base/java.lang.invoke=ALL-UNNAMED --add-opens=java.prefs/java.util.prefs=ALL-UNNAMED --add-opens=java.base/java.nio.charset=ALL-UNNAMED --add-opens=java.base/java.net=ALL-UNNAMED --add-opens=java.base/java.util.concurrent.atomic=ALL-UNNAMED -Xmx2048m -Dfile.encoding=UTF-8 -Duser.country=MY -Duser.language=en -Duser.variant -javaagent:C:\Users\Asus\.gradle\wrapper\dists\gradle-8.2-bin\bbg7u40eoinfdyxsxr3z4i7ta\gradle-8.2\lib\agents\gradle-instrumentation-agent-8.2.jar 
java_command: org.gradle.launcher.daemon.bootstrap.GradleDaemon 8.2
java_class_path (initial): C:\Users\Asus\.gradle\wrapper\dists\gradle-8.2-bin\bbg7u40eoinfdyxsxr3z4i7ta\gradle-8.2\lib\gradle-launcher-8.2.jar
Launcher Type: SUN_STANDARD

[Global flags]
     intx CICompilerCount                          = 12                                        {product} {ergonomic}
     uint ConcGCThreads                            = 3                                         {product} {ergonomic}
     uint G1ConcRefinementThreads                  = 13                                        {product} {ergonomic}
   size_t G1HeapRegionSize                         = 1048576                                   {product} {ergonomic}
    uintx GCDrainStackTargetSize                   = 64                                        {product} {ergonomic}
   size_t InitialHeapSize                          = 125829120                                 {product} {ergonomic}
   size_t MarkStackSize                            = 4194304                                   {product} {ergonomic}
   size_t MaxHeapSize                              = 2147483648                                {product} {command line}
   size_t MaxNewSize                               = 1287651328                                {product} {ergonomic}
   size_t MinHeapDeltaBytes                        = 1048576                                   {product} {ergonomic}
   size_t MinHeapSize                              = 8388608                                   {product} {ergonomic}
    uintx NonNMethodCodeHeapSize                   = 7602480                                {pd product} {ergonomic}
    uintx NonProfiledCodeHeapSize                  = 122027880                              {pd product} {ergonomic}
    uintx ProfiledCodeHeapSize                     = 122027880                              {pd product} {ergonomic}
    uintx ReservedCodeCacheSize                    = 251658240                              {pd product} {ergonomic}
     bool SegmentedCodeCache                       = true                                      {product} {ergonomic}
   size_t SoftMaxHeapSize                          = 2147483648                             {manageable} {ergonomic}
     bool UseCompressedClassPointers               = true                           {product lp64_product} {ergonomic}
     bool UseCompressedOops                        = true                           {product lp64_product} {ergonomic}
     bool UseG1GC                                  = true                                      {product} {ergonomic}
     bool UseLargePagesIndividualAllocation        = false                                  {pd product} {ergonomic}

Logging:
Log output configuration:
 #0: stdout all=warning uptime,level,tags
 #1: stderr all=off uptime,level,tags

Environment Variables:
PATH=C:\Users\Asus\Downloads\WINDOWS.X64_193000_db_home1\bin;C:\Users\Asus\Downloads\WINDOWS.X64_193000_db_home\bin;C:\oraclexe\app\oracle\product\11.2.0\server\bin;C:\Program Files\Eclipse Adoptium\jdk-17.0.6.10-hotspot\bin;C:\Program Files\Common Files\Oracle\Java\javapath;C:\Program Files (x86)\Common Files\Intel\Shared Libraries\redist\intel64\compiler;C:\Windows\system32;C:\Windows;C:\Windows\System32\Wbem;C:\Windows\System32\WindowsPowerShell\v1.0\;C:\Windows\System32\OpenSSH\;C:\Program Files (x86)\NVIDIA Corporation\PhysX\Common;C:\Program Files\NVIDIA Corporation\NVIDIA NvDLISR;C:\WINDOWS\system32;C:\WINDOWS;C:\WINDOWS\System32\Wbem;C:\WINDOWS\System32\WindowsPowerShell\v1.0\;C:\WINDOWS\System32\OpenSSH\;C:\Program Files\Microsoft SQL Server\150\Tools\Binn\;C:\Program Files\Microsoft SQL Server\130\Tools\Binn\;C:\Program Files\Git\cmd;C:\src\flutter\bin;C:\Users\Asus\AppData\Local\Microsoft\WindowsApps;C:\Program Files\JetBrains\IntelliJ IDEA Community Edition 2022.3.2\bin;;C:\Users\Asus\AppData\Local\Programs\Microsoft VS Code\bin;C:\Program Files\JetBrains\PyCharm Community Edition 2023.1.1\bin;;C:\Users\Asus\AppData\Local\GitHubDesktop\bin;C:\src\flutter\bin;
USERNAME=Asus
OS=Windows_NT
PROCESSOR_IDENTIFIER=AMD64 Family 23 Model 96 Stepping 1, AuthenticAMD
TMP=C:\Users\Asus\AppData\Local\Temp
TEMP=C:\Users\Asus\AppData\Local\Temp


JNI global refs:
JNI global refs: 38, weak refs: 1

JNI global refs memory usage: 843, weak refs: 841


---------------  S Y S T E M  ---------------

OS:
 Windows 11 , 64 bit Build 22621 (10.0.22621.2506)
OS uptime: 9 days 17:44 hours

CPU: total 16 (initial active 16) (16 cores per cpu, 2 threads per core) family 23 model 96 stepping 1 microcode 0x0, cx8, cmov, fxsr, ht, mmx, 3dnowpref, sse, sse2, sse3, ssse3, sse4a, sse4.1, sse4.2, popcnt, lzcnt, tsc, tscinvbit, avx, avx2, aes, clmul, bmi1, bmi2, adx, sha, fma, vzeroupper, clflush, clflushopt

Memory: 4k page, system-wide physical 7597M (336M free)
TotalPageFile size 31149M (AvailPageFile size 277M)
current process WorkingSet (physical memory assigned to process): 297M, peak: 334M
current process commit charge ("private bytes"): 415M, peak: 720M

vm_info: OpenJDK 64-Bit Server VM (17.0.6+0-b2043.56-10027231) for windows-amd64 JRE (17.0.6+0-b2043.56-10027231), built on Apr 28 2023 00:43:19 by "androidbuild" with MS VC++ 16.10 / 16.11 (VS2019)

END.
