#
# There is insufficient memory for the Java Runtime Environment to continue.
# Native memory allocation (mmap) failed to map 158334976 bytes for G1 virtual space
# Possible reasons:
#   The system is out of physical RAM or swap space
#   The process is running with CompressedOops enabled, and the Java Heap may be blocking the growth of the native heap
# Possible solutions:
#   Reduce memory load on the system
#   Increase physical memory or swap space
#   Check if swap backing store is full
#   Decrease Java heap size (-Xmx/-Xms)
#   Decrease number of Java threads
#   Decrease Java thread stack sizes (-Xss)
#   Set larger code cache with -XX:ReservedCodeCacheSize=
#   JVM is running with Unscaled Compressed Oops mode in which the Java heap is
#     placed in the first 4GB address space. The Java Heap base address is the
#     maximum limit for the native heap growth. Please use -XX:HeapBaseMinAddress
#     to set the Java Heap base and to place the Java Heap above 4GB virtual address.
# This output file may be truncated or incomplete.
#
#  Out of Memory Error (os_windows.cpp:3769), pid=27612, tid=12464
#
# JRE version: OpenJDK Runtime Environment (17.0.6) (build 17.0.6+0-b2043.56-10027231)
# Java VM: OpenJDK 64-Bit Server VM (17.0.6+0-b2043.56-10027231, mixed mode, tiered, compressed oops, compressed class ptrs, g1 gc, windows-amd64)
# No core dump will be written. Minidumps are not enabled by default on client versions of Windows
#

---------------  S U M M A R Y ------------

Command Line: --add-opens=java.base/java.util=ALL-UNNAMED --add-opens=java.base/java.lang=ALL-UNNAMED --add-opens=java.base/java.lang.invoke=ALL-UNNAMED --add-opens=java.prefs/java.util.prefs=ALL-UNNAMED --add-opens=java.base/java.nio.charset=ALL-UNNAMED --add-opens=java.base/java.net=ALL-UNNAMED --add-opens=java.base/java.util.concurrent.atomic=ALL-UNNAMED -Xmx2048m -Dfile.encoding=UTF-8 -Duser.country=MY -Duser.language=en -Duser.variant -javaagent:C:\Users\Asus\.gradle\wrapper\dists\gradle-8.2-bin\bbg7u40eoinfdyxsxr3z4i7ta\gradle-8.2\lib\agents\gradle-instrumentation-agent-8.2.jar org.gradle.launcher.daemon.bootstrap.GradleDaemon 8.2

Host: AMD Ryzen 7 4800H with Radeon Graphics         , 16 cores, 7G,  Windows 11 , 64 bit Build 22621 (10.0.22621.2506)
Time: Sun Dec 31 15:02:26 2023 Malay Peninsula Standard Time elapsed time: 24.773926 seconds (0d 0h 0m 24s)

---------------  T H R E A D  ---------------

Current thread (0x00000249554ba800):  VMThread "VM Thread" [stack: 0x000000ffe3e00000,0x000000ffe3f00000] [id=12464]

Stack: [0x000000ffe3e00000,0x000000ffe3f00000]
Native frames: (J=compiled Java code, j=interpreted, Vv=VM code, C=native code)
V  [jvm.dll+0x683c9a]
V  [jvm.dll+0x8427a4]
V  [jvm.dll+0x843f9e]
V  [jvm.dll+0x844603]
V  [jvm.dll+0x249b75]
V  [jvm.dll+0x680b69]
V  [jvm.dll+0x67505a]
V  [jvm.dll+0x309acb]
V  [jvm.dll+0x310f86]
V  [jvm.dll+0x3608ee]
V  [jvm.dll+0x360b1f]
V  [jvm.dll+0x2dfbf8]
V  [jvm.dll+0x2ddec4]
V  [jvm.dll+0x2dd4cc]
V  [jvm.dll+0x321f3b]
V  [jvm.dll+0x848ccb]
V  [jvm.dll+0x849a04]
V  [jvm.dll+0x849f1d]
V  [jvm.dll+0x84a2f4]
V  [jvm.dll+0x84a3c0]
V  [jvm.dll+0x7f274a]
V  [jvm.dll+0x682ad5]
C  [ucrtbase.dll+0x29363]
C  [KERNEL32.DLL+0x1257d]
C  [ntdll.dll+0x5aa58]

VM_Operation (0x000000ffe57f2a10): G1CollectForAllocation, mode: safepoint, requested by thread 0x00000249583f2c70


---------------  P R O C E S S  ---------------

Threads class SMR info:
_java_thread_list=0x000002495aefe990, length=69, elements={
0x000002493aae1c80, 0x00000249554bdeb0, 0x00000249554bed20, 0x00000249560416b0,
0x0000024956042430, 0x0000024956045e00, 0x00000249560467b0, 0x0000024956054a60,
0x0000024956055500, 0x00000249560566d0, 0x0000024956155000, 0x00000249561e96b0,
0x00000249563476a0, 0x0000024956bc2780, 0x0000024957b2dd30, 0x0000024957e74080,
0x000002495804c3a0, 0x00000249582a05d0, 0x0000024958210c10, 0x000002495857d440,
0x00000249583f2c70, 0x0000024958451090, 0x00000249580f1690, 0x00000249580f0820,
0x00000249580f11c0, 0x00000249580f0350, 0x00000249580efe80, 0x00000249580f0cf0,
0x0000024958b2c8a0, 0x0000024958b276d0, 0x0000024958b2cd70, 0x0000024958b2a220,
0x0000024958b2bf00, 0x0000024958b2c3d0, 0x0000024958b27200, 0x0000024958b25520,
0x0000024958b259f0, 0x0000024958b25ec0, 0x0000024958b26390, 0x0000024958b29d50,
0x0000024958b27ba0, 0x0000024958b26860, 0x0000024958b29880, 0x0000024958b26d30,
0x0000024958b28070, 0x0000024958b28540, 0x0000024958b28ee0, 0x0000024958b28a10,
0x0000024958b293b0, 0x0000024958b2a6f0, 0x0000024958b2ba30, 0x000002495a937210,
0x000002495a9393c0, 0x000002495a938550, 0x000002495a935530, 0x000002495a936870,
0x000002495a93bf10, 0x000002495a936d40, 0x000002495a93b570, 0x000002495a938ef0,
0x000002495a93a700, 0x000002495a938a20, 0x000002495a9376e0, 0x000002495a937bb0,
0x000002495a935a00, 0x000002495a93c3e0, 0x000002495a939890, 0x000002495a935060,
0x000002495a939d60
}

Java Threads: ( => current thread )
  0x000002493aae1c80 JavaThread "main" [_thread_blocked, id=25740, stack(0x000000ffe3800000,0x000000ffe3900000)]
  0x00000249554bdeb0 JavaThread "Reference Handler" daemon [_thread_blocked, id=10408, stack(0x000000ffe3f00000,0x000000ffe4000000)]
  0x00000249554bed20 JavaThread "Finalizer" daemon [_thread_blocked, id=21496, stack(0x000000ffe4000000,0x000000ffe4100000)]
  0x00000249560416b0 JavaThread "Signal Dispatcher" daemon [_thread_blocked, id=1632, stack(0x000000ffe4100000,0x000000ffe4200000)]
  0x0000024956042430 JavaThread "Attach Listener" daemon [_thread_blocked, id=16896, stack(0x000000ffe4200000,0x000000ffe4300000)]
  0x0000024956045e00 JavaThread "Service Thread" daemon [_thread_blocked, id=14080, stack(0x000000ffe4300000,0x000000ffe4400000)]
  0x00000249560467b0 JavaThread "Monitor Deflation Thread" daemon [_thread_blocked, id=9304, stack(0x000000ffe4400000,0x000000ffe4500000)]
  0x0000024956054a60 JavaThread "C2 CompilerThread0" daemon [_thread_blocked, id=11648, stack(0x000000ffe4500000,0x000000ffe4600000)]
  0x0000024956055500 JavaThread "C1 CompilerThread0" daemon [_thread_blocked, id=9628, stack(0x000000ffe4600000,0x000000ffe4700000)]
  0x00000249560566d0 JavaThread "Sweeper thread" daemon [_thread_blocked, id=12020, stack(0x000000ffe4700000,0x000000ffe4800000)]
  0x0000024956155000 JavaThread "Common-Cleaner" daemon [_thread_blocked, id=17808, stack(0x000000ffe4800000,0x000000ffe4900000)]
  0x00000249561e96b0 JavaThread "C1 CompilerThread1" daemon [_thread_blocked, id=1900, stack(0x000000ffe4900000,0x000000ffe4a00000)]
  0x00000249563476a0 JavaThread "Notification Thread" daemon [_thread_blocked, id=25200, stack(0x000000ffe4a00000,0x000000ffe4b00000)]
  0x0000024956bc2780 JavaThread "C1 CompilerThread2" daemon [_thread_blocked, id=16512, stack(0x000000ffe4c00000,0x000000ffe4d00000)]
  0x0000024957b2dd30 JavaThread "Daemon health stats" [_thread_blocked, id=7524, stack(0x000000ffe5100000,0x000000ffe5200000)]
  0x0000024957e74080 JavaThread "Incoming local TCP Connector on port 52537" [_thread_in_native, id=31400, stack(0x000000ffe5200000,0x000000ffe5300000)]
  0x000002495804c3a0 JavaThread "Daemon periodic checks" [_thread_blocked, id=15020, stack(0x000000ffe5300000,0x000000ffe5400000)]
  0x00000249582a05d0 JavaThread "Daemon" [_thread_blocked, id=23432, stack(0x000000ffe5400000,0x000000ffe5500000)]
  0x0000024958210c10 JavaThread "Handler for socket connection from /127.0.0.1:52537 to /127.0.0.1:52538" [_thread_in_native, id=31680, stack(0x000000ffe5500000,0x000000ffe5600000)]
  0x000002495857d440 JavaThread "Cancel handler" [_thread_blocked, id=29880, stack(0x000000ffe5600000,0x000000ffe5700000)]
  0x00000249583f2c70 JavaThread "Daemon worker" [_thread_blocked, id=22364, stack(0x000000ffe5700000,0x000000ffe5800000)]
  0x0000024958451090 JavaThread "Asynchronous log dispatcher for DefaultDaemonConnection: socket connection from /127.0.0.1:52537 to /127.0.0.1:52538" [_thread_blocked, id=18404, stack(0x000000ffe5800000,0x000000ffe5900000)]
  0x00000249580f1690 JavaThread "Stdin handler" [_thread_blocked, id=26980, stack(0x000000ffe5900000,0x000000ffe5a00000)]
  0x00000249580f0820 JavaThread "Daemon client event forwarder" [_thread_blocked, id=15240, stack(0x000000ffe5a00000,0x000000ffe5b00000)]
  0x00000249580f11c0 JavaThread "Cache worker for journal cache (C:\Users\Asus\.gradle\caches\journal-1)" [_thread_blocked, id=29144, stack(0x000000ffe6500000,0x000000ffe6600000)]
  0x00000249580f0350 JavaThread "File lock request listener" [_thread_in_native, id=15672, stack(0x000000ffe6600000,0x000000ffe6700000)]
  0x00000249580efe80 JavaThread "Cache worker for file hash cache (C:\Users\Asus\.gradle\caches\8.2\fileHashes)" [_thread_blocked, id=29040, stack(0x000000ffe6800000,0x000000ffe6900000)]
  0x00000249580f0cf0 JavaThread "File watcher server" daemon [_thread_in_native, id=9748, stack(0x000000ffe6900000,0x000000ffe6a00000)]
  0x0000024958b2c8a0 JavaThread "File watcher consumer" daemon [_thread_blocked, id=6032, stack(0x000000ffe6a00000,0x000000ffe6b00000)]
  0x0000024958b276d0 JavaThread "jar transforms" [_thread_blocked, id=26852, stack(0x000000ffe6b00000,0x000000ffe6c00000)]
  0x0000024958b2cd70 JavaThread "jar transforms Thread 2" [_thread_blocked, id=9500, stack(0x000000ffe6c00000,0x000000ffe6d00000)]
  0x0000024958b2a220 JavaThread "jar transforms Thread 3" [_thread_blocked, id=19976, stack(0x000000ffe6d00000,0x000000ffe6e00000)]
  0x0000024958b2bf00 JavaThread "jar transforms Thread 4" [_thread_blocked, id=21904, stack(0x000000ffe6e00000,0x000000ffe6f00000)]
  0x0000024958b2c3d0 JavaThread "jar transforms Thread 5" [_thread_blocked, id=31404, stack(0x000000ffe6f00000,0x000000ffe7000000)]
  0x0000024958b27200 JavaThread "jar transforms Thread 6" [_thread_blocked, id=23904, stack(0x000000ffe7000000,0x000000ffe7100000)]
  0x0000024958b25520 JavaThread "jar transforms Thread 7" [_thread_blocked, id=28964, stack(0x000000ffe7100000,0x000000ffe7200000)]
  0x0000024958b259f0 JavaThread "jar transforms Thread 8" [_thread_blocked, id=24660, stack(0x000000ffe7200000,0x000000ffe7300000)]
  0x0000024958b25ec0 JavaThread "jar transforms Thread 9" [_thread_blocked, id=27020, stack(0x000000ffe7300000,0x000000ffe7400000)]
  0x0000024958b26390 JavaThread "jar transforms Thread 10" [_thread_blocked, id=30312, stack(0x000000ffe7400000,0x000000ffe7500000)]
  0x0000024958b29d50 JavaThread "jar transforms Thread 11" [_thread_blocked, id=19196, stack(0x000000ffe7500000,0x000000ffe7600000)]
  0x0000024958b27ba0 JavaThread "jar transforms Thread 12" [_thread_blocked, id=10584, stack(0x000000ffe7600000,0x000000ffe7700000)]
  0x0000024958b26860 JavaThread "jar transforms Thread 13" [_thread_blocked, id=17736, stack(0x000000ffe7700000,0x000000ffe7800000)]
  0x0000024958b29880 JavaThread "jar transforms Thread 14" [_thread_blocked, id=5568, stack(0x000000ffe7800000,0x000000ffe7900000)]
  0x0000024958b26d30 JavaThread "jar transforms Thread 15" [_thread_blocked, id=22808, stack(0x000000ffe7900000,0x000000ffe7a00000)]
  0x0000024958b28070 JavaThread "jar transforms Thread 16" [_thread_blocked, id=17604, stack(0x000000ffe7a00000,0x000000ffe7b00000)]
  0x0000024958b28540 JavaThread "Cache worker for checksums cache (C:\Users\Asus\AndroidStudioProjects\MADApp\.gradle\8.2\checksums)" [_thread_blocked, id=22632, stack(0x000000ffe7b00000,0x000000ffe7c00000)]
  0x0000024958b28ee0 JavaThread "Cache worker for cache directory md-rule (C:\Users\Asus\.gradle\caches\8.2\md-rule)" [_thread_blocked, id=28012, stack(0x000000ffe7c00000,0x000000ffe7d00000)]
  0x0000024958b28a10 JavaThread "Cache worker for file content cache (C:\Users\Asus\.gradle\caches\8.2\fileContent)" [_thread_blocked, id=14556, stack(0x000000ffe7d00000,0x000000ffe7e00000)]
  0x0000024958b293b0 JavaThread "Cache worker for file hash cache (C:\Users\Asus\AndroidStudioProjects\MADApp\.gradle\8.2\fileHashes)" [_thread_blocked, id=6196, stack(0x000000ffe7e00000,0x000000ffe7f00000)]
  0x0000024958b2a6f0 JavaThread "Cache worker for cache directory md-supplier (C:\Users\Asus\.gradle\caches\8.2\md-supplier)" [_thread_blocked, id=13480, stack(0x000000ffe7f00000,0x000000ffe8000000)]
  0x0000024958b2ba30 JavaThread "Cache worker for execution history cache (C:\Users\Asus\.gradle\caches\8.2\executionHistory)" [_thread_blocked, id=19100, stack(0x000000ffe8000000,0x000000ffe8100000)]
  0x000002495a937210 JavaThread "Cache worker for kotlin-dsl (C:\Users\Asus\.gradle\caches\8.2\kotlin-dsl)" [_thread_blocked, id=31184, stack(0x000000ffe6700000,0x000000ffe6800000)]
  0x000002495a9393c0 JavaThread "Cache worker for dependencies-accessors (C:\Users\Asus\AndroidStudioProjects\MADApp\.gradle\8.2\dependencies-accessors)" [_thread_blocked, id=30804, stack(0x000000ffe8100000,0x000000ffe8200000)]
  0x000002495a938550 JavaThread "Cache worker for Build Output Cleanup Cache (C:\Users\Asus\AndroidStudioProjects\MADApp\.gradle\buildOutputCleanup)" [_thread_blocked, id=31476, stack(0x000000ffe8200000,0x000000ffe8300000)]
  0x000002495a935530 JavaThread "Unconstrained build operations" [_thread_blocked, id=7280, stack(0x000000ffe8300000,0x000000ffe8400000)]
  0x000002495a936870 JavaThread "Unconstrained build operations Thread 2" [_thread_blocked, id=15044, stack(0x000000ffe8400000,0x000000ffe8500000)]
  0x000002495a93bf10 JavaThread "Unconstrained build operations Thread 3" [_thread_blocked, id=30748, stack(0x000000ffe8500000,0x000000ffe8600000)]
  0x000002495a936d40 JavaThread "Unconstrained build operations Thread 4" [_thread_blocked, id=26412, stack(0x000000ffe8600000,0x000000ffe8700000)]
  0x000002495a93b570 JavaThread "Unconstrained build operations Thread 5" [_thread_blocked, id=11500, stack(0x000000ffe8700000,0x000000ffe8800000)]
  0x000002495a938ef0 JavaThread "Unconstrained build operations Thread 6" [_thread_blocked, id=31000, stack(0x000000ffe8800000,0x000000ffe8900000)]
  0x000002495a93a700 JavaThread "Unconstrained build operations Thread 7" [_thread_blocked, id=30696, stack(0x000000ffe8900000,0x000000ffe8a00000)]
  0x000002495a938a20 JavaThread "Unconstrained build operations Thread 8" [_thread_blocked, id=15076, stack(0x000000ffe8a00000,0x000000ffe8b00000)]
  0x000002495a9376e0 JavaThread "Unconstrained build operations Thread 9" [_thread_blocked, id=13404, stack(0x000000ffe8b00000,0x000000ffe8c00000)]
  0x000002495a937bb0 JavaThread "Unconstrained build operations Thread 10" [_thread_blocked, id=20060, stack(0x000000ffe8c00000,0x000000ffe8d00000)]
  0x000002495a935a00 JavaThread "Unconstrained build operations Thread 11" [_thread_blocked, id=31220, stack(0x000000ffe8d00000,0x000000ffe8e00000)]
  0x000002495a93c3e0 JavaThread "Unconstrained build operations Thread 12" [_thread_blocked, id=29920, stack(0x000000ffe8e00000,0x000000ffe8f00000)]
  0x000002495a939890 JavaThread "Unconstrained build operations Thread 13" [_thread_blocked, id=27288, stack(0x000000ffe8f00000,0x000000ffe9000000)]
  0x000002495a935060 JavaThread "Unconstrained build operations Thread 14" [_thread_blocked, id=27400, stack(0x000000ffe9000000,0x000000ffe9100000)]
  0x000002495a939d60 JavaThread "Unconstrained build operations Thread 15" [_thread_blocked, id=7220, stack(0x000000ffe9100000,0x000000ffe9200000)]

Other Threads:
=>0x00000249554ba800 VMThread "VM Thread" [stack: 0x000000ffe3e00000,0x000000ffe3f00000] [id=12464]
  0x000002493ab68e20 WatcherThread [stack: 0x000000ffe4b00000,0x000000ffe4c00000] [id=31320]
  0x000002493ab3fc20 GCTaskThread "GC Thread#0" [stack: 0x000000ffe3900000,0x000000ffe3a00000] [id=2532]
  0x00000249576ed9b0 GCTaskThread "GC Thread#1" [stack: 0x000000ffe4d00000,0x000000ffe4e00000] [id=3676]
  0x0000024957466d70 GCTaskThread "GC Thread#2" [stack: 0x000000ffe4e00000,0x000000ffe4f00000] [id=21000]
  0x0000024957467020 GCTaskThread "GC Thread#3" [stack: 0x000000ffe4f00000,0x000000ffe5000000] [id=6712]
  0x0000024957b47ee0 GCTaskThread "GC Thread#4" [stack: 0x000000ffe5000000,0x000000ffe5100000] [id=31128]
  0x0000024958451560 GCTaskThread "GC Thread#5" [stack: 0x000000ffe5b00000,0x000000ffe5c00000] [id=18756]
  0x00000249580fe420 GCTaskThread "GC Thread#6" [stack: 0x000000ffe5c00000,0x000000ffe5d00000] [id=30908]
  0x0000024958643c70 GCTaskThread "GC Thread#7" [stack: 0x000000ffe5d00000,0x000000ffe5e00000] [id=10416]
  0x00000249585ed4e0 GCTaskThread "GC Thread#8" [stack: 0x000000ffe5e00000,0x000000ffe5f00000] [id=13716]
  0x0000024958449070 GCTaskThread "GC Thread#9" [stack: 0x000000ffe5f00000,0x000000ffe6000000] [id=7724]
  0x00000249584c0c80 GCTaskThread "GC Thread#10" [stack: 0x000000ffe6000000,0x000000ffe6100000] [id=4804]
  0x0000024958643060 GCTaskThread "GC Thread#11" [stack: 0x000000ffe6100000,0x000000ffe6200000] [id=8296]
  0x0000024958604f30 GCTaskThread "GC Thread#12" [stack: 0x000000ffe6200000,0x000000ffe6300000] [id=14544]
  0x000002493ab51310 ConcurrentGCThread "G1 Main Marker" [stack: 0x000000ffe3a00000,0x000000ffe3b00000] [id=22832]
  0x000002493ab51d20 ConcurrentGCThread "G1 Conc#0" [stack: 0x000000ffe3b00000,0x000000ffe3c00000] [id=5544]
  0x000002495879d8d0 ConcurrentGCThread "G1 Conc#1" [stack: 0x000000ffe6300000,0x000000ffe6400000] [id=30172]
  0x000002495861afb0 ConcurrentGCThread "G1 Conc#2" [stack: 0x000000ffe6400000,0x000000ffe6500000] [id=16364]
  0x000002493ab9dc70 ConcurrentGCThread "G1 Refine#0" [stack: 0x000000ffe3c00000,0x000000ffe3d00000] [id=27496]
  0x0000024958bb31d0 ConcurrentGCThread "G1 Refine#1" [stack: 0x000000ffe9200000,0x000000ffe9300000] [id=24372]
  0x0000024958bb2090 ConcurrentGCThread "G1 Refine#2" [stack: 0x000000ffe9300000,0x000000ffe9400000] [id=27524]
  0x0000024958bb2650 ConcurrentGCThread "G1 Refine#3" [stack: 0x000000ffe9400000,0x000000ffe9500000] [id=18260]
  0x0000024958bb2930 ConcurrentGCThread "G1 Refine#4" [stack: 0x000000ffe9500000,0x000000ffe9600000] [id=12364]
  0x0000024958bb34b0 ConcurrentGCThread "G1 Refine#5" [stack: 0x000000ffe9600000,0x000000ffe9700000] [id=21068]
  0x0000024958bb4bb0 ConcurrentGCThread "G1 Refine#6" [stack: 0x000000ffe9700000,0x000000ffe9800000] [id=17368]
  0x0000024958bb3a70 ConcurrentGCThread "G1 Refine#7" [stack: 0x000000ffe9800000,0x000000ffe9900000] [id=22324]
  0x0000024958bb3790 ConcurrentGCThread "G1 Refine#8" [stack: 0x000000ffe9900000,0x000000ffe9a00000] [id=24024]
  0x0000024958bb2c10 ConcurrentGCThread "G1 Refine#9" [stack: 0x000000ffe9a00000,0x000000ffe9b00000] [id=8748]
  0x0000024958bb5a10 ConcurrentGCThread "G1 Refine#10" [stack: 0x000000ffe9b00000,0x000000ffe9c00000] [id=19176]
  0x0000024958bb3d50 ConcurrentGCThread "G1 Refine#11" [stack: 0x000000ffe9c00000,0x000000ffe9d00000] [id=11936]
  0x0000024958bb5730 ConcurrentGCThread "G1 Refine#12" [stack: 0x000000ffe9d00000,0x000000ffe9e00000] [id=13144]
  0x000002493ab9e690 ConcurrentGCThread "G1 Service" [stack: 0x000000ffe3d00000,0x000000ffe3e00000] [id=8380]

Threads with active compile tasks:
C1 CompilerThread0    24862 10391       3       org.jetbrains.kotlin.ir.visitors.IrElementVisitor$DefaultImpls::visitDeclarationReference (18 bytes)

VM state: at safepoint (normal execution)

VM Mutex/Monitor currently owned by a thread:  ([mutex/lock_event])
[0x000002493aadde30] Threads_lock - owner thread: 0x00000249554ba800
[0x000002493aadf390] Heap_lock - owner thread: 0x00000249583f2c70

Heap address: 0x0000000080000000, size: 2048 MB, Compressed Oops mode: 32-bit

CDS archive(s) not mapped
Compressed class space mapped at: 0x0000000100000000-0x0000000140000000, reserved size: 1073741824
Narrow klass base: 0x0000000000000000, Narrow klass shift: 3, Narrow klass range: 0x140000000

GC Precious Log:
 CPUs: 16 total, 16 available
 Memory: 7597M
 Large Page Support: Disabled
 NUMA Support: Disabled
 Compressed Oops: Enabled (32-bit)
 Heap Region Size: 1M
 Heap Min Capacity: 8M
 Heap Initial Capacity: 120M
 Heap Max Capacity: 2G
 Pre-touch: Disabled
 Parallel Workers: 13
 Concurrent Workers: 3
 Concurrent Refinement Workers: 13
 Periodic GC: Disabled

Heap:
 garbage-first heap   total 232448K, used 133948K [0x0000000080000000, 0x0000000100000000)
  region size 1024K, 2 young (2048K), 2 survivors (2048K)
 Metaspace       used 112125K, committed 112832K, reserved 1146880K
  class space    used 14615K, committed 14912K, reserved 1048576K

Heap Regions: E=young(eden), S=young(survivor), O=old, HS=humongous(starts), HC=humongous(continues), CS=collection set, F=free, OA=open archive, CA=closed archive, TAMS=top-at-mark-start (previous, next)
|   0|0x0000000080000000, 0x0000000080100000, 0x0000000080100000|100%|HS|  |TAMS 0x0000000080100000, 0x0000000080100000| Complete 
|   1|0x0000000080100000, 0x0000000080200000, 0x0000000080200000|100%|HC|  |TAMS 0x0000000080200000, 0x0000000080200000| Complete 
|   2|0x0000000080200000, 0x0000000080300000, 0x0000000080300000|100%|HC|  |TAMS 0x0000000080300000, 0x0000000080300000| Complete 
|   3|0x0000000080300000, 0x0000000080400000, 0x0000000080400000|100%|HC|  |TAMS 0x0000000080400000, 0x0000000080400000| Complete 
|   4|0x0000000080400000, 0x0000000080500000, 0x0000000080500000|100%| O|  |TAMS 0x0000000080500000, 0x0000000080500000| Untracked 
|   5|0x0000000080500000, 0x0000000080600000, 0x0000000080600000|100%| O|  |TAMS 0x0000000080600000, 0x0000000080600000| Untracked 
|   6|0x0000000080600000, 0x0000000080700000, 0x0000000080700000|100%| O|  |TAMS 0x0000000080700000, 0x0000000080700000| Untracked 
|   7|0x0000000080700000, 0x0000000080800000, 0x0000000080800000|100%| O|  |TAMS 0x0000000080800000, 0x0000000080800000| Untracked 
|   8|0x0000000080800000, 0x0000000080900000, 0x0000000080900000|100%| O|  |TAMS 0x0000000080900000, 0x0000000080900000| Untracked 
|   9|0x0000000080900000, 0x0000000080a00000, 0x0000000080a00000|100%| O|  |TAMS 0x0000000080a00000, 0x0000000080a00000| Untracked 
|  10|0x0000000080a00000, 0x0000000080b00000, 0x0000000080b00000|100%| O|  |TAMS 0x0000000080b00000, 0x0000000080b00000| Untracked 
|  11|0x0000000080b00000, 0x0000000080bffff8, 0x0000000080c00000| 99%| O|  |TAMS 0x0000000080bffff8, 0x0000000080bffff8| Untracked 
|  12|0x0000000080c00000, 0x0000000080d00000, 0x0000000080d00000|100%| O|  |TAMS 0x0000000080d00000, 0x0000000080d00000| Untracked 
|  13|0x0000000080d00000, 0x0000000080e00000, 0x0000000080e00000|100%| O|  |TAMS 0x0000000080e00000, 0x0000000080e00000| Untracked 
|  14|0x0000000080e00000, 0x0000000080f00000, 0x0000000080f00000|100%| O|  |TAMS 0x0000000080f00000, 0x0000000080f00000| Untracked 
|  15|0x0000000080f00000, 0x0000000081000000, 0x0000000081000000|100%| O|  |TAMS 0x0000000081000000, 0x0000000081000000| Untracked 
|  16|0x0000000081000000, 0x0000000081100000, 0x0000000081100000|100%| O|  |TAMS 0x0000000081100000, 0x0000000081100000| Untracked 
|  17|0x0000000081100000, 0x0000000081200000, 0x0000000081200000|100%| O|  |TAMS 0x0000000081200000, 0x0000000081200000| Untracked 
|  18|0x0000000081200000, 0x0000000081300000, 0x0000000081300000|100%| O|  |TAMS 0x0000000081300000, 0x0000000081300000| Untracked 
|  19|0x0000000081300000, 0x0000000081400000, 0x0000000081400000|100%|HS|  |TAMS 0x0000000081400000, 0x0000000081400000| Complete 
|  20|0x0000000081400000, 0x0000000081500000, 0x0000000081500000|100%|HC|  |TAMS 0x0000000081500000, 0x0000000081500000| Complete 
|  21|0x0000000081500000, 0x0000000081600000, 0x0000000081600000|100%|HS|  |TAMS 0x0000000081600000, 0x0000000081600000| Complete 
|  22|0x0000000081600000, 0x0000000081700000, 0x0000000081700000|100%|HC|  |TAMS 0x0000000081700000, 0x0000000081700000| Complete 
|  23|0x0000000081700000, 0x0000000081800000, 0x0000000081800000|100%|HC|  |TAMS 0x0000000081800000, 0x0000000081800000| Complete 
|  24|0x0000000081800000, 0x0000000081900000, 0x0000000081900000|100%|HS|  |TAMS 0x0000000081900000, 0x0000000081900000| Complete 
|  25|0x0000000081900000, 0x0000000081a00000, 0x0000000081a00000|100%|HC|  |TAMS 0x0000000081a00000, 0x0000000081a00000| Complete 
|  26|0x0000000081a00000, 0x0000000081b00000, 0x0000000081b00000|100%|HC|  |TAMS 0x0000000081b00000, 0x0000000081b00000| Complete 
|  27|0x0000000081b00000, 0x0000000081c00000, 0x0000000081c00000|100%| O|  |TAMS 0x0000000081c00000, 0x0000000081c00000| Untracked 
|  28|0x0000000081c00000, 0x0000000081d00000, 0x0000000081d00000|100%| O|  |TAMS 0x0000000081d00000, 0x0000000081d00000| Untracked 
|  29|0x0000000081d00000, 0x0000000081e00000, 0x0000000081e00000|100%| O|  |TAMS 0x0000000081e00000, 0x0000000081e00000| Untracked 
|  30|0x0000000081e00000, 0x0000000081f00000, 0x0000000081f00000|100%|HS|  |TAMS 0x0000000081f00000, 0x0000000081f00000| Complete 
|  31|0x0000000081f00000, 0x0000000082000000, 0x0000000082000000|100%|HC|  |TAMS 0x0000000082000000, 0x0000000082000000| Complete 
|  32|0x0000000082000000, 0x0000000082100000, 0x0000000082100000|100%|HC|  |TAMS 0x0000000082100000, 0x0000000082100000| Complete 
|  33|0x0000000082100000, 0x0000000082200000, 0x0000000082200000|100%|HC|  |TAMS 0x0000000082200000, 0x0000000082200000| Complete 
|  34|0x0000000082200000, 0x0000000082300000, 0x0000000082300000|100%|HC|  |TAMS 0x0000000082300000, 0x0000000082300000| Complete 
|  35|0x0000000082300000, 0x0000000082400000, 0x0000000082400000|100%|HC|  |TAMS 0x0000000082400000, 0x0000000082400000| Complete 
|  36|0x0000000082400000, 0x0000000082500000, 0x0000000082500000|100%|HC|  |TAMS 0x0000000082500000, 0x0000000082500000| Complete 
|  37|0x0000000082500000, 0x0000000082600000, 0x0000000082600000|100%|HC|  |TAMS 0x0000000082600000, 0x0000000082600000| Complete 
|  38|0x0000000082600000, 0x0000000082700000, 0x0000000082700000|100%|HC|  |TAMS 0x0000000082700000, 0x0000000082700000| Complete 
|  39|0x0000000082700000, 0x0000000082800000, 0x0000000082800000|100%|HC|  |TAMS 0x0000000082800000, 0x0000000082800000| Complete 
|  40|0x0000000082800000, 0x0000000082900000, 0x0000000082900000|100%|HC|  |TAMS 0x0000000082900000, 0x0000000082900000| Complete 
|  41|0x0000000082900000, 0x0000000082a00000, 0x0000000082a00000|100%|HC|  |TAMS 0x0000000082a00000, 0x0000000082a00000| Complete 
|  42|0x0000000082a00000, 0x0000000082b00000, 0x0000000082b00000|100%| O|  |TAMS 0x0000000082b00000, 0x0000000082b00000| Untracked 
|  43|0x0000000082b00000, 0x0000000082c00000, 0x0000000082c00000|100%| O|  |TAMS 0x0000000082c00000, 0x0000000082c00000| Untracked 
|  44|0x0000000082c00000, 0x0000000082d00000, 0x0000000082d00000|100%| O|  |TAMS 0x0000000082d00000, 0x0000000082d00000| Untracked 
|  45|0x0000000082d00000, 0x0000000082e00000, 0x0000000082e00000|100%|HS|  |TAMS 0x0000000082e00000, 0x0000000082e00000| Complete 
|  46|0x0000000082e00000, 0x0000000082f00000, 0x0000000082f00000|100%|HC|  |TAMS 0x0000000082f00000, 0x0000000082f00000| Complete 
|  47|0x0000000082f00000, 0x0000000083000000, 0x0000000083000000|100%| O|  |TAMS 0x0000000083000000, 0x0000000083000000| Untracked 
|  48|0x0000000083000000, 0x0000000083100000, 0x0000000083100000|100%| O|  |TAMS 0x0000000083100000, 0x0000000083100000| Untracked 
|  49|0x0000000083100000, 0x0000000083200000, 0x0000000083200000|100%| O|  |TAMS 0x0000000083200000, 0x0000000083200000| Untracked 
|  50|0x0000000083200000, 0x0000000083300000, 0x0000000083300000|100%| O|  |TAMS 0x0000000083300000, 0x0000000083300000| Untracked 
|  51|0x0000000083300000, 0x0000000083400000, 0x0000000083400000|100%| O|  |TAMS 0x0000000083400000, 0x0000000083400000| Untracked 
|  52|0x0000000083400000, 0x0000000083500000, 0x0000000083500000|100%| O|  |TAMS 0x0000000083500000, 0x0000000083500000| Untracked 
|  53|0x0000000083500000, 0x0000000083600000, 0x0000000083600000|100%| O|  |TAMS 0x0000000083600000, 0x0000000083600000| Untracked 
|  54|0x0000000083600000, 0x0000000083700000, 0x0000000083700000|100%| O|  |TAMS 0x0000000083700000, 0x0000000083700000| Untracked 
|  55|0x0000000083700000, 0x0000000083800000, 0x0000000083800000|100%| O|  |TAMS 0x0000000083800000, 0x0000000083800000| Untracked 
|  56|0x0000000083800000, 0x0000000083900000, 0x0000000083900000|100%|HS|  |TAMS 0x0000000083900000, 0x0000000083900000| Complete 
|  57|0x0000000083900000, 0x0000000083a00000, 0x0000000083a00000|100%|HC|  |TAMS 0x0000000083a00000, 0x0000000083a00000| Complete 
|  58|0x0000000083a00000, 0x0000000083b00000, 0x0000000083b00000|100%|HC|  |TAMS 0x0000000083b00000, 0x0000000083b00000| Complete 
|  59|0x0000000083b00000, 0x0000000083c00000, 0x0000000083c00000|100%| O|  |TAMS 0x0000000083c00000, 0x0000000083c00000| Untracked 
|  60|0x0000000083c00000, 0x0000000083d00000, 0x0000000083d00000|100%| O|  |TAMS 0x0000000083d00000, 0x0000000083d00000| Untracked 
|  61|0x0000000083d00000, 0x0000000083e00000, 0x0000000083e00000|100%| O|  |TAMS 0x0000000083e00000, 0x0000000083e00000| Untracked 
|  62|0x0000000083e00000, 0x0000000083f00000, 0x0000000083f00000|100%| O|  |TAMS 0x0000000083f00000, 0x0000000083f00000| Untracked 
|  63|0x0000000083f00000, 0x0000000084000000, 0x0000000084000000|100%| O|  |TAMS 0x0000000084000000, 0x0000000084000000| Untracked 
|  64|0x0000000084000000, 0x0000000084100000, 0x0000000084100000|100%| O|  |TAMS 0x0000000084100000, 0x0000000084100000| Untracked 
|  65|0x0000000084100000, 0x0000000084200000, 0x0000000084200000|100%| O|  |TAMS 0x0000000084200000, 0x0000000084200000| Untracked 
|  66|0x0000000084200000, 0x0000000084300000, 0x0000000084300000|100%| O|  |TAMS 0x0000000084300000, 0x0000000084300000| Untracked 
|  67|0x0000000084300000, 0x0000000084400000, 0x0000000084400000|100%|HS|  |TAMS 0x0000000084400000, 0x0000000084400000| Complete 
|  68|0x0000000084400000, 0x0000000084500000, 0x0000000084500000|100%| O|  |TAMS 0x0000000084500000, 0x0000000084500000| Untracked 
|  69|0x0000000084500000, 0x0000000084600000, 0x0000000084600000|100%| O|  |TAMS 0x0000000084600000, 0x0000000084600000| Untracked 
|  70|0x0000000084600000, 0x0000000084700000, 0x0000000084700000|100%| O|  |TAMS 0x0000000084700000, 0x0000000084700000| Untracked 
|  71|0x0000000084700000, 0x0000000084800000, 0x0000000084800000|100%| O|  |TAMS 0x0000000084800000, 0x0000000084800000| Untracked 
|  72|0x0000000084800000, 0x0000000084900000, 0x0000000084900000|100%|HS|  |TAMS 0x0000000084900000, 0x0000000084900000| Complete 
|  73|0x0000000084900000, 0x0000000084a00000, 0x0000000084a00000|100%|HS|  |TAMS 0x0000000084a00000, 0x0000000084a00000| Complete 
|  74|0x0000000084a00000, 0x0000000084b00000, 0x0000000084b00000|100%| O|  |TAMS 0x0000000084b00000, 0x0000000084b00000| Untracked 
|  75|0x0000000084b00000, 0x0000000084c00000, 0x0000000084c00000|100%| O|  |TAMS 0x0000000084c00000, 0x0000000084c00000| Untracked 
|  76|0x0000000084c00000, 0x0000000084d00000, 0x0000000084d00000|100%| O|  |TAMS 0x0000000084d00000, 0x0000000084d00000| Untracked 
|  77|0x0000000084d00000, 0x0000000084d00000, 0x0000000084e00000|  0%| F|  |TAMS 0x0000000084d00000, 0x0000000084d00000| Untracked 
|  78|0x0000000084e00000, 0x0000000084f00000, 0x0000000084f00000|100%| O|  |TAMS 0x0000000084f00000, 0x0000000084f00000| Untracked 
|  79|0x0000000084f00000, 0x0000000085000000, 0x0000000085000000|100%|HS|  |TAMS 0x0000000085000000, 0x0000000085000000| Complete 
|  80|0x0000000085000000, 0x0000000085100000, 0x0000000085100000|100%|HC|  |TAMS 0x0000000085100000, 0x0000000085100000| Complete 
|  81|0x0000000085100000, 0x0000000085200000, 0x0000000085200000|100%|HC|  |TAMS 0x0000000085200000, 0x0000000085200000| Complete 
|  82|0x0000000085200000, 0x0000000085300000, 0x0000000085300000|100%|HC|  |TAMS 0x0000000085300000, 0x0000000085300000| Complete 
|  83|0x0000000085300000, 0x0000000085400000, 0x0000000085400000|100%| O|  |TAMS 0x0000000085400000, 0x0000000085400000| Untracked 
|  84|0x0000000085400000, 0x0000000085500000, 0x0000000085500000|100%| O|  |TAMS 0x0000000085500000, 0x0000000085500000| Untracked 
|  85|0x0000000085500000, 0x0000000085600000, 0x0000000085600000|100%| O|  |TAMS 0x0000000085600000, 0x0000000085600000| Untracked 
|  86|0x0000000085600000, 0x0000000085700000, 0x0000000085700000|100%| O|  |TAMS 0x0000000085700000, 0x0000000085700000| Untracked 
|  87|0x0000000085700000, 0x0000000085800000, 0x0000000085800000|100%| O|  |TAMS 0x0000000085800000, 0x0000000085800000| Untracked 
|  88|0x0000000085800000, 0x0000000085900000, 0x0000000085900000|100%| O|  |TAMS 0x0000000085900000, 0x0000000085900000| Untracked 
|  89|0x0000000085900000, 0x0000000085a00000, 0x0000000085a00000|100%| O|  |TAMS 0x0000000085a00000, 0x0000000085a00000| Untracked 
|  90|0x0000000085a00000, 0x0000000085b00000, 0x0000000085b00000|100%| O|  |TAMS 0x0000000085b00000, 0x0000000085b00000| Untracked 
|  91|0x0000000085b00000, 0x0000000085c00000, 0x0000000085c00000|100%| O|  |TAMS 0x0000000085c00000, 0x0000000085c00000| Untracked 
|  92|0x0000000085c00000, 0x0000000085d00000, 0x0000000085d00000|100%| O|  |TAMS 0x0000000085d00000, 0x0000000085d00000| Untracked 
|  93|0x0000000085d00000, 0x0000000085e00000, 0x0000000085e00000|100%| O|  |TAMS 0x0000000085e00000, 0x0000000085e00000| Untracked 
|  94|0x0000000085e00000, 0x0000000085f00000, 0x0000000085f00000|100%| O|  |TAMS 0x0000000085f00000, 0x0000000085f00000| Untracked 
|  95|0x0000000085f00000, 0x0000000086000000, 0x0000000086000000|100%| O|  |TAMS 0x0000000086000000, 0x0000000086000000| Untracked 
|  96|0x0000000086000000, 0x0000000086100000, 0x0000000086100000|100%| O|  |TAMS 0x0000000086100000, 0x0000000086100000| Untracked 
|  97|0x0000000086100000, 0x0000000086200000, 0x0000000086200000|100%| O|  |TAMS 0x0000000086200000, 0x0000000086200000| Untracked 
|  98|0x0000000086200000, 0x0000000086300000, 0x0000000086300000|100%| O|  |TAMS 0x0000000086300000, 0x0000000086300000| Untracked 
|  99|0x0000000086300000, 0x0000000086400000, 0x0000000086400000|100%| O|  |TAMS 0x0000000086400000, 0x0000000086400000| Untracked 
| 100|0x0000000086400000, 0x0000000086500000, 0x0000000086500000|100%| O|  |TAMS 0x0000000086500000, 0x0000000086500000| Untracked 
| 101|0x0000000086500000, 0x0000000086600000, 0x0000000086600000|100%| O|  |TAMS 0x0000000086600000, 0x0000000086600000| Untracked 
| 102|0x0000000086600000, 0x0000000086700000, 0x0000000086700000|100%| O|  |TAMS 0x0000000086700000, 0x0000000086700000| Untracked 
| 103|0x0000000086700000, 0x0000000086800000, 0x0000000086800000|100%| O|  |TAMS 0x0000000086800000, 0x0000000086800000| Untracked 
| 104|0x0000000086800000, 0x0000000086900000, 0x0000000086900000|100%| O|  |TAMS 0x0000000086900000, 0x0000000086900000| Untracked 
| 105|0x0000000086900000, 0x0000000086a00000, 0x0000000086a00000|100%| O|  |TAMS 0x0000000086900000, 0x0000000086a00000| Untracked 
| 106|0x0000000086a00000, 0x0000000086b00000, 0x0000000086b00000|100%| O|  |TAMS 0x0000000086b00000, 0x0000000086b00000| Untracked 
| 107|0x0000000086b00000, 0x0000000086c00000, 0x0000000086c00000|100%|HS|  |TAMS 0x0000000086c00000, 0x0000000086c00000| Complete 
| 108|0x0000000086c00000, 0x0000000086d00000, 0x0000000086d00000|100%|HC|  |TAMS 0x0000000086d00000, 0x0000000086d00000| Complete 
| 109|0x0000000086d00000, 0x0000000086e00000, 0x0000000086e00000|100%|HC|  |TAMS 0x0000000086e00000, 0x0000000086e00000| Complete 
| 110|0x0000000086e00000, 0x0000000086f00000, 0x0000000086f00000|100%|HC|  |TAMS 0x0000000086f00000, 0x0000000086f00000| Complete 
| 111|0x0000000086f00000, 0x0000000087000000, 0x0000000087000000|100%|HC|  |TAMS 0x0000000087000000, 0x0000000087000000| Complete 
| 112|0x0000000087000000, 0x0000000087100000, 0x0000000087100000|100%|HC|  |TAMS 0x0000000087100000, 0x0000000087100000| Complete 
| 113|0x0000000087100000, 0x0000000087200000, 0x0000000087200000|100%|HS|  |TAMS 0x0000000087200000, 0x0000000087200000| Complete 
| 114|0x0000000087200000, 0x0000000087300000, 0x0000000087300000|100%| O|  |TAMS 0x0000000087300000, 0x0000000087300000| Untracked 
| 115|0x0000000087300000, 0x0000000087400000, 0x0000000087400000|100%| O|  |TAMS 0x0000000087400000, 0x0000000087400000| Untracked 
| 116|0x0000000087400000, 0x0000000087500000, 0x0000000087500000|100%| O|  |TAMS 0x0000000087500000, 0x0000000087500000| Untracked 
| 117|0x0000000087500000, 0x0000000087600000, 0x0000000087600000|100%| O|  |TAMS 0x0000000087600000, 0x0000000087600000| Untracked 
| 118|0x0000000087600000, 0x0000000087700000, 0x0000000087700000|100%| O|  |TAMS 0x0000000087700000, 0x0000000087700000| Untracked 
| 119|0x0000000087700000, 0x0000000087800000, 0x0000000087800000|100%| O|  |TAMS 0x0000000087800000, 0x0000000087800000| Untracked 
| 120|0x0000000087800000, 0x0000000087900000, 0x0000000087900000|100%| O|  |TAMS 0x0000000087900000, 0x0000000087900000| Untracked 
| 121|0x0000000087900000, 0x0000000087a00000, 0x0000000087a00000|100%| O|  |TAMS 0x0000000087a00000, 0x0000000087a00000| Untracked 
| 122|0x0000000087a00000, 0x0000000087b00000, 0x0000000087b00000|100%| O|  |TAMS 0x0000000087b00000, 0x0000000087b00000| Untracked 
| 123|0x0000000087b00000, 0x0000000087c00000, 0x0000000087c00000|100%| O|  |TAMS 0x0000000087b45e00, 0x0000000087c00000| Untracked 
| 124|0x0000000087c00000, 0x0000000087d00000, 0x0000000087d00000|100%| O|  |TAMS 0x0000000087c00000, 0x0000000087d00000| Untracked 
| 125|0x0000000087d00000, 0x0000000087e00000, 0x0000000087e00000|100%| O|  |TAMS 0x0000000087d00000, 0x0000000087e00000| Untracked 
| 126|0x0000000087e00000, 0x0000000087f00000, 0x0000000087f00000|100%| O|  |TAMS 0x0000000087e00000, 0x0000000087f00000| Untracked 
| 127|0x0000000087f00000, 0x0000000088000000, 0x0000000088000000|100%| O|  |TAMS 0x0000000087f00000, 0x0000000088000000| Untracked 
| 128|0x0000000088000000, 0x0000000088100000, 0x0000000088100000|100%| O|  |TAMS 0x0000000088000000, 0x0000000088100000| Untracked 
| 129|0x0000000088100000, 0x0000000088200000, 0x0000000088200000|100%| O|  |TAMS 0x0000000088100000, 0x0000000088200000| Untracked 
| 130|0x0000000088200000, 0x000000008825cc00, 0x0000000088300000| 36%| O|  |TAMS 0x0000000088200000, 0x000000008825cc00| Untracked 
| 131|0x0000000088300000, 0x0000000088300000, 0x0000000088400000|  0%| F|  |TAMS 0x0000000088300000, 0x0000000088300000| Untracked 
| 132|0x0000000088400000, 0x0000000088400000, 0x0000000088500000|  0%| F|  |TAMS 0x0000000088400000, 0x0000000088400000| Untracked 
| 133|0x0000000088500000, 0x0000000088500000, 0x0000000088600000|  0%| F|  |TAMS 0x0000000088500000, 0x0000000088500000| Untracked 
| 134|0x0000000088600000, 0x0000000088600000, 0x0000000088700000|  0%| F|  |TAMS 0x0000000088600000, 0x0000000088600000| Untracked 
| 135|0x0000000088700000, 0x0000000088700000, 0x0000000088800000|  0%| F|  |TAMS 0x0000000088700000, 0x0000000088700000| Untracked 
| 136|0x0000000088800000, 0x0000000088800000, 0x0000000088900000|  0%| F|  |TAMS 0x0000000088800000, 0x0000000088800000| Untracked 
| 137|0x0000000088900000, 0x0000000088900000, 0x0000000088a00000|  0%| F|  |TAMS 0x0000000088900000, 0x0000000088900000| Untracked 
| 138|0x0000000088a00000, 0x0000000088a00000, 0x0000000088b00000|  0%| F|  |TAMS 0x0000000088a00000, 0x0000000088a00000| Untracked 
| 139|0x0000000088b00000, 0x0000000088b00000, 0x0000000088c00000|  0%| F|  |TAMS 0x0000000088b00000, 0x0000000088b00000| Untracked 
| 140|0x0000000088c00000, 0x0000000088c00000, 0x0000000088d00000|  0%| F|  |TAMS 0x0000000088c00000, 0x0000000088c00000| Untracked 
| 141|0x0000000088d00000, 0x0000000088d00000, 0x0000000088e00000|  0%| F|  |TAMS 0x0000000088d00000, 0x0000000088d00000| Untracked 
| 142|0x0000000088e00000, 0x0000000088e00000, 0x0000000088f00000|  0%| F|  |TAMS 0x0000000088e00000, 0x0000000088e00000| Untracked 
| 143|0x0000000088f00000, 0x0000000088f00000, 0x0000000089000000|  0%| F|  |TAMS 0x0000000088f00000, 0x0000000088f00000| Untracked 
| 144|0x0000000089000000, 0x0000000089000000, 0x0000000089100000|  0%| F|  |TAMS 0x0000000089000000, 0x0000000089000000| Untracked 
| 145|0x0000000089100000, 0x0000000089100000, 0x0000000089200000|  0%| F|  |TAMS 0x0000000089100000, 0x0000000089100000| Untracked 
| 146|0x0000000089200000, 0x0000000089200000, 0x0000000089300000|  0%| F|  |TAMS 0x0000000089200000, 0x0000000089200000| Untracked 
| 147|0x0000000089300000, 0x0000000089300000, 0x0000000089400000|  0%| F|  |TAMS 0x0000000089300000, 0x0000000089300000| Untracked 
| 148|0x0000000089400000, 0x0000000089400000, 0x0000000089500000|  0%| F|  |TAMS 0x0000000089400000, 0x0000000089400000| Untracked 
| 149|0x0000000089500000, 0x0000000089500000, 0x0000000089600000|  0%| F|  |TAMS 0x0000000089500000, 0x0000000089500000| Untracked 
| 150|0x0000000089600000, 0x0000000089600000, 0x0000000089700000|  0%| F|  |TAMS 0x0000000089600000, 0x0000000089600000| Untracked 
| 151|0x0000000089700000, 0x0000000089700000, 0x0000000089800000|  0%| F|  |TAMS 0x0000000089700000, 0x0000000089700000| Untracked 
| 152|0x0000000089800000, 0x0000000089800000, 0x0000000089900000|  0%| F|  |TAMS 0x0000000089800000, 0x0000000089800000| Untracked 
| 153|0x0000000089900000, 0x0000000089900000, 0x0000000089a00000|  0%| F|  |TAMS 0x0000000089900000, 0x0000000089900000| Untracked 
| 154|0x0000000089a00000, 0x0000000089a00000, 0x0000000089b00000|  0%| F|  |TAMS 0x0000000089a00000, 0x0000000089a00000| Untracked 
| 155|0x0000000089b00000, 0x0000000089b00000, 0x0000000089c00000|  0%| F|  |TAMS 0x0000000089b00000, 0x0000000089b00000| Untracked 
| 156|0x0000000089c00000, 0x0000000089c00000, 0x0000000089d00000|  0%| F|  |TAMS 0x0000000089c00000, 0x0000000089c00000| Untracked 
| 157|0x0000000089d00000, 0x0000000089d00000, 0x0000000089e00000|  0%| F|  |TAMS 0x0000000089d00000, 0x0000000089d00000| Untracked 
| 158|0x0000000089e00000, 0x0000000089e00000, 0x0000000089f00000|  0%| F|  |TAMS 0x0000000089e00000, 0x0000000089e00000| Untracked 
| 159|0x0000000089f00000, 0x0000000089f00000, 0x000000008a000000|  0%| F|  |TAMS 0x0000000089f00000, 0x0000000089f00000| Untracked 
| 160|0x000000008a000000, 0x000000008a000000, 0x000000008a100000|  0%| F|  |TAMS 0x000000008a000000, 0x000000008a000000| Untracked 
| 161|0x000000008a100000, 0x000000008a100000, 0x000000008a200000|  0%| F|  |TAMS 0x000000008a100000, 0x000000008a100000| Untracked 
| 162|0x000000008a200000, 0x000000008a200000, 0x000000008a300000|  0%| F|  |TAMS 0x000000008a200000, 0x000000008a200000| Untracked 
| 163|0x000000008a300000, 0x000000008a300000, 0x000000008a400000|  0%| F|  |TAMS 0x000000008a300000, 0x000000008a300000| Untracked 
| 164|0x000000008a400000, 0x000000008a400000, 0x000000008a500000|  0%| F|  |TAMS 0x000000008a400000, 0x000000008a400000| Untracked 
| 165|0x000000008a500000, 0x000000008a500000, 0x000000008a600000|  0%| F|  |TAMS 0x000000008a500000, 0x000000008a500000| Untracked 
| 166|0x000000008a600000, 0x000000008a600000, 0x000000008a700000|  0%| F|  |TAMS 0x000000008a600000, 0x000000008a600000| Untracked 
| 167|0x000000008a700000, 0x000000008a700000, 0x000000008a800000|  0%| F|  |TAMS 0x000000008a700000, 0x000000008a700000| Untracked 
| 168|0x000000008a800000, 0x000000008a8724c0, 0x000000008a900000| 44%| S|CS|TAMS 0x000000008a800000, 0x000000008a800000| Complete 
| 169|0x000000008a900000, 0x000000008aa00000, 0x000000008aa00000|100%| S|CS|TAMS 0x000000008a900000, 0x000000008a900000| Complete 
| 170|0x000000008aa00000, 0x000000008aa00000, 0x000000008ab00000|  0%| F|  |TAMS 0x000000008aa00000, 0x000000008aa00000| Untracked 
| 171|0x000000008ab00000, 0x000000008ab00000, 0x000000008ac00000|  0%| F|  |TAMS 0x000000008ab00000, 0x000000008ab00000| Untracked 
| 172|0x000000008ac00000, 0x000000008ac00000, 0x000000008ad00000|  0%| F|  |TAMS 0x000000008ac00000, 0x000000008ac00000| Untracked 
| 173|0x000000008ad00000, 0x000000008ad00000, 0x000000008ae00000|  0%| F|  |TAMS 0x000000008ad00000, 0x000000008ad00000| Untracked 
| 174|0x000000008ae00000, 0x000000008ae00000, 0x000000008af00000|  0%| F|  |TAMS 0x000000008ae00000, 0x000000008ae00000| Untracked 
| 175|0x000000008af00000, 0x000000008af00000, 0x000000008b000000|  0%| F|  |TAMS 0x000000008af00000, 0x000000008af00000| Untracked 
| 176|0x000000008b000000, 0x000000008b000000, 0x000000008b100000|  0%| F|  |TAMS 0x000000008b000000, 0x000000008b000000| Untracked 
| 177|0x000000008b100000, 0x000000008b100000, 0x000000008b200000|  0%| F|  |TAMS 0x000000008b100000, 0x000000008b100000| Untracked 
| 178|0x000000008b200000, 0x000000008b200000, 0x000000008b300000|  0%| F|  |TAMS 0x000000008b200000, 0x000000008b200000| Untracked 
| 179|0x000000008b300000, 0x000000008b300000, 0x000000008b400000|  0%| F|  |TAMS 0x000000008b300000, 0x000000008b300000| Untracked 
| 180|0x000000008b400000, 0x000000008b400000, 0x000000008b500000|  0%| F|  |TAMS 0x000000008b400000, 0x000000008b400000| Untracked 
| 181|0x000000008b500000, 0x000000008b500000, 0x000000008b600000|  0%| F|  |TAMS 0x000000008b500000, 0x000000008b500000| Untracked 
| 182|0x000000008b600000, 0x000000008b600000, 0x000000008b700000|  0%| F|  |TAMS 0x000000008b600000, 0x000000008b600000| Untracked 
| 183|0x000000008b700000, 0x000000008b700000, 0x000000008b800000|  0%| F|  |TAMS 0x000000008b700000, 0x000000008b700000| Untracked 
| 184|0x000000008b800000, 0x000000008b800000, 0x000000008b900000|  0%| F|  |TAMS 0x000000008b800000, 0x000000008b800000| Untracked 
| 185|0x000000008b900000, 0x000000008b900000, 0x000000008ba00000|  0%| F|  |TAMS 0x000000008b900000, 0x000000008b900000| Untracked 
| 186|0x000000008ba00000, 0x000000008ba00000, 0x000000008bb00000|  0%| F|  |TAMS 0x000000008ba00000, 0x000000008ba00000| Untracked 
| 187|0x000000008bb00000, 0x000000008bb00000, 0x000000008bc00000|  0%| F|  |TAMS 0x000000008bb00000, 0x000000008bb00000| Untracked 
| 188|0x000000008bc00000, 0x000000008bc00000, 0x000000008bd00000|  0%| F|  |TAMS 0x000000008bc00000, 0x000000008bc00000| Untracked 
| 189|0x000000008bd00000, 0x000000008bd00000, 0x000000008be00000|  0%| F|  |TAMS 0x000000008bd00000, 0x000000008bd00000| Untracked 
| 190|0x000000008be00000, 0x000000008be00000, 0x000000008bf00000|  0%| F|  |TAMS 0x000000008be00000, 0x000000008be00000| Untracked 
| 191|0x000000008bf00000, 0x000000008bf00000, 0x000000008c000000|  0%| F|  |TAMS 0x000000008bf00000, 0x000000008bf00000| Untracked 
| 192|0x000000008c000000, 0x000000008c000000, 0x000000008c100000|  0%| F|  |TAMS 0x000000008c000000, 0x000000008c000000| Untracked 
| 193|0x000000008c100000, 0x000000008c100000, 0x000000008c200000|  0%| F|  |TAMS 0x000000008c100000, 0x000000008c100000| Untracked 
| 194|0x000000008c200000, 0x000000008c200000, 0x000000008c300000|  0%| F|  |TAMS 0x000000008c200000, 0x000000008c200000| Untracked 
| 195|0x000000008c300000, 0x000000008c300000, 0x000000008c400000|  0%| F|  |TAMS 0x000000008c300000, 0x000000008c300000| Untracked 
| 196|0x000000008c400000, 0x000000008c400000, 0x000000008c500000|  0%| F|  |TAMS 0x000000008c400000, 0x000000008c400000| Untracked 
| 197|0x000000008c500000, 0x000000008c500000, 0x000000008c600000|  0%| F|  |TAMS 0x000000008c500000, 0x000000008c500000| Untracked 
| 198|0x000000008c600000, 0x000000008c600000, 0x000000008c700000|  0%| F|  |TAMS 0x000000008c600000, 0x000000008c600000| Untracked 
| 199|0x000000008c700000, 0x000000008c700000, 0x000000008c800000|  0%| F|  |TAMS 0x000000008c700000, 0x000000008c700000| Untracked 
| 200|0x000000008c800000, 0x000000008c800000, 0x000000008c900000|  0%| F|  |TAMS 0x000000008c800000, 0x000000008c800000| Untracked 
| 201|0x000000008c900000, 0x000000008c900000, 0x000000008ca00000|  0%| F|  |TAMS 0x000000008c900000, 0x000000008c900000| Untracked 
| 202|0x000000008ca00000, 0x000000008ca00000, 0x000000008cb00000|  0%| F|  |TAMS 0x000000008ca00000, 0x000000008ca00000| Untracked 
| 203|0x000000008cb00000, 0x000000008cb00000, 0x000000008cc00000|  0%| F|  |TAMS 0x000000008cb00000, 0x000000008cb00000| Untracked 
| 204|0x000000008cc00000, 0x000000008cc00000, 0x000000008cd00000|  0%| F|  |TAMS 0x000000008cc00000, 0x000000008cc00000| Untracked 
| 205|0x000000008cd00000, 0x000000008cd00000, 0x000000008ce00000|  0%| F|  |TAMS 0x000000008cd00000, 0x000000008cd00000| Untracked 
| 206|0x000000008ce00000, 0x000000008ce00000, 0x000000008cf00000|  0%| F|  |TAMS 0x000000008ce00000, 0x000000008ce00000| Untracked 
| 207|0x000000008cf00000, 0x000000008cf00000, 0x000000008d000000|  0%| F|  |TAMS 0x000000008cf00000, 0x000000008cf00000| Untracked 
| 208|0x000000008d000000, 0x000000008d000000, 0x000000008d100000|  0%| F|  |TAMS 0x000000008d000000, 0x000000008d000000| Untracked 
| 209|0x000000008d100000, 0x000000008d100000, 0x000000008d200000|  0%| F|  |TAMS 0x000000008d100000, 0x000000008d100000| Untracked 
| 210|0x000000008d200000, 0x000000008d200000, 0x000000008d300000|  0%| F|  |TAMS 0x000000008d200000, 0x000000008d200000| Untracked 
| 211|0x000000008d300000, 0x000000008d300000, 0x000000008d400000|  0%| F|  |TAMS 0x000000008d300000, 0x000000008d300000| Untracked 
| 212|0x000000008d400000, 0x000000008d400000, 0x000000008d500000|  0%| F|  |TAMS 0x000000008d400000, 0x000000008d400000| Untracked 
| 213|0x000000008d500000, 0x000000008d500000, 0x000000008d600000|  0%| F|  |TAMS 0x000000008d500000, 0x000000008d500000| Untracked 
| 214|0x000000008d600000, 0x000000008d600000, 0x000000008d700000|  0%| F|  |TAMS 0x000000008d600000, 0x000000008d600000| Untracked 
| 215|0x000000008d700000, 0x000000008d700000, 0x000000008d800000|  0%| F|  |TAMS 0x000000008d700000, 0x000000008d700000| Untracked 
| 216|0x000000008d800000, 0x000000008d800000, 0x000000008d900000|  0%| F|  |TAMS 0x000000008d800000, 0x000000008d800000| Untracked 
| 217|0x000000008d900000, 0x000000008d900000, 0x000000008da00000|  0%| F|  |TAMS 0x000000008d900000, 0x000000008d900000| Untracked 
| 218|0x000000008da00000, 0x000000008da00000, 0x000000008db00000|  0%| F|  |TAMS 0x000000008da00000, 0x000000008da00000| Untracked 
| 219|0x000000008db00000, 0x000000008db00000, 0x000000008dc00000|  0%| F|  |TAMS 0x000000008db00000, 0x000000008db00000| Untracked 
| 220|0x000000008dc00000, 0x000000008dc00000, 0x000000008dd00000|  0%| F|  |TAMS 0x000000008dc00000, 0x000000008dc00000| Untracked 
| 221|0x000000008dd00000, 0x000000008dd00000, 0x000000008de00000|  0%| F|  |TAMS 0x000000008dd00000, 0x000000008dd00000| Untracked 
| 222|0x000000008de00000, 0x000000008de00000, 0x000000008df00000|  0%| F|  |TAMS 0x000000008de00000, 0x000000008de00000| Untracked 
| 223|0x000000008df00000, 0x000000008df00000, 0x000000008e000000|  0%| F|  |TAMS 0x000000008df00000, 0x000000008df00000| Untracked 
| 224|0x000000008e000000, 0x000000008e000000, 0x000000008e100000|  0%| F|  |TAMS 0x000000008e000000, 0x000000008e000000| Untracked 
| 225|0x000000008e100000, 0x000000008e100000, 0x000000008e200000|  0%| F|  |TAMS 0x000000008e100000, 0x000000008e100000| Untracked 
| 226|0x000000008e200000, 0x000000008e200000, 0x000000008e300000|  0%| F|  |TAMS 0x000000008e200000, 0x000000008e200000| Untracked 

Card table byte_map: [0x000002494dc30000,0x000002494e030000] _byte_map_base: 0x000002494d830000

Marking Bits (Prev, Next): (CMBitMap*) 0x000002493ab40280, (CMBitMap*) 0x000002493ab40240
 Prev Bits: [0x0000024950430000, 0x0000024952430000)
 Next Bits: [0x000002494e430000, 0x0000024950430000)

Polling page: 0x000002493a2a0000

Metaspace:

Usage:
  Non-class:     95.22 MB used.
      Class:     14.27 MB used.
       Both:    109.50 MB used.

Virtual space:
  Non-class space:       96.00 MB reserved,      95.62 MB (>99%) committed,  12 nodes.
      Class space:        1.00 GB reserved,      14.56 MB (  1%) committed,  1 nodes.
             Both:        1.09 GB reserved,     110.19 MB ( 10%) committed. 

Chunk freelists:
   Non-Class:  432.00 KB
       Class:  1.45 MB
        Both:  1.88 MB

MaxMetaspaceSize: unlimited
CompressedClassSpaceSize: 1.00 GB
Initial GC threshold: 21.00 MB
Current GC threshold: 163.25 MB
CDS: off
MetaspaceReclaimPolicy: balanced
 - commit_granule_bytes: 65536.
 - commit_granule_words: 8192.
 - virtual_space_node_default_size: 1048576.
 - enlarge_chunks_in_place: 1.
 - new_chunks_are_fully_committed: 0.
 - uncommit_free_chunks: 1.
 - use_allocation_guard: 0.
 - handle_deallocations: 1.


Internal statistics:

num_allocs_failed_limit: 3.
num_arena_births: 840.
num_arena_deaths: 0.
num_vsnodes_births: 13.
num_vsnodes_deaths: 0.
num_space_committed: 1761.
num_space_uncommitted: 0.
num_chunks_returned_to_freelist: 3.
num_chunks_taken_from_freelist: 4610.
num_chunk_merges: 3.
num_chunk_splits: 3499.
num_chunks_enlarged: 2807.
num_purges: 0.
num_inconsistent_stats: 0.

CodeHeap 'non-profiled nmethods': size=119168Kb used=4473Kb max_used=4473Kb free=114695Kb
 bounds [0x0000024945b40000, 0x0000024945fa0000, 0x000002494cfa0000]
CodeHeap 'profiled nmethods': size=119104Kb used=19656Kb max_used=19656Kb free=99447Kb
 bounds [0x000002493dfa0000, 0x000002493f2e0000, 0x00000249453f0000]
CodeHeap 'non-nmethods': size=7488Kb used=3621Kb max_used=3653Kb free=3866Kb
 bounds [0x00000249453f0000, 0x0000024945790000, 0x0000024945b40000]
 total_blobs=10405 nmethods=9348 adapters=967
 compilation: enabled
              stopped_count=0, restarted_count=0
 full_count=0

Compilation events (20 events):
Event: 24.745 Thread 0x0000024956054a60 nmethod 10303 0x0000024945f9b310 code [0x0000024945f9b500, 0x0000024945f9be38]
Event: 24.745 Thread 0x0000024956054a60 10304       4       org.jetbrains.kotlin.protobuf.FieldSet::iterator (40 bytes)
Event: 24.748 Thread 0x0000024956054a60 nmethod 10304 0x0000024945f9c410 code [0x0000024945f9c5a0, 0x0000024945f9c838]
Event: 24.748 Thread 0x0000024956054a60 10309       4       org.jetbrains.kotlin.protobuf.SmallSortedMap::entrySet (25 bytes)
Event: 24.750 Thread 0x0000024956054a60 nmethod 10309 0x0000024945f9ca10 code [0x0000024945f9cba0, 0x0000024945f9cd58]
Event: 24.750 Thread 0x0000024956054a60 10310       4       org.jetbrains.kotlin.protobuf.SmallSortedMap$EntrySet::iterator (13 bytes)
Event: 24.751 Thread 0x0000024956054a60 nmethod 10310 0x0000024945f9ce10 code [0x0000024945f9cfa0, 0x0000024945f9d098]
Event: 24.751 Thread 0x0000024956054a60 10259       4       org.jetbrains.kotlin.serialization.deserialization.descriptors.DeserializedPackageMemberScope::getContributedClassifier (26 bytes)
Event: 24.754 Thread 0x00000249561e96b0 10387       3       org.jetbrains.kotlin.ir.visitors.IrElementTransformerVoid::visitBlockBody (16 bytes)
Event: 24.754 Thread 0x0000024956054a60 nmethod 10259 0x0000024945f9d190 code [0x0000024945f9d340, 0x0000024945f9d568]
Event: 24.755 Thread 0x0000024956055500 10388       3       org.jetbrains.kotlin.ir.declarations.IrFunction::transformChildren (99 bytes)
Event: 24.755 Thread 0x0000024956054a60 10290       4       org.jetbrains.kotlin.metadata.jvm.JvmProtoBuf$JvmMethodSignature::getSerializedSize (73 bytes)
Event: 24.755 Thread 0x00000249561e96b0 nmethod 10387 0x000002493f2cce90 code [0x000002493f2cd0a0, 0x000002493f2cd708]
Event: 24.756 Thread 0x00000249561e96b0 10389       1       org.jetbrains.kotlin.backend.common.phaser.PhaserState::setDepth (6 bytes)
Event: 24.756 Thread 0x0000024956bc2780 10390       1       org.jetbrains.kotlin.backend.common.phaser.PhaseConfig::getCheckConditions (5 bytes)
Event: 24.756 Thread 0x00000249561e96b0 nmethod 10389 0x0000024945f9d910 code [0x0000024945f9daa0, 0x0000024945f9db78]
Event: 24.756 Thread 0x0000024956bc2780 nmethod 10390 0x0000024945f9dc10 code [0x0000024945f9dda0, 0x0000024945f9de78]
Event: 24.757 Thread 0x0000024956054a60 nmethod 10290 0x0000024945f9df10 code [0x0000024945f9e0a0, 0x0000024945f9e278]
Event: 24.758 Thread 0x0000024956055500 nmethod 10388 0x000002493f2cd990 code [0x000002493f2cdfc0, 0x000002493f2d12e8]
Event: 24.761 Thread 0x0000024956055500 10391       3       org.jetbrains.kotlin.ir.visitors.IrElementVisitor$DefaultImpls::visitDeclarationReference (18 bytes)

GC Heap History (20 events):
Event: 17.373 GC heap after
{Heap after GC invocations=39 (full 0):
 garbage-first heap   total 219136K, used 106732K [0x0000000080000000, 0x0000000100000000)
  region size 1024K, 10 young (10240K), 10 survivors (10240K)
 Metaspace       used 76726K, committed 77440K, reserved 1122304K
  class space    used 10643K, committed 10944K, reserved 1048576K
}
Event: 18.035 GC heap before
{Heap before GC invocations=39 (full 0):
 garbage-first heap   total 219136K, used 140524K [0x0000000080000000, 0x0000000100000000)
  region size 1024K, 44 young (45056K), 10 survivors (10240K)
 Metaspace       used 80725K, committed 81344K, reserved 1122304K
  class space    used 11115K, committed 11392K, reserved 1048576K
}
Event: 18.048 GC heap after
{Heap after GC invocations=40 (full 0):
 garbage-first heap   total 219136K, used 110657K [0x0000000080000000, 0x0000000100000000)
  region size 1024K, 3 young (3072K), 3 survivors (3072K)
 Metaspace       used 80725K, committed 81344K, reserved 1122304K
  class space    used 11115K, committed 11392K, reserved 1048576K
}
Event: 19.059 GC heap before
{Heap before GC invocations=41 (full 0):
 garbage-first heap   total 219136K, used 171073K [0x0000000080000000, 0x0000000100000000)
  region size 1024K, 55 young (56320K), 3 survivors (3072K)
 Metaspace       used 86297K, committed 87040K, reserved 1130496K
  class space    used 11631K, committed 11968K, reserved 1048576K
}
Event: 19.066 GC heap after
{Heap after GC invocations=42 (full 0):
 garbage-first heap   total 219136K, used 121841K [0x0000000080000000, 0x0000000100000000)
  region size 1024K, 7 young (7168K), 7 survivors (7168K)
 Metaspace       used 86297K, committed 87040K, reserved 1130496K
  class space    used 11631K, committed 11968K, reserved 1048576K
}
Event: 19.101 GC heap before
{Heap before GC invocations=42 (full 0):
 garbage-first heap   total 219136K, used 124913K [0x0000000080000000, 0x0000000100000000)
  region size 1024K, 10 young (10240K), 7 survivors (7168K)
 Metaspace       used 86445K, committed 87168K, reserved 1130496K
  class space    used 11645K, committed 11968K, reserved 1048576K
}
Event: 19.107 GC heap after
{Heap after GC invocations=43 (full 0):
 garbage-first heap   total 219136K, used 122926K [0x0000000080000000, 0x0000000100000000)
  region size 1024K, 2 young (2048K), 2 survivors (2048K)
 Metaspace       used 86445K, committed 87168K, reserved 1130496K
  class space    used 11645K, committed 11968K, reserved 1048576K
}
Event: 20.136 GC heap before
{Heap before GC invocations=43 (full 0):
 garbage-first heap   total 219136K, used 170030K [0x0000000080000000, 0x0000000100000000)
  region size 1024K, 48 young (49152K), 2 survivors (2048K)
 Metaspace       used 91831K, committed 92544K, reserved 1130496K
  class space    used 12294K, committed 12608K, reserved 1048576K
}
Event: 20.140 GC heap after
{Heap after GC invocations=44 (full 0):
 garbage-first heap   total 219136K, used 123978K [0x0000000080000000, 0x0000000100000000)
  region size 1024K, 3 young (3072K), 3 survivors (3072K)
 Metaspace       used 91831K, committed 92544K, reserved 1130496K
  class space    used 12294K, committed 12608K, reserved 1048576K
}
Event: 21.071 GC heap before
{Heap before GC invocations=45 (full 0):
 garbage-first heap   total 219136K, used 175178K [0x0000000080000000, 0x0000000100000000)
  region size 1024K, 52 young (53248K), 3 survivors (3072K)
 Metaspace       used 95335K, committed 96064K, reserved 1138688K
  class space    used 12758K, committed 13056K, reserved 1048576K
}
Event: 21.078 GC heap after
{Heap after GC invocations=46 (full 0):
 garbage-first heap   total 219136K, used 126037K [0x0000000080000000, 0x0000000100000000)
  region size 1024K, 5 young (5120K), 5 survivors (5120K)
 Metaspace       used 95335K, committed 96064K, reserved 1138688K
  class space    used 12758K, committed 13056K, reserved 1048576K
}
Event: 21.206 GC heap before
{Heap before GC invocations=46 (full 0):
 garbage-first heap   total 219136K, used 131157K [0x0000000080000000, 0x0000000100000000)
  region size 1024K, 10 young (10240K), 5 survivors (5120K)
 Metaspace       used 95724K, committed 96448K, reserved 1138688K
  class space    used 12808K, committed 13120K, reserved 1048576K
}
Event: 21.212 GC heap after
{Heap after GC invocations=47 (full 0):
 garbage-first heap   total 219136K, used 126049K [0x0000000080000000, 0x0000000100000000)
  region size 1024K, 1 young (1024K), 1 survivors (1024K)
 Metaspace       used 95724K, committed 96448K, reserved 1138688K
  class space    used 12808K, committed 13120K, reserved 1048576K
}
Event: 22.298 GC heap before
{Heap before GC invocations=47 (full 0):
 garbage-first heap   total 219136K, used 177249K [0x0000000080000000, 0x0000000100000000)
  region size 1024K, 51 young (52224K), 1 survivors (1024K)
 Metaspace       used 99544K, committed 100224K, reserved 1138688K
  class space    used 13219K, committed 13504K, reserved 1048576K
}
Event: 22.306 GC heap after
{Heap after GC invocations=48 (full 0):
 garbage-first heap   total 219136K, used 129077K [0x0000000080000000, 0x0000000100000000)
  region size 1024K, 4 young (4096K), 4 survivors (4096K)
 Metaspace       used 99544K, committed 100224K, reserved 1138688K
  class space    used 13219K, committed 13504K, reserved 1048576K
}
Event: 23.321 GC heap before
{Heap before GC invocations=49 (full 0):
 garbage-first heap   total 232448K, used 178229K [0x0000000080000000, 0x0000000100000000)
  region size 1024K, 53 young (54272K), 4 survivors (4096K)
 Metaspace       used 103824K, committed 104512K, reserved 1146880K
  class space    used 13663K, committed 13952K, reserved 1048576K
}
Event: 23.332 GC heap after
{Heap after GC invocations=50 (full 0):
 garbage-first heap   total 232448K, used 132815K [0x0000000080000000, 0x0000000100000000)
  region size 1024K, 7 young (7168K), 7 survivors (7168K)
 Metaspace       used 103824K, committed 104512K, reserved 1146880K
  class space    used 13663K, committed 13952K, reserved 1048576K
}
Event: 23.431 GC heap before
{Heap before GC invocations=50 (full 0):
 garbage-first heap   total 232448K, used 135887K [0x0000000080000000, 0x0000000100000000)
  region size 1024K, 11 young (11264K), 7 survivors (7168K)
 Metaspace       used 104445K, committed 105088K, reserved 1146880K
  class space    used 13727K, committed 14016K, reserved 1048576K
}
Event: 23.438 GC heap after
{Heap after GC invocations=51 (full 0):
 garbage-first heap   total 232448K, used 133581K [0x0000000080000000, 0x0000000100000000)
  region size 1024K, 2 young (2048K), 2 survivors (2048K)
 Metaspace       used 104445K, committed 105088K, reserved 1146880K
  class space    used 13727K, committed 14016K, reserved 1048576K
}
Event: 24.761 GC heap before
{Heap before GC invocations=51 (full 0):
 garbage-first heap   total 232448K, used 189901K [0x0000000080000000, 0x0000000100000000)
  region size 1024K, 57 young (58368K), 2 survivors (2048K)
 Metaspace       used 112125K, committed 112832K, reserved 1146880K
  class space    used 14615K, committed 14912K, reserved 1048576K
}

Dll operation events (3 events):
Event: 0.043 Loaded shared library C:\Program Files\Android\Android Studio1\jbr\bin\java.dll
Event: 0.386 Loaded shared library C:\Program Files\Android\Android Studio1\jbr\bin\zip.dll
Event: 1.134 Loaded shared library C:\Program Files\Android\Android Studio1\jbr\bin\verify.dll

Deoptimization events (20 events):
Event: 22.911 Thread 0x00000249583f2c70 Uncommon trap: trap_request=0xffffffde fr.pc=0x0000024945f2fae4 relative=0x0000000000000564
Event: 22.911 Thread 0x00000249583f2c70 Uncommon trap: reason=class_check action=maybe_recompile pc=0x0000024945f2fae4 method=org.jetbrains.kotlin.storage.LockBasedStorageManager$LockBasedLazyValue.invoke()Ljava/lang/Object; @ 24 c2
Event: 22.911 Thread 0x00000249583f2c70 DEOPT PACKING pc=0x0000024945f2fae4 sp=0x000000ffe57f4170
Event: 22.911 Thread 0x00000249583f2c70 DEOPT UNPACKING pc=0x00000249454469a3 sp=0x000000ffe57f4130 mode 2
Event: 23.119 Thread 0x00000249583f2c70 DEOPT PACKING pc=0x000002493efa4ae9 sp=0x000000ffe57f4960
Event: 23.119 Thread 0x00000249583f2c70 DEOPT UNPACKING pc=0x0000024945447143 sp=0x000000ffe57f3e68 mode 0
Event: 23.459 Thread 0x00000249583f2c70 Uncommon trap: trap_request=0xffffff45 fr.pc=0x0000024945eeb330 relative=0x0000000000000c30
Event: 23.459 Thread 0x00000249583f2c70 Uncommon trap: reason=unstable_if action=reinterpret pc=0x0000024945eeb330 method=org.jetbrains.kotlin.metadata.ProtoBuf$Type.getSerializedSize()I @ 176 c2
Event: 23.459 Thread 0x00000249583f2c70 DEOPT PACKING pc=0x0000024945eeb330 sp=0x000000ffe57f2f80
Event: 23.459 Thread 0x00000249583f2c70 DEOPT UNPACKING pc=0x00000249454469a3 sp=0x000000ffe57f2f40 mode 2
Event: 23.459 Thread 0x00000249583f2c70 Uncommon trap: trap_request=0xffffff45 fr.pc=0x0000024945f251fc relative=0x0000000000001fdc
Event: 23.459 Thread 0x00000249583f2c70 Uncommon trap: reason=unstable_if action=reinterpret pc=0x0000024945f251fc method=org.jetbrains.kotlin.metadata.ProtoBuf$Type.writeTo(Lorg/jetbrains/kotlin/protobuf/CodedOutputStream;)V @ 160 c2
Event: 23.459 Thread 0x00000249583f2c70 DEOPT PACKING pc=0x0000024945f251fc sp=0x000000ffe57f2eb0
Event: 23.459 Thread 0x00000249583f2c70 DEOPT UNPACKING pc=0x00000249454469a3 sp=0x000000ffe57f2ec8 mode 2
Event: 24.440 Thread 0x000002495804c3a0 DEOPT PACKING pc=0x000002493ecacfcc sp=0x000000ffe53ff270
Event: 24.440 Thread 0x000002495804c3a0 DEOPT UNPACKING pc=0x0000024945447143 sp=0x000000ffe53fe730 mode 0
Event: 24.681 Thread 0x00000249583f2c70 Uncommon trap: trap_request=0xffffff45 fr.pc=0x0000024945f2eabc relative=0x000000000000021c
Event: 24.681 Thread 0x00000249583f2c70 Uncommon trap: reason=unstable_if action=reinterpret pc=0x0000024945f2eabc method=org.jetbrains.kotlin.name.Name.hashCode()I @ 16 c2
Event: 24.681 Thread 0x00000249583f2c70 DEOPT PACKING pc=0x0000024945f2eabc sp=0x000000ffe57f0d10
Event: 24.681 Thread 0x00000249583f2c70 DEOPT UNPACKING pc=0x00000249454469a3 sp=0x000000ffe57f0ca8 mode 2

Classes unloaded (0 events):
No events

Classes redefined (0 events):
No events

Internal exceptions (20 events):
Event: 13.640 Thread 0x00000249583f2c70 Exception <a 'java/lang/NoSuchMethodError'{0x0000000087ca5638}: 'int java.lang.invoke.DelegatingMethodHandle$Holder.reinvoke_L(java.lang.Object, java.lang.Object, java.lang.Object, long, long, long)'> (0x0000000087ca5638) 
thrown [s\src\hotspot\share\interpreter\linkResolver.cpp, line 771]
Event: 13.642 Thread 0x00000249583f2c70 Exception <a 'java/lang/NoSuchMethodError'{0x0000000087cb57b8}: 'int java.lang.invoke.DelegatingMethodHandle$Holder.reinvoke_L(java.lang.Object, java.lang.Object, java.lang.Object, long, java.lang.Object, java.lang.Object)'> (0x0000000087cb57b8) 
thrown [s\src\hotspot\share\interpreter\linkResolver.cpp, line 771]
Event: 13.643 Thread 0x00000249583f2c70 Exception <a 'java/lang/NoSuchMethodError'{0x0000000087cc5780}: 'void java.lang.invoke.DelegatingMethodHandle$Holder.reinvoke_L(java.lang.Object, java.lang.Object, java.lang.Object, long, java.lang.Object)'> (0x0000000087cc5780) 
thrown [s\src\hotspot\share\interpreter\linkResolver.cpp, line 771]
Event: 13.644 Thread 0x00000249583f2c70 Exception <a 'java/lang/NoSuchMethodError'{0x0000000087cce0b0}: 'java.lang.Object java.lang.invoke.DirectMethodHandle$Holder.invokeSpecial(java.lang.Object, java.lang.Object, java.lang.Object, java.lang.Object, long)'> (0x0000000087cce0b0) 
thrown [s\src\hotspot\share\interpreter\linkResolver.cpp, line 771]
Event: 13.647 Thread 0x00000249583f2c70 Exception <a 'java/lang/NoSuchMethodError'{0x0000000087cf71a8}: 'long java.lang.invoke.Invokers$Holder.invoke_MT(java.lang.Object, java.lang.Object, java.lang.Object, java.lang.Object)'> (0x0000000087cf71a8) 
thrown [s\src\hotspot\share\interpreter\linkResolver.cpp, line 771]
Event: 13.648 Thread 0x00000249583f2c70 Exception <a 'java/lang/NoSuchMethodError'{0x0000000087b009f0}: 'int java.lang.invoke.Invokers$Holder.invoke_MT(java.lang.Object, java.lang.Object, java.lang.Object, java.lang.Object)'> (0x0000000087b009f0) 
thrown [s\src\hotspot\share\interpreter\linkResolver.cpp, line 771]
Event: 13.649 Thread 0x00000249583f2c70 Exception <a 'java/lang/NoSuchMethodError'{0x0000000087b11ce0}: 'int java.lang.invoke.DelegatingMethodHandle$Holder.reinvoke_L(java.lang.Object, java.lang.Object, java.lang.Object, long, int)'> (0x0000000087b11ce0) 
thrown [s\src\hotspot\share\interpreter\linkResolver.cpp, line 771]
Event: 13.651 Thread 0x00000249583f2c70 Exception <a 'java/lang/NoSuchMethodError'{0x0000000087b26398}: 'java.lang.Object java.lang.invoke.Invokers$Holder.invokeExact_MT(java.lang.Object, java.lang.Object, long, java.lang.Object)'> (0x0000000087b26398) 
thrown [s\src\hotspot\share\interpreter\linkResolver.cpp, line 771]
Event: 13.818 Thread 0x00000249583f2c70 Implicit null exception at 0x0000024945de9313 to 0x0000024945de9458
Event: 15.196 Thread 0x00000249583f2c70 Exception <a 'java/lang/NoSuchMethodError'{0x000000008cb10c08}: 'long java.lang.invoke.DirectMethodHandle$Holder.invokeStatic(java.lang.Object)'> (0x000000008cb10c08) 
thrown [s\src\hotspot\share\interpreter\linkResolver.cpp, line 771]
Event: 15.197 Thread 0x00000249583f2c70 Exception <a 'java/lang/NoSuchMethodError'{0x000000008cb15a98}: 'long java.lang.invoke.DirectMethodHandle$Holder.invokeStaticInit(java.lang.Object)'> (0x000000008cb15a98) 
thrown [s\src\hotspot\share\interpreter\linkResolver.cpp, line 771]
Event: 16.299 Thread 0x00000249583f2c70 Exception <a 'java/lang/NoSuchMethodError'{0x00000000891c69b0}: 'java.lang.Object java.lang.invoke.Invokers$Holder.invoke_MT(java.lang.Object, java.lang.Object, java.lang.Object)'> (0x00000000891c69b0) 
thrown [s\src\hotspot\share\interpreter\linkResolver.cpp, line 771]
Event: 16.537 Thread 0x00000249583f2c70 Implicit null exception at 0x0000024945d0a1f9 to 0x0000024945d0c0c8
Event: 16.564 Thread 0x00000249583f2c70 Implicit null exception at 0x0000024945b88280 to 0x0000024945b88305
Event: 20.357 Thread 0x00000249583f2c70 Exception <a 'java/lang/NoSuchMethodError'{0x000000008cefa308}: 'java.lang.Object java.lang.invoke.DirectMethodHandle$Holder.invokeStatic(java.lang.Object, java.lang.Object, java.lang.Object, java.lang.Object, int)'> (0x000000008cefa308) 
thrown [s\src\hotspot\share\interpreter\linkResolver.cpp, line 771]
Event: 20.358 Thread 0x00000249583f2c70 Exception <a 'java/lang/NoSuchMethodError'{0x000000008cd05360}: 'java.lang.Object java.lang.invoke.DirectMethodHandle$Holder.newInvokeSpecial(java.lang.Object, java.lang.Object, java.lang.Object, java.lang.Object, int)'> (0x000000008cd05360) 
thrown [s\src\hotspot\share\interpreter\linkResolver.cpp, line 771]
Event: 20.358 Thread 0x00000249583f2c70 Exception <a 'java/lang/NoSuchMethodError'{0x000000008cd0b200}: 'java.lang.Object java.lang.invoke.DirectMethodHandle$Holder.invokeSpecial(java.lang.Object, java.lang.Object, java.lang.Object, java.lang.Object, java.lang.Object, int)'> (0x000000008cd0b200) 
thrown [s\src\hotspot\share\interpreter\linkResolver.cpp, line 771]
Event: 20.359 Thread 0x00000249583f2c70 Exception <a 'java/lang/NoSuchMethodError'{0x000000008cd109d8}: 'java.lang.Object java.lang.invoke.Invokers$Holder.linkToTargetMethod(java.lang.Object, java.lang.Object, java.lang.Object, int, java.lang.Object)'> (0x000000008cd109d8) 
thrown [s\src\hotspot\share\interpreter\linkResolver.cpp, line 771]
Event: 21.988 Thread 0x00000249583f2c70 Implicit null exception at 0x0000024945bf7111 to 0x0000024945bf7278
Event: 23.363 Thread 0x00000249583f2c70 Exception <a 'java/lang/NoSuchMethodError'{0x000000008e10e248}: 'java.lang.Object java.lang.invoke.DirectMethodHandle$Holder.newInvokeSpecial(java.lang.Object, java.lang.Object, java.lang.Object, int, int, java.lang.Object, java.lang.Object)'> (0x000000008e10e248) 
thrown [s\src\hotspot\share\interpreter\linkResolver.cpp, line 771]

VM Operations (20 events):
Event: 22.942 Executing VM operation: ICBufferFull done
Event: 23.321 Executing VM operation: G1CollectForAllocation
Event: 23.332 Executing VM operation: G1CollectForAllocation done
Event: 23.412 Executing VM operation: HandshakeAllThreads
Event: 23.413 Executing VM operation: HandshakeAllThreads done
Event: 23.431 Executing VM operation: G1CollectForAllocation
Event: 23.438 Executing VM operation: G1CollectForAllocation done
Event: 23.593 Executing VM operation: HandshakeAllThreads
Event: 23.594 Executing VM operation: HandshakeAllThreads done
Event: 24.045 Executing VM operation: HandshakeAllThreads
Event: 24.045 Executing VM operation: HandshakeAllThreads done
Event: 24.178 Executing VM operation: HandshakeAllThreads
Event: 24.178 Executing VM operation: HandshakeAllThreads done
Event: 24.180 Executing VM operation: HandshakeAllThreads
Event: 24.180 Executing VM operation: HandshakeAllThreads done
Event: 24.574 Executing VM operation: HandshakeAllThreads
Event: 24.574 Executing VM operation: HandshakeAllThreads done
Event: 24.574 Executing VM operation: Cleanup
Event: 24.575 Executing VM operation: Cleanup done
Event: 24.761 Executing VM operation: G1CollectForAllocation

Events (20 events):
Event: 19.705 loading class java/text/StringCharacterIterator done
Event: 19.751 loading class java/io/NotSerializableException
Event: 19.751 loading class java/io/NotSerializableException done
Event: 20.250 loading class java/util/function/IntUnaryOperator
Event: 20.251 loading class java/util/function/IntUnaryOperator done
Event: 20.315 loading class java/util/AbstractList$SubList
Event: 20.316 loading class java/util/AbstractList$SubList done
Event: 20.316 loading class java/util/AbstractList$SubList$1
Event: 20.316 loading class java/util/AbstractList$SubList$1 done
Event: 20.317 loading class java/util/AbstractList$ListItr
Event: 20.317 loading class java/util/AbstractList$ListItr done
Event: 21.654 loading class java/util/AbstractList$RandomAccessSubList
Event: 21.654 loading class java/util/AbstractList$RandomAccessSubList done
Event: 21.768 Thread 0x00000249560566d0 flushing nmethod 0x000002493e3ad010
Event: 21.770 Thread 0x00000249560566d0 flushing nmethod 0x000002493e5d0090
Event: 21.770 Thread 0x00000249560566d0 flushing nmethod 0x000002493e5d2190
Event: 21.772 Thread 0x00000249560566d0 flushing nmethod 0x000002493e872890
Event: 21.774 Thread 0x00000249560566d0 flushing nmethod 0x000002493ea44190
Event: 21.776 Thread 0x00000249560566d0 flushing nmethod 0x000002493ec36710
Event: 21.776 Thread 0x00000249560566d0 flushing nmethod 0x000002493ec46110


Dynamic libraries:
0x00007ff728ea0000 - 0x00007ff728eaa000 	C:\Program Files\Android\Android Studio1\jbr\bin\java.exe
0x00007ff93cfd0000 - 0x00007ff93d1e7000 	C:\WINDOWS\SYSTEM32\ntdll.dll
0x00007ff8f7960000 - 0x00007ff8f7979000 	C:\Program Files\Avast Software\Avast\aswhook.dll
0x00007ff93bfe0000 - 0x00007ff93c0a4000 	C:\WINDOWS\System32\KERNEL32.DLL
0x00007ff93a850000 - 0x00007ff93abf6000 	C:\WINDOWS\System32\KERNELBASE.dll
0x00007ff93a730000 - 0x00007ff93a841000 	C:\WINDOWS\System32\ucrtbase.dll
0x00007ff907de0000 - 0x00007ff907dfb000 	C:\Program Files\Android\Android Studio1\jbr\bin\VCRUNTIME140.dll
0x00007ff92a230000 - 0x00007ff92a247000 	C:\Program Files\Android\Android Studio1\jbr\bin\jli.dll
0x00007ff93c9c0000 - 0x00007ff93cb6e000 	C:\WINDOWS\System32\USER32.dll
0x00007ff93a520000 - 0x00007ff93a546000 	C:\WINDOWS\System32\win32u.dll
0x00007ff933220000 - 0x00007ff9334b3000 	C:\WINDOWS\WinSxS\amd64_microsoft.windows.common-controls_6595b64144ccf1df_6.0.22621.2506_none_270c5ae97388e100\COMCTL32.dll
0x00007ff93b820000 - 0x00007ff93b849000 	C:\WINDOWS\System32\GDI32.dll
0x00007ff93bd70000 - 0x00007ff93be17000 	C:\WINDOWS\System32\msvcrt.dll
0x00007ff93ac00000 - 0x00007ff93ad18000 	C:\WINDOWS\System32\gdi32full.dll
0x00007ff93a690000 - 0x00007ff93a72a000 	C:\WINDOWS\System32\msvcp_win.dll
0x00007ff93c0b0000 - 0x00007ff93c0e1000 	C:\WINDOWS\System32\IMM32.DLL
0x00007ff927650000 - 0x00007ff92765c000 	C:\Program Files\Android\Android Studio1\jbr\bin\vcruntime140_1.dll
0x00007ff8d8220000 - 0x00007ff8d82ad000 	C:\Program Files\Android\Android Studio1\jbr\bin\msvcp140.dll
0x00007ff8b9fe0000 - 0x00007ff8bac4e000 	C:\Program Files\Android\Android Studio1\jbr\bin\server\jvm.dll
0x00007ff93b760000 - 0x00007ff93b811000 	C:\WINDOWS\System32\ADVAPI32.dll
0x00007ff93bc90000 - 0x00007ff93bd35000 	C:\WINDOWS\System32\sechost.dll
0x00007ff93ba20000 - 0x00007ff93bb37000 	C:\WINDOWS\System32\RPCRT4.dll
0x00007ff932eb0000 - 0x00007ff932eba000 	C:\WINDOWS\SYSTEM32\VERSION.dll
0x00007ff933580000 - 0x00007ff9335b4000 	C:\WINDOWS\SYSTEM32\WINMM.dll
0x00007ff925160000 - 0x00007ff925169000 	C:\WINDOWS\SYSTEM32\WSOCK32.dll
0x00007ff93be20000 - 0x00007ff93be91000 	C:\WINDOWS\System32\WS2_32.dll
0x00007ff939430000 - 0x00007ff939448000 	C:\WINDOWS\SYSTEM32\kernel.appcore.dll
0x00007ff935c40000 - 0x00007ff935c4a000 	C:\Program Files\Android\Android Studio1\jbr\bin\jimage.dll
0x00007ff931560000 - 0x00007ff931793000 	C:\WINDOWS\SYSTEM32\DBGHELP.DLL
0x00007ff93ad20000 - 0x00007ff93b0a9000 	C:\WINDOWS\System32\combase.dll
0x00007ff93ccf0000 - 0x00007ff93cdc7000 	C:\WINDOWS\System32\OLEAUT32.dll
0x00007ff930330000 - 0x00007ff930362000 	C:\WINDOWS\SYSTEM32\dbgcore.DLL
0x00007ff93a610000 - 0x00007ff93a68a000 	C:\WINDOWS\System32\bcryptPrimitives.dll
0x00007ff932840000 - 0x00007ff93284e000 	C:\Program Files\Android\Android Studio1\jbr\bin\instrument.dll
0x00007ff932b80000 - 0x00007ff932ba5000 	C:\Program Files\Android\Android Studio1\jbr\bin\java.dll
0x00007ff935780000 - 0x00007ff935798000 	C:\Program Files\Android\Android Studio1\jbr\bin\zip.dll
0x00007ff93c0f0000 - 0x00007ff93c94a000 	C:\WINDOWS\System32\SHELL32.dll
0x00007ff938270000 - 0x00007ff938b66000 	C:\WINDOWS\SYSTEM32\windows.storage.dll
0x00007ff938130000 - 0x00007ff93826e000 	C:\WINDOWS\SYSTEM32\wintypes.dll
0x00007ff93b0b0000 - 0x00007ff93b1a3000 	C:\WINDOWS\System32\SHCORE.dll
0x00007ff93cc90000 - 0x00007ff93ccee000 	C:\WINDOWS\System32\shlwapi.dll
0x00007ff93a270000 - 0x00007ff93a296000 	C:\WINDOWS\SYSTEM32\profapi.dll
0x00007ff932f60000 - 0x00007ff932f79000 	C:\Program Files\Android\Android Studio1\jbr\bin\net.dll
0x00007ff934b40000 - 0x00007ff934c77000 	C:\WINDOWS\SYSTEM32\WINHTTP.dll
0x00007ff9398b0000 - 0x00007ff939919000 	C:\WINDOWS\system32\mswsock.dll
0x00007ff92e5f0000 - 0x00007ff92e606000 	C:\Program Files\Android\Android Studio1\jbr\bin\nio.dll
0x00007ff935c00000 - 0x00007ff935c10000 	C:\Program Files\Android\Android Studio1\jbr\bin\verify.dll
0x00007ff919bb0000 - 0x00007ff919bd7000 	C:\Users\Asus\.gradle\native\68d5fa5c4cc2d200863cafc0d521ce42e7d3e7ee720ec0a83991735586a16f82\windows-amd64\native-platform.dll
0x00007ff8b6f60000 - 0x00007ff8b70a4000 	C:\Users\Asus\.gradle\native\e376f236ea51e6404a007f0833ffe2c6e607c4080706a723a18a27aeea778392\windows-amd64\native-platform-file-events.dll
0x00007ff935b10000 - 0x00007ff935b19000 	C:\Program Files\Android\Android Studio1\jbr\bin\management.dll
0x00007ff9357f0000 - 0x00007ff9357fb000 	C:\Program Files\Android\Android Studio1\jbr\bin\management_ext.dll
0x00007ff93cc80000 - 0x00007ff93cc88000 	C:\WINDOWS\System32\PSAPI.DLL
0x00007ff939b00000 - 0x00007ff939b1b000 	C:\WINDOWS\SYSTEM32\CRYPTSP.dll
0x00007ff939390000 - 0x00007ff9393c5000 	C:\WINDOWS\system32\rsaenh.dll
0x00007ff9399a0000 - 0x00007ff9399cc000 	C:\WINDOWS\SYSTEM32\USERENV.dll
0x00007ff939d20000 - 0x00007ff939d48000 	C:\WINDOWS\SYSTEM32\bcrypt.dll
0x00007ff939b20000 - 0x00007ff939b2c000 	C:\WINDOWS\SYSTEM32\CRYPTBASE.dll
0x00007ff938e40000 - 0x00007ff938e6d000 	C:\WINDOWS\SYSTEM32\IPHLPAPI.DLL
0x00007ff93bd60000 - 0x00007ff93bd69000 	C:\WINDOWS\System32\NSI.dll
0x00007ff934950000 - 0x00007ff934969000 	C:\WINDOWS\SYSTEM32\dhcpcsvc6.DLL
0x00007ff9346a0000 - 0x00007ff9346bf000 	C:\WINDOWS\SYSTEM32\dhcpcsvc.DLL
0x00007ff938e70000 - 0x00007ff938f69000 	C:\WINDOWS\SYSTEM32\DNSAPI.dll
0x00007ff932f20000 - 0x00007ff932f28000 	C:\WINDOWS\system32\wshunix.dll

dbghelp: loaded successfully - version: 4.0.5 - missing functions: none
symbol engine: initialized successfully - sym options: 0x614 - pdb path: .;C:\Program Files\Android\Android Studio1\jbr\bin;C:\WINDOWS\SYSTEM32;C:\Program Files\Avast Software\Avast;C:\WINDOWS\WinSxS\amd64_microsoft.windows.common-controls_6595b64144ccf1df_6.0.22621.2506_none_270c5ae97388e100;C:\Program Files\Android\Android Studio1\jbr\bin\server;C:\Users\Asus\.gradle\native\68d5fa5c4cc2d200863cafc0d521ce42e7d3e7ee720ec0a83991735586a16f82\windows-amd64;C:\Users\Asus\.gradle\native\e376f236ea51e6404a007f0833ffe2c6e607c4080706a723a18a27aeea778392\windows-amd64

VM Arguments:
jvm_args: --add-opens=java.base/java.util=ALL-UNNAMED --add-opens=java.base/java.lang=ALL-UNNAMED --add-opens=java.base/java.lang.invoke=ALL-UNNAMED --add-opens=java.prefs/java.util.prefs=ALL-UNNAMED --add-opens=java.base/java.nio.charset=ALL-UNNAMED --add-opens=java.base/java.net=ALL-UNNAMED --add-opens=java.base/java.util.concurrent.atomic=ALL-UNNAMED -Xmx2048m -Dfile.encoding=UTF-8 -Duser.country=MY -Duser.language=en -Duser.variant -javaagent:C:\Users\Asus\.gradle\wrapper\dists\gradle-8.2-bin\bbg7u40eoinfdyxsxr3z4i7ta\gradle-8.2\lib\agents\gradle-instrumentation-agent-8.2.jar 
java_command: org.gradle.launcher.daemon.bootstrap.GradleDaemon 8.2
java_class_path (initial): C:\Users\Asus\.gradle\wrapper\dists\gradle-8.2-bin\bbg7u40eoinfdyxsxr3z4i7ta\gradle-8.2\lib\gradle-launcher-8.2.jar
Launcher Type: SUN_STANDARD

[Global flags]
     intx CICompilerCount                          = 12                                        {product} {ergonomic}
     uint ConcGCThreads                            = 3                                         {product} {ergonomic}
     uint G1ConcRefinementThreads                  = 13                                        {product} {ergonomic}
   size_t G1HeapRegionSize                         = 1048576                                   {product} {ergonomic}
    uintx GCDrainStackTargetSize                   = 64                                        {product} {ergonomic}
   size_t InitialHeapSize                          = 125829120                                 {product} {ergonomic}
   size_t MarkStackSize                            = 4194304                                   {product} {ergonomic}
   size_t MaxHeapSize                              = 2147483648                                {product} {command line}
   size_t MaxNewSize                               = 1287651328                                {product} {ergonomic}
   size_t MinHeapDeltaBytes                        = 1048576                                   {product} {ergonomic}
   size_t MinHeapSize                              = 8388608                                   {product} {ergonomic}
    uintx NonNMethodCodeHeapSize                   = 7602480                                {pd product} {ergonomic}
    uintx NonProfiledCodeHeapSize                  = 122027880                              {pd product} {ergonomic}
    uintx ProfiledCodeHeapSize                     = 122027880                              {pd product} {ergonomic}
    uintx ReservedCodeCacheSize                    = 251658240                              {pd product} {ergonomic}
     bool SegmentedCodeCache                       = true                                      {product} {ergonomic}
   size_t SoftMaxHeapSize                          = 2147483648                             {manageable} {ergonomic}
     bool UseCompressedClassPointers               = true                           {product lp64_product} {ergonomic}
     bool UseCompressedOops                        = true                           {product lp64_product} {ergonomic}
     bool UseG1GC                                  = true                                      {product} {ergonomic}
     bool UseLargePagesIndividualAllocation        = false                                  {pd product} {ergonomic}

Logging:
Log output configuration:
 #0: stdout all=warning uptime,level,tags
 #1: stderr all=off uptime,level,tags

Environment Variables:
PATH=C:\Users\Asus\Downloads\WINDOWS.X64_193000_db_home1\bin;C:\Users\Asus\Downloads\WINDOWS.X64_193000_db_home\bin;C:\oraclexe\app\oracle\product\11.2.0\server\bin;C:\Program Files\Eclipse Adoptium\jdk-17.0.6.10-hotspot\bin;C:\Program Files\Common Files\Oracle\Java\javapath;C:\Program Files (x86)\Common Files\Intel\Shared Libraries\redist\intel64\compiler;C:\Windows\system32;C:\Windows;C:\Windows\System32\Wbem;C:\Windows\System32\WindowsPowerShell\v1.0\;C:\Windows\System32\OpenSSH\;C:\Program Files (x86)\NVIDIA Corporation\PhysX\Common;C:\Program Files\NVIDIA Corporation\NVIDIA NvDLISR;C:\WINDOWS\system32;C:\WINDOWS;C:\WINDOWS\System32\Wbem;C:\WINDOWS\System32\WindowsPowerShell\v1.0\;C:\WINDOWS\System32\OpenSSH\;C:\Program Files\Microsoft SQL Server\150\Tools\Binn\;C:\Program Files\Microsoft SQL Server\130\Tools\Binn\;C:\Program Files\Git\cmd;C:\src\flutter\bin;C:\Users\Asus\AppData\Local\Microsoft\WindowsApps;C:\Program Files\JetBrains\IntelliJ IDEA Community Edition 2022.3.2\bin;;C:\Users\Asus\AppData\Local\Programs\Microsoft VS Code\bin;C:\Program Files\JetBrains\PyCharm Community Edition 2023.1.1\bin;;C:\Users\Asus\AppData\Local\GitHubDesktop\bin;C:\src\flutter\bin;
USERNAME=Asus
OS=Windows_NT
PROCESSOR_IDENTIFIER=AMD64 Family 23 Model 96 Stepping 1, AuthenticAMD
TMP=C:\Users\Asus\AppData\Local\Temp
TEMP=C:\Users\Asus\AppData\Local\Temp


JNI global refs:
JNI global refs: 35, weak refs: 0

JNI global refs memory usage: 843, weak refs: 841


---------------  S Y S T E M  ---------------

OS:
 Windows 11 , 64 bit Build 22621 (10.0.22621.2506)
OS uptime: 9 days 17:46 hours

CPU: total 16 (initial active 16) (16 cores per cpu, 2 threads per core) family 23 model 96 stepping 1 microcode 0x0, cx8, cmov, fxsr, ht, mmx, 3dnowpref, sse, sse2, sse3, ssse3, sse4a, sse4.1, sse4.2, popcnt, lzcnt, tsc, tscinvbit, avx, avx2, aes, clmul, bmi1, bmi2, adx, sha, fma, vzeroupper, clflush, clflushopt

Memory: 4k page, system-wide physical 7597M (153M free)
TotalPageFile size 31149M (AvailPageFile size 97M)
current process WorkingSet (physical memory assigned to process): 353M, peak: 423M
current process commit charge ("private bytes"): 543M, peak: 694M

vm_info: OpenJDK 64-Bit Server VM (17.0.6+0-b2043.56-10027231) for windows-amd64 JRE (17.0.6+0-b2043.56-10027231), built on Apr 28 2023 00:43:19 by "androidbuild" with MS VC++ 16.10 / 16.11 (VS2019)

END.
