#
# There is insufficient memory for the Java Runtime Environment to continue.
# Native memory allocation (mmap) failed to map 15728640 bytes for G1 virtual space
# Possible reasons:
#   The system is out of physical RAM or swap space
#   The process is running with CompressedOops enabled, and the Java Heap may be blocking the growth of the native heap
# Possible solutions:
#   Reduce memory load on the system
#   Increase physical memory or swap space
#   Check if swap backing store is full
#   Decrease Java heap size (-Xmx/-Xms)
#   Decrease number of Java threads
#   Decrease Java thread stack sizes (-Xss)
#   Set larger code cache with -XX:ReservedCodeCacheSize=
#   JVM is running with Unscaled Compressed Oops mode in which the Java heap is
#     placed in the first 4GB address space. The Java Heap base address is the
#     maximum limit for the native heap growth. Please use -XX:HeapBaseMinAddress
#     to set the Java Heap base and to place the Java Heap above 4GB virtual address.
# This output file may be truncated or incomplete.
#
#  Out of Memory Error (os_windows.cpp:3769), pid=10924, tid=9776
#
# JRE version: OpenJDK Runtime Environment (17.0.6) (build 17.0.6+0-b2043.56-10027231)
# Java VM: OpenJDK 64-Bit Server VM (17.0.6+0-b2043.56-10027231, mixed mode, tiered, compressed oops, compressed class ptrs, g1 gc, windows-amd64)
# No core dump will be written. Minidumps are not enabled by default on client versions of Windows
#

---------------  S U M M A R Y ------------

Command Line: --add-opens=java.base/java.util=ALL-UNNAMED --add-opens=java.base/java.lang=ALL-UNNAMED --add-opens=java.base/java.lang.invoke=ALL-UNNAMED --add-opens=java.prefs/java.util.prefs=ALL-UNNAMED --add-opens=java.base/java.nio.charset=ALL-UNNAMED --add-opens=java.base/java.net=ALL-UNNAMED --add-opens=java.base/java.util.concurrent.atomic=ALL-UNNAMED -Xmx2048m -Dfile.encoding=UTF-8 -Duser.country=MY -Duser.language=en -Duser.variant -javaagent:C:\Users\Asus\.gradle\wrapper\dists\gradle-8.2-bin\bbg7u40eoinfdyxsxr3z4i7ta\gradle-8.2\lib\agents\gradle-instrumentation-agent-8.2.jar org.gradle.launcher.daemon.bootstrap.GradleDaemon 8.2

Host: AMD Ryzen 7 4800H with Radeon Graphics         , 16 cores, 7G,  Windows 11 , 64 bit Build 22621 (10.0.22621.2506)
Time: Sun Dec 31 15:05:00 2023 Malay Peninsula Standard Time elapsed time: 28.444771 seconds (0d 0h 0m 28s)

---------------  T H R E A D  ---------------

Current thread (0x0000022ab9855cf0):  VMThread "VM Thread" [stack: 0x000000a1cc200000,0x000000a1cc300000] [id=9776]

Stack: [0x000000a1cc200000,0x000000a1cc300000]
Native frames: (J=compiled Java code, j=interpreted, Vv=VM code, C=native code)
V  [jvm.dll+0x683c9a]
V  [jvm.dll+0x8427a4]
V  [jvm.dll+0x843f9e]
V  [jvm.dll+0x844603]
V  [jvm.dll+0x249b75]
V  [jvm.dll+0x680b69]
V  [jvm.dll+0x67505a]
V  [jvm.dll+0x309acb]
V  [jvm.dll+0x310f86]
V  [jvm.dll+0x3608ee]
V  [jvm.dll+0x360b1f]
V  [jvm.dll+0x2dfbf8]
V  [jvm.dll+0x2e2ce6]
V  [jvm.dll+0x2ed478]
V  [jvm.dll+0x322150]
V  [jvm.dll+0x848ccb]
V  [jvm.dll+0x849a04]
V  [jvm.dll+0x849f1d]
V  [jvm.dll+0x84a2f4]
V  [jvm.dll+0x84a3c0]
V  [jvm.dll+0x7f274a]
V  [jvm.dll+0x682ad5]
C  [ucrtbase.dll+0x29363]
C  [KERNEL32.DLL+0x1257d]
C  [ntdll.dll+0x5aa58]

VM_Operation (0x000000a1cbeff640): G1Concurrent, mode: safepoint, requested by thread 0x0000022a9f0066a0


---------------  P R O C E S S  ---------------

Threads class SMR info:
_java_thread_list=0x0000022abaee1e70, length=70, elements={
0x0000022a9ef95770, 0x0000022ab98988a0, 0x0000022ab9899620, 0x0000022aba4362a0,
0x0000022aba436d60, 0x0000022aba439720, 0x0000022aba43a0d0, 0x0000022aba453030,
0x0000022aba45bd40, 0x0000022aba46ee10, 0x0000022aba51aca0, 0x0000022aba5db030,
0x0000022aba5db540, 0x0000022aba7c03a0, 0x0000022abc6cb080, 0x0000022abc877160,
0x0000022abc502b10, 0x0000022abc655c50, 0x0000022abc63e430, 0x0000022abaf71240,
0x0000022abaf71be0, 0x0000022abaf733f0, 0x0000022abaf720b0, 0x0000022abaf72f20,
0x0000022abaf738c0, 0x0000022abaf73d90, 0x0000022abaf72a50, 0x0000022abaf70d70,
0x0000022abe9b8600, 0x0000022abe9b9470, 0x0000022abe9ba2e0, 0x0000022abe9b8130,
0x0000022abe9beb10, 0x0000022abe9b8ad0, 0x0000022abe9bac80, 0x0000022abe9bb150,
0x0000022abe9befe0, 0x0000022abe9bb620, 0x0000022abe9ba7b0, 0x0000022abe9bf4b0,
0x0000022abe9b8fa0, 0x0000022abe9b9940, 0x0000022abe9b9e10, 0x0000022abe9bbaf0,
0x0000022abe9bbfc0, 0x0000022abe9bc490, 0x0000022abe9b7c60, 0x0000022abe9bc960,
0x0000022abe9bce30, 0x0000022abe9bd7d0, 0x0000022abe9bdca0, 0x0000022abf6e7ac0,
0x0000022abf6e97a0, 0x0000022abf6e8e00, 0x0000022abf570c80, 0x0000022abf6e75f0,
0x0000022abf6e45d0, 0x0000022abf6e4100, 0x0000022abf6e4aa0, 0x0000022abf6ea140,
0x0000022abf6e3c30, 0x0000022abf6e6c50, 0x0000022abf6e4f70, 0x0000022abf6e62b0,
0x0000022abf6ea610, 0x0000022abf6e5440, 0x0000022abf6eafb0, 0x0000022abf6eaae0,
0x0000022abf6e7120, 0x0000022abf5634a0
}

Java Threads: ( => current thread )
  0x0000022a9ef95770 JavaThread "main" [_thread_blocked, id=10572, stack(0x000000a1cbc00000,0x000000a1cbd00000)]
  0x0000022ab98988a0 JavaThread "Reference Handler" daemon [_thread_blocked, id=4676, stack(0x000000a1cc300000,0x000000a1cc400000)]
  0x0000022ab9899620 JavaThread "Finalizer" daemon [_thread_blocked, id=8080, stack(0x000000a1cc400000,0x000000a1cc500000)]
  0x0000022aba4362a0 JavaThread "Signal Dispatcher" daemon [_thread_blocked, id=2952, stack(0x000000a1cc500000,0x000000a1cc600000)]
  0x0000022aba436d60 JavaThread "Attach Listener" daemon [_thread_blocked, id=21480, stack(0x000000a1cc600000,0x000000a1cc700000)]
  0x0000022aba439720 JavaThread "Service Thread" daemon [_thread_blocked, id=14452, stack(0x000000a1cc700000,0x000000a1cc800000)]
  0x0000022aba43a0d0 JavaThread "Monitor Deflation Thread" daemon [_thread_blocked, id=25844, stack(0x000000a1cc800000,0x000000a1cc900000)]
  0x0000022aba453030 JavaThread "C2 CompilerThread0" daemon [_thread_blocked, id=18904, stack(0x000000a1cc900000,0x000000a1cca00000)]
  0x0000022aba45bd40 JavaThread "C1 CompilerThread0" daemon [_thread_blocked, id=8336, stack(0x000000a1cca00000,0x000000a1ccb00000)]
  0x0000022aba46ee10 JavaThread "Sweeper thread" daemon [_thread_blocked, id=3080, stack(0x000000a1ccb00000,0x000000a1ccc00000)]
  0x0000022aba51aca0 JavaThread "Common-Cleaner" daemon [_thread_blocked, id=8672, stack(0x000000a1ccc00000,0x000000a1ccd00000)]
  0x0000022aba5db030 JavaThread "C1 CompilerThread1" daemon [_thread_blocked, id=1952, stack(0x000000a1ccd00000,0x000000a1cce00000)]
  0x0000022aba5db540 JavaThread "C1 CompilerThread2" daemon [_thread_blocked, id=30844, stack(0x000000a1cce00000,0x000000a1ccf00000)]
  0x0000022aba7c03a0 JavaThread "Notification Thread" daemon [_thread_blocked, id=12188, stack(0x000000a1ccf00000,0x000000a1cd000000)]
  0x0000022abc6cb080 JavaThread "Daemon health stats" [_thread_blocked, id=12736, stack(0x000000a1cd500000,0x000000a1cd600000)]
  0x0000022abc877160 JavaThread "Incoming local TCP Connector on port 59355" [_thread_in_native, id=9472, stack(0x000000a1cd600000,0x000000a1cd700000)]
  0x0000022abc502b10 JavaThread "Daemon periodic checks" [_thread_blocked, id=28544, stack(0x000000a1cd700000,0x000000a1cd800000)]
  0x0000022abc655c50 JavaThread "Daemon" [_thread_blocked, id=31196, stack(0x000000a1cd800000,0x000000a1cd900000)]
  0x0000022abc63e430 JavaThread "Handler for socket connection from /127.0.0.1:59355 to /127.0.0.1:59356" [_thread_in_native, id=26260, stack(0x000000a1cd900000,0x000000a1cda00000)]
  0x0000022abaf71240 JavaThread "Cancel handler" [_thread_blocked, id=15192, stack(0x000000a1cda00000,0x000000a1cdb00000)]
  0x0000022abaf71be0 JavaThread "Daemon worker" [_thread_blocked, id=18424, stack(0x000000a1cdb00000,0x000000a1cdc00000)]
  0x0000022abaf733f0 JavaThread "Asynchronous log dispatcher for DefaultDaemonConnection: socket connection from /127.0.0.1:59355 to /127.0.0.1:59356" [_thread_blocked, id=30088, stack(0x000000a1cdc00000,0x000000a1cdd00000)]
  0x0000022abaf720b0 JavaThread "Stdin handler" [_thread_blocked, id=13872, stack(0x000000a1cdd00000,0x000000a1cde00000)]
  0x0000022abaf72f20 JavaThread "Daemon client event forwarder" [_thread_blocked, id=11120, stack(0x000000a1cde00000,0x000000a1cdf00000)]
  0x0000022abaf738c0 JavaThread "Cache worker for journal cache (C:\Users\Asus\.gradle\caches\journal-1)" [_thread_blocked, id=23488, stack(0x000000a1ce900000,0x000000a1cea00000)]
  0x0000022abaf73d90 JavaThread "File lock request listener" [_thread_in_native, id=2000, stack(0x000000a1cea00000,0x000000a1ceb00000)]
  0x0000022abaf72a50 JavaThread "Cache worker for file hash cache (C:\Users\Asus\.gradle\caches\8.2\fileHashes)" [_thread_blocked, id=25792, stack(0x000000a1ceb00000,0x000000a1cec00000)]
  0x0000022abaf70d70 JavaThread "File watcher server" daemon [_thread_in_native, id=11232, stack(0x000000a1cec00000,0x000000a1ced00000)]
  0x0000022abe9b8600 JavaThread "File watcher consumer" daemon [_thread_blocked, id=11216, stack(0x000000a1ced00000,0x000000a1cee00000)]
  0x0000022abe9b9470 JavaThread "jar transforms" [_thread_blocked, id=2568, stack(0x000000a1cee00000,0x000000a1cef00000)]
  0x0000022abe9ba2e0 JavaThread "jar transforms Thread 2" [_thread_blocked, id=30104, stack(0x000000a1cef00000,0x000000a1cf000000)]
  0x0000022abe9b8130 JavaThread "jar transforms Thread 3" [_thread_blocked, id=13752, stack(0x000000a1cf000000,0x000000a1cf100000)]
  0x0000022abe9beb10 JavaThread "jar transforms Thread 4" [_thread_blocked, id=4860, stack(0x000000a1cf100000,0x000000a1cf200000)]
  0x0000022abe9b8ad0 JavaThread "jar transforms Thread 5" [_thread_blocked, id=12520, stack(0x000000a1cf200000,0x000000a1cf300000)]
  0x0000022abe9bac80 JavaThread "jar transforms Thread 6" [_thread_blocked, id=24860, stack(0x000000a1cf300000,0x000000a1cf400000)]
  0x0000022abe9bb150 JavaThread "jar transforms Thread 7" [_thread_blocked, id=21840, stack(0x000000a1cf400000,0x000000a1cf500000)]
  0x0000022abe9befe0 JavaThread "jar transforms Thread 8" [_thread_blocked, id=26328, stack(0x000000a1cf500000,0x000000a1cf600000)]
  0x0000022abe9bb620 JavaThread "jar transforms Thread 9" [_thread_blocked, id=14464, stack(0x000000a1cf600000,0x000000a1cf700000)]
  0x0000022abe9ba7b0 JavaThread "jar transforms Thread 10" [_thread_blocked, id=4464, stack(0x000000a1cf700000,0x000000a1cf800000)]
  0x0000022abe9bf4b0 JavaThread "jar transforms Thread 11" [_thread_blocked, id=6388, stack(0x000000a1cf800000,0x000000a1cf900000)]
  0x0000022abe9b8fa0 JavaThread "jar transforms Thread 12" [_thread_blocked, id=7592, stack(0x000000a1cf900000,0x000000a1cfa00000)]
  0x0000022abe9b9940 JavaThread "jar transforms Thread 13" [_thread_blocked, id=9408, stack(0x000000a1cfa00000,0x000000a1cfb00000)]
  0x0000022abe9b9e10 JavaThread "jar transforms Thread 14" [_thread_blocked, id=18568, stack(0x000000a1cfb00000,0x000000a1cfc00000)]
  0x0000022abe9bbaf0 JavaThread "jar transforms Thread 15" [_thread_blocked, id=30340, stack(0x000000a1cfc00000,0x000000a1cfd00000)]
  0x0000022abe9bbfc0 JavaThread "jar transforms Thread 16" [_thread_blocked, id=28288, stack(0x000000a1cfd00000,0x000000a1cfe00000)]
  0x0000022abe9bc490 JavaThread "Cache worker for checksums cache (C:\Users\Asus\AndroidStudioProjects\MADApp\.gradle\8.2\checksums)" [_thread_blocked, id=29928, stack(0x000000a1cfe00000,0x000000a1cff00000)]
  0x0000022abe9b7c60 JavaThread "Cache worker for cache directory md-rule (C:\Users\Asus\.gradle\caches\8.2\md-rule)" [_thread_blocked, id=15800, stack(0x000000a1cff00000,0x000000a1d0000000)]
  0x0000022abe9bc960 JavaThread "Cache worker for file content cache (C:\Users\Asus\.gradle\caches\8.2\fileContent)" [_thread_blocked, id=21248, stack(0x000000a1d0000000,0x000000a1d0100000)]
  0x0000022abe9bce30 JavaThread "Cache worker for file hash cache (C:\Users\Asus\AndroidStudioProjects\MADApp\.gradle\8.2\fileHashes)" [_thread_blocked, id=11768, stack(0x000000a1d0100000,0x000000a1d0200000)]
  0x0000022abe9bd7d0 JavaThread "Cache worker for cache directory md-supplier (C:\Users\Asus\.gradle\caches\8.2\md-supplier)" [_thread_blocked, id=17116, stack(0x000000a1d0200000,0x000000a1d0300000)]
  0x0000022abe9bdca0 JavaThread "Cache worker for execution history cache (C:\Users\Asus\.gradle\caches\8.2\executionHistory)" [_thread_blocked, id=16872, stack(0x000000a1d0300000,0x000000a1d0400000)]
  0x0000022abf6e7ac0 JavaThread "Cache worker for kotlin-dsl (C:\Users\Asus\.gradle\caches\8.2\kotlin-dsl)" [_thread_blocked, id=1368, stack(0x000000a1d0500000,0x000000a1d0600000)]
  0x0000022abf6e97a0 JavaThread "Cache worker for dependencies-accessors (C:\Users\Asus\AndroidStudioProjects\MADApp\.gradle\8.2\dependencies-accessors)" [_thread_blocked, id=22292, stack(0x000000a1d0700000,0x000000a1d0800000)]
  0x0000022abf6e8e00 JavaThread "Cache worker for Build Output Cleanup Cache (C:\Users\Asus\AndroidStudioProjects\MADApp\.gradle\buildOutputCleanup)" [_thread_blocked, id=13920, stack(0x000000a1d0800000,0x000000a1d0900000)]
  0x0000022abf570c80 JavaThread "C1 CompilerThread3" daemon [_thread_blocked, id=23104, stack(0x000000a1d0600000,0x000000a1d0700000)]
  0x0000022abf6e75f0 JavaThread "Unconstrained build operations" [_thread_blocked, id=15940, stack(0x000000a1d0900000,0x000000a1d0a00000)]
  0x0000022abf6e45d0 JavaThread "Unconstrained build operations Thread 2" [_thread_blocked, id=26696, stack(0x000000a1d0a00000,0x000000a1d0b00000)]
  0x0000022abf6e4100 JavaThread "Unconstrained build operations Thread 3" [_thread_blocked, id=25100, stack(0x000000a1d0b00000,0x000000a1d0c00000)]
  0x0000022abf6e4aa0 JavaThread "Unconstrained build operations Thread 4" [_thread_blocked, id=23336, stack(0x000000a1d0c00000,0x000000a1d0d00000)]
  0x0000022abf6ea140 JavaThread "Unconstrained build operations Thread 5" [_thread_blocked, id=21916, stack(0x000000a1d0d00000,0x000000a1d0e00000)]
  0x0000022abf6e3c30 JavaThread "Unconstrained build operations Thread 6" [_thread_blocked, id=18248, stack(0x000000a1d0e00000,0x000000a1d0f00000)]
  0x0000022abf6e6c50 JavaThread "Unconstrained build operations Thread 7" [_thread_blocked, id=14508, stack(0x000000a1d0f00000,0x000000a1d1000000)]
  0x0000022abf6e4f70 JavaThread "Unconstrained build operations Thread 8" [_thread_blocked, id=15064, stack(0x000000a1d1000000,0x000000a1d1100000)]
  0x0000022abf6e62b0 JavaThread "Unconstrained build operations Thread 9" [_thread_blocked, id=15328, stack(0x000000a1d1100000,0x000000a1d1200000)]
  0x0000022abf6ea610 JavaThread "Unconstrained build operations Thread 10" [_thread_blocked, id=13012, stack(0x000000a1d1200000,0x000000a1d1300000)]
  0x0000022abf6e5440 JavaThread "Unconstrained build operations Thread 11" [_thread_blocked, id=29240, stack(0x000000a1d1300000,0x000000a1d1400000)]
  0x0000022abf6eafb0 JavaThread "Unconstrained build operations Thread 12" [_thread_blocked, id=28168, stack(0x000000a1d1400000,0x000000a1d1500000)]
  0x0000022abf6eaae0 JavaThread "Unconstrained build operations Thread 13" [_thread_blocked, id=20156, stack(0x000000a1d1500000,0x000000a1d1600000)]
  0x0000022abf6e7120 JavaThread "Unconstrained build operations Thread 14" [_thread_blocked, id=28024, stack(0x000000a1d1600000,0x000000a1d1700000)]
  0x0000022abf5634a0 JavaThread "Unconstrained build operations Thread 15" [_thread_blocked, id=26432, stack(0x000000a1d1700000,0x000000a1d1800000)]

Other Threads:
=>0x0000022ab9855cf0 VMThread "VM Thread" [stack: 0x000000a1cc200000,0x000000a1cc300000] [id=9776]
  0x0000022a9f017a90 WatcherThread [stack: 0x000000a1cd000000,0x000000a1cd100000] [id=5040]
  0x0000022a9eff5760 GCTaskThread "GC Thread#0" [stack: 0x000000a1cbd00000,0x000000a1cbe00000] [id=24108]
  0x0000022abb892200 GCTaskThread "GC Thread#1" [stack: 0x000000a1cd100000,0x000000a1cd200000] [id=7212]
  0x0000022abaf784e0 GCTaskThread "GC Thread#2" [stack: 0x000000a1cd200000,0x000000a1cd300000] [id=28512]
  0x0000022abaf5d060 GCTaskThread "GC Thread#3" [stack: 0x000000a1cd300000,0x000000a1cd400000] [id=20208]
  0x0000022abc03d5a0 GCTaskThread "GC Thread#4" [stack: 0x000000a1cd400000,0x000000a1cd500000] [id=10036]
  0x0000022abca21910 GCTaskThread "GC Thread#5" [stack: 0x000000a1cdf00000,0x000000a1ce000000] [id=9696]
  0x0000022abcac86a0 GCTaskThread "GC Thread#6" [stack: 0x000000a1ce000000,0x000000a1ce100000] [id=31548]
  0x0000022abcac9ac0 GCTaskThread "GC Thread#7" [stack: 0x000000a1ce100000,0x000000a1ce200000] [id=31396]
  0x0000022abcaa2870 GCTaskThread "GC Thread#8" [stack: 0x000000a1ce200000,0x000000a1ce300000] [id=11528]
  0x0000022abca9fb50 GCTaskThread "GC Thread#9" [stack: 0x000000a1ce300000,0x000000a1ce400000] [id=6312]
  0x0000022abcaa08c0 GCTaskThread "GC Thread#10" [stack: 0x000000a1ce400000,0x000000a1ce500000] [id=21784]
  0x0000022abcaa10d0 GCTaskThread "GC Thread#11" [stack: 0x000000a1ce500000,0x000000a1ce600000] [id=4884]
  0x0000022abca9fe00 GCTaskThread "GC Thread#12" [stack: 0x000000a1ce600000,0x000000a1ce700000] [id=20376]
  0x0000022a9f0066a0 ConcurrentGCThread "G1 Main Marker" [stack: 0x000000a1cbe00000,0x000000a1cbf00000] [id=30644]
  0x0000022a9f007850 ConcurrentGCThread "G1 Conc#0" [stack: 0x000000a1cbf00000,0x000000a1cc000000] [id=13228]
  0x0000022abcaa0610 ConcurrentGCThread "G1 Conc#1" [stack: 0x000000a1ce700000,0x000000a1ce800000] [id=11056]
  0x0000022abcaa0360 ConcurrentGCThread "G1 Conc#2" [stack: 0x000000a1ce800000,0x000000a1ce900000] [id=12124]
  0x0000022ab9703520 ConcurrentGCThread "G1 Refine#0" [stack: 0x000000a1cc000000,0x000000a1cc100000] [id=24008]
  0x0000022ac08b49f0 ConcurrentGCThread "G1 Refine#1" [stack: 0x000000a1d0400000,0x000000a1d0500000] [id=11112]
  0x0000022ac08b4710 ConcurrentGCThread "G1 Refine#2" [stack: 0x000000a1d1800000,0x000000a1d1900000] [id=26360]
  0x0000022ac08b2770 ConcurrentGCThread "G1 Refine#3" [stack: 0x000000a1d1900000,0x000000a1d1a00000] [id=11028]
  0x0000022ac08b1910 ConcurrentGCThread "G1 Refine#4" [stack: 0x000000a1d1a00000,0x000000a1d1b00000] [id=21376]
  0x0000022ac08b2a50 ConcurrentGCThread "G1 Refine#5" [stack: 0x000000a1d1b00000,0x000000a1d1c00000] [id=27532]
  0x0000022ac08b1070 ConcurrentGCThread "G1 Refine#6" [stack: 0x000000a1d1c00000,0x000000a1d1d00000] [id=9028]
  0x0000022ac08b2d30 ConcurrentGCThread "G1 Refine#7" [stack: 0x000000a1d1d00000,0x000000a1d1e00000] [id=11096]
  0x0000022ac08b1350 ConcurrentGCThread "G1 Refine#8" [stack: 0x000000a1d1e00000,0x000000a1d1f00000] [id=31624]
  0x0000022ab9703e50 ConcurrentGCThread "G1 Service" [stack: 0x000000a1cc100000,0x000000a1cc200000] [id=13136]

Threads with active compile tasks:
C2 CompilerThread0    28510 10707       4       org.gradle.internal.service.DefaultServiceRegistry$OwnServices::getService (309 bytes)

VM state: at safepoint (normal execution)

VM Mutex/Monitor currently owned by a thread:  ([mutex/lock_event])
[0x0000022a9ef91cc0] Threads_lock - owner thread: 0x0000022ab9855cf0
[0x0000022a9ef92260] Heap_lock - owner thread: 0x0000022a9f0066a0

Heap address: 0x0000000080000000, size: 2048 MB, Compressed Oops mode: 32-bit

CDS archive(s) not mapped
Compressed class space mapped at: 0x0000000100000000-0x0000000140000000, reserved size: 1073741824
Narrow klass base: 0x0000000000000000, Narrow klass shift: 3, Narrow klass range: 0x140000000

GC Precious Log:
 CPUs: 16 total, 16 available
 Memory: 7597M
 Large Page Support: Disabled
 NUMA Support: Disabled
 Compressed Oops: Enabled (32-bit)
 Heap Region Size: 1M
 Heap Min Capacity: 8M
 Heap Initial Capacity: 120M
 Heap Max Capacity: 2G
 Pre-touch: Disabled
 Parallel Workers: 13
 Concurrent Workers: 3
 Concurrent Refinement Workers: 13
 Periodic GC: Disabled

Heap:
 garbage-first heap   total 215040K, used 136957K [0x0000000080000000, 0x0000000100000000)
  region size 1024K, 5 young (5120K), 2 survivors (2048K)
 Metaspace       used 118333K, committed 119040K, reserved 1155072K
  class space    used 15231K, committed 15552K, reserved 1048576K

Heap Regions: E=young(eden), S=young(survivor), O=old, HS=humongous(starts), HC=humongous(continues), CS=collection set, F=free, OA=open archive, CA=closed archive, TAMS=top-at-mark-start (previous, next)
|   0|0x0000000080000000, 0x0000000080100000, 0x0000000080100000|100%|HS|  |TAMS 0x0000000080100000, 0x0000000080000000| Complete 
|   1|0x0000000080100000, 0x0000000080200000, 0x0000000080200000|100%|HC|  |TAMS 0x0000000080200000, 0x0000000080100000| Complete 
|   2|0x0000000080200000, 0x0000000080300000, 0x0000000080300000|100%|HC|  |TAMS 0x0000000080300000, 0x0000000080200000| Complete 
|   3|0x0000000080300000, 0x0000000080400000, 0x0000000080400000|100%|HC|  |TAMS 0x0000000080400000, 0x0000000080300000| Complete 
|   4|0x0000000080400000, 0x0000000080500000, 0x0000000080500000|100%| O|  |TAMS 0x0000000080500000, 0x0000000080400000| Untracked 
|   5|0x0000000080500000, 0x0000000080600000, 0x0000000080600000|100%| O|  |TAMS 0x0000000080600000, 0x0000000080500000| Updating 
|   6|0x0000000080600000, 0x0000000080700000, 0x0000000080700000|100%| O|  |TAMS 0x0000000080700000, 0x0000000080600000| Untracked 
|   7|0x0000000080700000, 0x0000000080800000, 0x0000000080800000|100%| O|  |TAMS 0x0000000080800000, 0x0000000080700000| Updating 
|   8|0x0000000080800000, 0x0000000080900000, 0x0000000080900000|100%| O|  |TAMS 0x0000000080900000, 0x0000000080800000| Untracked 
|   9|0x0000000080900000, 0x0000000080a00000, 0x0000000080a00000|100%| O|  |TAMS 0x0000000080a00000, 0x0000000080900000| Untracked 
|  10|0x0000000080a00000, 0x0000000080b00000, 0x0000000080b00000|100%| O|  |TAMS 0x0000000080b00000, 0x0000000080a00000| Untracked 
|  11|0x0000000080b00000, 0x0000000080c00000, 0x0000000080c00000|100%| O|  |TAMS 0x0000000080c00000, 0x0000000080b00000| Untracked 
|  12|0x0000000080c00000, 0x0000000080d00000, 0x0000000080d00000|100%| O|  |TAMS 0x0000000080d00000, 0x0000000080c00000| Untracked 
|  13|0x0000000080d00000, 0x0000000080e00000, 0x0000000080e00000|100%| O|  |TAMS 0x0000000080e00000, 0x0000000080d00000| Untracked 
|  14|0x0000000080e00000, 0x0000000080f00000, 0x0000000080f00000|100%| O|  |TAMS 0x0000000080f00000, 0x0000000080e00000| Untracked 
|  15|0x0000000080f00000, 0x0000000081000000, 0x0000000081000000|100%| O|  |TAMS 0x0000000081000000, 0x0000000080f00000| Untracked 
|  16|0x0000000081000000, 0x0000000081100000, 0x0000000081100000|100%| O|  |TAMS 0x0000000081100000, 0x0000000081000000| Untracked 
|  17|0x0000000081100000, 0x0000000081200000, 0x0000000081200000|100%| O|  |TAMS 0x0000000081200000, 0x0000000081100000| Untracked 
|  18|0x0000000081200000, 0x0000000081300000, 0x0000000081300000|100%| O|  |TAMS 0x0000000081300000, 0x0000000081200000| Untracked 
|  19|0x0000000081300000, 0x0000000081400000, 0x0000000081400000|100%|HS|  |TAMS 0x0000000081400000, 0x0000000081300000| Complete 
|  20|0x0000000081400000, 0x0000000081500000, 0x0000000081500000|100%|HC|  |TAMS 0x0000000081500000, 0x0000000081400000| Complete 
|  21|0x0000000081500000, 0x0000000081600000, 0x0000000081600000|100%|HS|  |TAMS 0x0000000081600000, 0x0000000081500000| Complete 
|  22|0x0000000081600000, 0x0000000081700000, 0x0000000081700000|100%|HC|  |TAMS 0x0000000081700000, 0x0000000081600000| Complete 
|  23|0x0000000081700000, 0x0000000081800000, 0x0000000081800000|100%|HC|  |TAMS 0x0000000081800000, 0x0000000081700000| Complete 
|  24|0x0000000081800000, 0x0000000081900000, 0x0000000081900000|100%|HS|  |TAMS 0x0000000081900000, 0x0000000081800000| Complete 
|  25|0x0000000081900000, 0x0000000081a00000, 0x0000000081a00000|100%|HC|  |TAMS 0x0000000081a00000, 0x0000000081900000| Complete 
|  26|0x0000000081a00000, 0x0000000081b00000, 0x0000000081b00000|100%|HC|  |TAMS 0x0000000081b00000, 0x0000000081a00000| Complete 
|  27|0x0000000081b00000, 0x0000000081c00000, 0x0000000081c00000|100%| O|  |TAMS 0x0000000081c00000, 0x0000000081b00000| Untracked 
|  28|0x0000000081c00000, 0x0000000081d00000, 0x0000000081d00000|100%| O|  |TAMS 0x0000000081d00000, 0x0000000081c00000| Untracked 
|  29|0x0000000081d00000, 0x0000000081e00000, 0x0000000081e00000|100%|HS|  |TAMS 0x0000000081e00000, 0x0000000081d00000| Complete 
|  30|0x0000000081e00000, 0x0000000081f00000, 0x0000000081f00000|100%|HC|  |TAMS 0x0000000081f00000, 0x0000000081e00000| Complete 
|  31|0x0000000081f00000, 0x0000000082000000, 0x0000000082000000|100%|HC|  |TAMS 0x0000000082000000, 0x0000000081f00000| Complete 
|  32|0x0000000082000000, 0x0000000082100000, 0x0000000082100000|100%|HC|  |TAMS 0x0000000082100000, 0x0000000082000000| Complete 
|  33|0x0000000082100000, 0x0000000082200000, 0x0000000082200000|100%|HC|  |TAMS 0x0000000082200000, 0x0000000082100000| Complete 
|  34|0x0000000082200000, 0x0000000082300000, 0x0000000082300000|100%|HC|  |TAMS 0x0000000082300000, 0x0000000082200000| Complete 
|  35|0x0000000082300000, 0x0000000082400000, 0x0000000082400000|100%|HC|  |TAMS 0x0000000082400000, 0x0000000082300000| Complete 
|  36|0x0000000082400000, 0x0000000082500000, 0x0000000082500000|100%|HC|  |TAMS 0x0000000082500000, 0x0000000082400000| Complete 
|  37|0x0000000082500000, 0x0000000082600000, 0x0000000082600000|100%|HC|  |TAMS 0x0000000082600000, 0x0000000082500000| Complete 
|  38|0x0000000082600000, 0x0000000082700000, 0x0000000082700000|100%|HC|  |TAMS 0x0000000082700000, 0x0000000082600000| Complete 
|  39|0x0000000082700000, 0x0000000082800000, 0x0000000082800000|100%|HC|  |TAMS 0x0000000082800000, 0x0000000082700000| Complete 
|  40|0x0000000082800000, 0x0000000082900000, 0x0000000082900000|100%|HC|  |TAMS 0x0000000082900000, 0x0000000082800000| Complete 
|  41|0x0000000082900000, 0x0000000082a00000, 0x0000000082a00000|100%| O|  |TAMS 0x0000000082a00000, 0x0000000082900000| Untracked 
|  42|0x0000000082a00000, 0x0000000082b00000, 0x0000000082b00000|100%| O|  |TAMS 0x0000000082b00000, 0x0000000082a00000| Updating 
|  43|0x0000000082b00000, 0x0000000082c00000, 0x0000000082c00000|100%| O|  |TAMS 0x0000000082b00000, 0x0000000082b00000| Untracked 
|  44|0x0000000082c00000, 0x0000000082d00000, 0x0000000082d00000|100%| O|  |TAMS 0x0000000082d00000, 0x0000000082c00000| Untracked 
|  45|0x0000000082d00000, 0x0000000082e00000, 0x0000000082e00000|100%| O|  |TAMS 0x0000000082e00000, 0x0000000082d00000| Untracked 
|  46|0x0000000082e00000, 0x0000000082f00000, 0x0000000082f00000|100%|HS|  |TAMS 0x0000000082f00000, 0x0000000082e00000| Complete 
|  47|0x0000000082f00000, 0x0000000083000000, 0x0000000083000000|100%|HC|  |TAMS 0x0000000083000000, 0x0000000082f00000| Complete 
|  48|0x0000000083000000, 0x0000000083100000, 0x0000000083100000|100%| O|  |TAMS 0x0000000083100000, 0x0000000083000000| Untracked 
|  49|0x0000000083100000, 0x0000000083200000, 0x0000000083200000|100%| O|  |TAMS 0x0000000083200000, 0x0000000083100000| Untracked 
|  50|0x0000000083200000, 0x0000000083300000, 0x0000000083300000|100%| O|  |TAMS 0x0000000083300000, 0x0000000083200000| Untracked 
|  51|0x0000000083300000, 0x0000000083400000, 0x0000000083400000|100%| O|  |TAMS 0x0000000083400000, 0x0000000083300000| Untracked 
|  52|0x0000000083400000, 0x0000000083500000, 0x0000000083500000|100%| O|  |TAMS 0x0000000083500000, 0x0000000083400000| Untracked 
|  53|0x0000000083500000, 0x0000000083600000, 0x0000000083600000|100%| O|  |TAMS 0x0000000083600000, 0x0000000083500000| Untracked 
|  54|0x0000000083600000, 0x0000000083700000, 0x0000000083700000|100%| O|  |TAMS 0x0000000083700000, 0x0000000083600000| Updating 
|  55|0x0000000083700000, 0x0000000083800000, 0x0000000083800000|100%| O|  |TAMS 0x0000000083800000, 0x0000000083700000| Untracked 
|  56|0x0000000083800000, 0x0000000083900000, 0x0000000083900000|100%|HS|  |TAMS 0x0000000083900000, 0x0000000083800000| Complete 
|  57|0x0000000083900000, 0x0000000083a00000, 0x0000000083a00000|100%|HC|  |TAMS 0x0000000083a00000, 0x0000000083900000| Complete 
|  58|0x0000000083a00000, 0x0000000083b00000, 0x0000000083b00000|100%|HC|  |TAMS 0x0000000083b00000, 0x0000000083a00000| Complete 
|  59|0x0000000083b00000, 0x0000000083c00000, 0x0000000083c00000|100%| O|  |TAMS 0x0000000083c00000, 0x0000000083b00000| Updating 
|  60|0x0000000083c00000, 0x0000000083d00000, 0x0000000083d00000|100%| O|  |TAMS 0x0000000083d00000, 0x0000000083c00000| Updating 
|  61|0x0000000083d00000, 0x0000000083e00000, 0x0000000083e00000|100%| O|  |TAMS 0x0000000083e00000, 0x0000000083d00000| Untracked 
|  62|0x0000000083e00000, 0x0000000083f00000, 0x0000000083f00000|100%| O|  |TAMS 0x0000000083f00000, 0x0000000083e00000| Untracked 
|  63|0x0000000083f00000, 0x0000000084000000, 0x0000000084000000|100%| O|  |TAMS 0x0000000084000000, 0x0000000083f00000| Untracked 
|  64|0x0000000084000000, 0x0000000084100000, 0x0000000084100000|100%| O|  |TAMS 0x0000000084100000, 0x0000000084000000| Updating 
|  65|0x0000000084100000, 0x0000000084200000, 0x0000000084200000|100%| O|  |TAMS 0x0000000084200000, 0x0000000084100000| Untracked 
|  66|0x0000000084200000, 0x0000000084300000, 0x0000000084300000|100%| O|  |TAMS 0x0000000084300000, 0x0000000084200000| Untracked 
|  67|0x0000000084300000, 0x0000000084400000, 0x0000000084400000|100%|HS|  |TAMS 0x0000000084400000, 0x0000000084300000| Complete 
|  68|0x0000000084400000, 0x0000000084500000, 0x0000000084500000|100%|HS|  |TAMS 0x0000000084500000, 0x0000000084400000| Complete 
|  69|0x0000000084500000, 0x0000000084600000, 0x0000000084600000|100%|HS|  |TAMS 0x0000000084600000, 0x0000000084500000| Complete 
|  70|0x0000000084600000, 0x0000000084700000, 0x0000000084700000|100%| O|  |TAMS 0x0000000084700000, 0x0000000084600000| Untracked 
|  71|0x0000000084700000, 0x0000000084800000, 0x0000000084800000|100%| O|  |TAMS 0x0000000084800000, 0x0000000084700000| Untracked 
|  72|0x0000000084800000, 0x0000000084900000, 0x0000000084900000|100%| O|  |TAMS 0x0000000084900000, 0x0000000084800000| Untracked 
|  73|0x0000000084900000, 0x0000000084a00000, 0x0000000084a00000|100%| O|  |TAMS 0x0000000084a00000, 0x0000000084900000| Untracked 
|  74|0x0000000084a00000, 0x0000000084b00000, 0x0000000084b00000|100%| O|  |TAMS 0x0000000084b00000, 0x0000000084a00000| Untracked 
|  75|0x0000000084b00000, 0x0000000084c00000, 0x0000000084c00000|100%| O|  |TAMS 0x0000000084c00000, 0x0000000084b00000| Untracked 
|  76|0x0000000084c00000, 0x0000000084d00000, 0x0000000084d00000|100%| O|  |TAMS 0x0000000084d00000, 0x0000000084c00000| Untracked 
|  77|0x0000000084d00000, 0x0000000084e00000, 0x0000000084e00000|100%| O|  |TAMS 0x0000000084e00000, 0x0000000084d00000| Untracked 
|  78|0x0000000084e00000, 0x0000000084f00000, 0x0000000084f00000|100%| O|  |TAMS 0x0000000084f00000, 0x0000000084e00000| Untracked 
|  79|0x0000000084f00000, 0x0000000085000000, 0x0000000085000000|100%|HS|  |TAMS 0x0000000085000000, 0x0000000084f00000| Complete 
|  80|0x0000000085000000, 0x0000000085100000, 0x0000000085100000|100%|HC|  |TAMS 0x0000000085100000, 0x0000000085000000| Complete 
|  81|0x0000000085100000, 0x0000000085200000, 0x0000000085200000|100%|HC|  |TAMS 0x0000000085200000, 0x0000000085100000| Complete 
|  82|0x0000000085200000, 0x0000000085300000, 0x0000000085300000|100%|HC|  |TAMS 0x0000000085300000, 0x0000000085200000| Complete 
|  83|0x0000000085300000, 0x0000000085400000, 0x0000000085400000|100%| O|  |TAMS 0x0000000085400000, 0x0000000085300000| Untracked 
|  84|0x0000000085400000, 0x0000000085500000, 0x0000000085500000|100%| O|  |TAMS 0x0000000085500000, 0x0000000085400000| Untracked 
|  85|0x0000000085500000, 0x0000000085600000, 0x0000000085600000|100%| O|  |TAMS 0x0000000085600000, 0x0000000085500000| Untracked 
|  86|0x0000000085600000, 0x0000000085700000, 0x0000000085700000|100%| O|  |TAMS 0x0000000085700000, 0x0000000085600000| Untracked 
|  87|0x0000000085700000, 0x0000000085800000, 0x0000000085800000|100%| O|  |TAMS 0x0000000085800000, 0x0000000085700000| Untracked 
|  88|0x0000000085800000, 0x0000000085900000, 0x0000000085900000|100%| O|  |TAMS 0x0000000085900000, 0x0000000085800000| Untracked 
|  89|0x0000000085900000, 0x0000000085a00000, 0x0000000085a00000|100%| O|  |TAMS 0x0000000085a00000, 0x0000000085900000| Untracked 
|  90|0x0000000085a00000, 0x0000000085b00000, 0x0000000085b00000|100%| O|  |TAMS 0x0000000085b00000, 0x0000000085a00000| Untracked 
|  91|0x0000000085b00000, 0x0000000085c00000, 0x0000000085c00000|100%| O|  |TAMS 0x0000000085c00000, 0x0000000085b00000| Untracked 
|  92|0x0000000085c00000, 0x0000000085d00000, 0x0000000085d00000|100%| O|  |TAMS 0x0000000085d00000, 0x0000000085c00000| Untracked 
|  93|0x0000000085d00000, 0x0000000085e00000, 0x0000000085e00000|100%| O|  |TAMS 0x0000000085e00000, 0x0000000085d00000| Untracked 
|  94|0x0000000085e00000, 0x0000000085f00000, 0x0000000085f00000|100%| O|  |TAMS 0x0000000085f00000, 0x0000000085e00000| Untracked 
|  95|0x0000000085f00000, 0x0000000086000000, 0x0000000086000000|100%| O|  |TAMS 0x0000000086000000, 0x0000000085f00000| Untracked 
|  96|0x0000000086000000, 0x0000000086100000, 0x0000000086100000|100%| O|  |TAMS 0x0000000086100000, 0x0000000086000000| Untracked 
|  97|0x0000000086100000, 0x0000000086200000, 0x0000000086200000|100%| O|  |TAMS 0x0000000086200000, 0x0000000086100000| Untracked 
|  98|0x0000000086200000, 0x0000000086300000, 0x0000000086300000|100%| O|  |TAMS 0x0000000086300000, 0x0000000086200000| Untracked 
|  99|0x0000000086300000, 0x0000000086400000, 0x0000000086400000|100%| O|  |TAMS 0x0000000086400000, 0x0000000086300000| Untracked 
| 100|0x0000000086400000, 0x0000000086500000, 0x0000000086500000|100%| O|  |TAMS 0x0000000086500000, 0x0000000086400000| Untracked 
| 101|0x0000000086500000, 0x0000000086600000, 0x0000000086600000|100%| O|  |TAMS 0x0000000086600000, 0x0000000086500000| Untracked 
| 102|0x0000000086600000, 0x0000000086700000, 0x0000000086700000|100%| O|  |TAMS 0x0000000086700000, 0x0000000086600000| Untracked 
| 103|0x0000000086700000, 0x0000000086800000, 0x0000000086800000|100%| O|  |TAMS 0x0000000086800000, 0x0000000086700000| Updating 
| 104|0x0000000086800000, 0x0000000086900000, 0x0000000086900000|100%| O|  |TAMS 0x0000000086900000, 0x0000000086800000| Updating 
| 105|0x0000000086900000, 0x0000000086a00000, 0x0000000086a00000|100%|HS|  |TAMS 0x0000000086a00000, 0x0000000086900000| Complete 
| 106|0x0000000086a00000, 0x0000000086b00000, 0x0000000086b00000|100%|HC|  |TAMS 0x0000000086b00000, 0x0000000086a00000| Complete 
| 107|0x0000000086b00000, 0x0000000086c00000, 0x0000000086c00000|100%|HC|  |TAMS 0x0000000086c00000, 0x0000000086b00000| Complete 
| 108|0x0000000086c00000, 0x0000000086d00000, 0x0000000086d00000|100%|HC|  |TAMS 0x0000000086d00000, 0x0000000086c00000| Complete 
| 109|0x0000000086d00000, 0x0000000086e00000, 0x0000000086e00000|100%|HC|  |TAMS 0x0000000086e00000, 0x0000000086d00000| Complete 
| 110|0x0000000086e00000, 0x0000000086f00000, 0x0000000086f00000|100%|HC|  |TAMS 0x0000000086f00000, 0x0000000086e00000| Complete 
| 111|0x0000000086f00000, 0x0000000087000000, 0x0000000087000000|100%|HS|  |TAMS 0x0000000087000000, 0x0000000086f00000| Complete 
| 112|0x0000000087000000, 0x0000000087100000, 0x0000000087100000|100%| O|  |TAMS 0x0000000087100000, 0x0000000087000000| Untracked 
| 113|0x0000000087100000, 0x0000000087200000, 0x0000000087200000|100%| O|  |TAMS 0x0000000087200000, 0x0000000087100000| Untracked 
| 114|0x0000000087200000, 0x0000000087300000, 0x0000000087300000|100%| O|  |TAMS 0x0000000087300000, 0x0000000087200000| Untracked 
| 115|0x0000000087300000, 0x0000000087400000, 0x0000000087400000|100%| O|  |TAMS 0x0000000087400000, 0x0000000087300000| Untracked 
| 116|0x0000000087400000, 0x0000000087500000, 0x0000000087500000|100%| O|  |TAMS 0x0000000087500000, 0x0000000087400000| Untracked 
| 117|0x0000000087500000, 0x0000000087600000, 0x0000000087600000|100%| O|  |TAMS 0x0000000087600000, 0x0000000087500000| Untracked 
| 118|0x0000000087600000, 0x0000000087700000, 0x0000000087700000|100%| O|  |TAMS 0x0000000087700000, 0x0000000087600000| Untracked 
| 119|0x0000000087700000, 0x0000000087800000, 0x0000000087800000|100%| O|  |TAMS 0x0000000087800000, 0x0000000087700000| Untracked 
| 120|0x0000000087800000, 0x0000000087900000, 0x0000000087900000|100%| O|  |TAMS 0x0000000087900000, 0x0000000087800000| Untracked 
| 121|0x0000000087900000, 0x0000000087a00000, 0x0000000087a00000|100%| O|  |TAMS 0x0000000087a00000, 0x0000000087900000| Untracked 
| 122|0x0000000087a00000, 0x0000000087b00000, 0x0000000087b00000|100%| O|  |TAMS 0x0000000087b00000, 0x0000000087a00000| Untracked 
| 123|0x0000000087b00000, 0x0000000087c00000, 0x0000000087c00000|100%| O|  |TAMS 0x0000000087c00000, 0x0000000087b00000| Untracked 
| 124|0x0000000087c00000, 0x0000000087d00000, 0x0000000087d00000|100%| O|  |TAMS 0x0000000087d00000, 0x0000000087c00000| Untracked 
| 125|0x0000000087d00000, 0x0000000087e00000, 0x0000000087e00000|100%| O|  |TAMS 0x0000000087e00000, 0x0000000087d00000| Untracked 
| 126|0x0000000087e00000, 0x0000000087f00000, 0x0000000087f00000|100%| O|  |TAMS 0x0000000087ea7c00, 0x0000000087e00000| Untracked 
| 127|0x0000000087f00000, 0x0000000088000000, 0x0000000088000000|100%| O|  |TAMS 0x0000000087f00000, 0x0000000087f00000| Untracked 
| 128|0x0000000088000000, 0x00000000880f6000, 0x0000000088100000| 96%| O|  |TAMS 0x0000000088000000, 0x0000000088000000| Untracked 
| 129|0x0000000088100000, 0x0000000088200000, 0x0000000088200000|100%|HS|  |TAMS 0x0000000088100000, 0x0000000088100000| Complete 
| 130|0x0000000088200000, 0x0000000088200000, 0x0000000088300000|  0%| F|  |TAMS 0x0000000088200000, 0x0000000088200000| Untracked 
| 131|0x0000000088300000, 0x0000000088300000, 0x0000000088400000|  0%| F|  |TAMS 0x0000000088300000, 0x0000000088300000| Untracked 
| 132|0x0000000088400000, 0x0000000088400000, 0x0000000088500000|  0%| F|  |TAMS 0x0000000088400000, 0x0000000088400000| Untracked 
| 133|0x0000000088500000, 0x0000000088500000, 0x0000000088600000|  0%| F|  |TAMS 0x0000000088500000, 0x0000000088500000| Untracked 
| 134|0x0000000088600000, 0x0000000088600000, 0x0000000088700000|  0%| F|  |TAMS 0x0000000088600000, 0x0000000088600000| Untracked 
| 135|0x0000000088700000, 0x0000000088700000, 0x0000000088800000|  0%| F|  |TAMS 0x0000000088700000, 0x0000000088700000| Untracked 
| 136|0x0000000088800000, 0x0000000088800000, 0x0000000088900000|  0%| F|  |TAMS 0x0000000088800000, 0x0000000088800000| Untracked 
| 137|0x0000000088900000, 0x0000000088900000, 0x0000000088a00000|  0%| F|  |TAMS 0x0000000088900000, 0x0000000088900000| Untracked 
| 138|0x0000000088a00000, 0x0000000088a00000, 0x0000000088b00000|  0%| F|  |TAMS 0x0000000088a00000, 0x0000000088a00000| Untracked 
| 139|0x0000000088b00000, 0x0000000088b00000, 0x0000000088c00000|  0%| F|  |TAMS 0x0000000088b00000, 0x0000000088b00000| Untracked 
| 140|0x0000000088c00000, 0x0000000088c00000, 0x0000000088d00000|  0%| F|  |TAMS 0x0000000088c00000, 0x0000000088c00000| Untracked 
| 141|0x0000000088d00000, 0x0000000088d00000, 0x0000000088e00000|  0%| F|  |TAMS 0x0000000088d00000, 0x0000000088d00000| Untracked 
| 142|0x0000000088e00000, 0x0000000088e00000, 0x0000000088f00000|  0%| F|  |TAMS 0x0000000088e00000, 0x0000000088e00000| Untracked 
| 143|0x0000000088f00000, 0x0000000088f00000, 0x0000000089000000|  0%| F|  |TAMS 0x0000000088f00000, 0x0000000088f00000| Untracked 
| 144|0x0000000089000000, 0x0000000089000000, 0x0000000089100000|  0%| F|  |TAMS 0x0000000089000000, 0x0000000089000000| Untracked 
| 145|0x0000000089100000, 0x0000000089100000, 0x0000000089200000|  0%| F|  |TAMS 0x0000000089100000, 0x0000000089100000| Untracked 
| 146|0x0000000089200000, 0x0000000089200000, 0x0000000089300000|  0%| F|  |TAMS 0x0000000089200000, 0x0000000089200000| Untracked 
| 147|0x0000000089300000, 0x0000000089300000, 0x0000000089400000|  0%| F|  |TAMS 0x0000000089300000, 0x0000000089300000| Untracked 
| 148|0x0000000089400000, 0x0000000089400000, 0x0000000089500000|  0%| F|  |TAMS 0x0000000089400000, 0x0000000089400000| Untracked 
| 149|0x0000000089500000, 0x0000000089500000, 0x0000000089600000|  0%| F|  |TAMS 0x0000000089500000, 0x0000000089500000| Untracked 
| 150|0x0000000089600000, 0x0000000089600000, 0x0000000089700000|  0%| F|  |TAMS 0x0000000089600000, 0x0000000089600000| Untracked 
| 151|0x0000000089700000, 0x0000000089700000, 0x0000000089800000|  0%| F|  |TAMS 0x0000000089700000, 0x0000000089700000| Untracked 
| 152|0x0000000089800000, 0x0000000089800000, 0x0000000089900000|  0%| F|  |TAMS 0x0000000089800000, 0x0000000089800000| Untracked 
| 153|0x0000000089900000, 0x0000000089900000, 0x0000000089a00000|  0%| F|  |TAMS 0x0000000089900000, 0x0000000089900000| Untracked 
| 154|0x0000000089a00000, 0x0000000089a00000, 0x0000000089b00000|  0%| F|  |TAMS 0x0000000089a00000, 0x0000000089a00000| Untracked 
| 155|0x0000000089b00000, 0x0000000089b00000, 0x0000000089c00000|  0%| F|  |TAMS 0x0000000089b00000, 0x0000000089b00000| Untracked 
| 156|0x0000000089c00000, 0x0000000089c00000, 0x0000000089d00000|  0%| F|  |TAMS 0x0000000089c00000, 0x0000000089c00000| Untracked 
| 157|0x0000000089d00000, 0x0000000089d00000, 0x0000000089e00000|  0%| F|  |TAMS 0x0000000089d00000, 0x0000000089d00000| Untracked 
| 158|0x0000000089e00000, 0x0000000089e00000, 0x0000000089f00000|  0%| F|  |TAMS 0x0000000089e00000, 0x0000000089e00000| Untracked 
| 159|0x0000000089f00000, 0x0000000089f00000, 0x000000008a000000|  0%| F|  |TAMS 0x0000000089f00000, 0x0000000089f00000| Untracked 
| 160|0x000000008a000000, 0x000000008a000000, 0x000000008a100000|  0%| F|  |TAMS 0x000000008a000000, 0x000000008a000000| Untracked 
| 161|0x000000008a100000, 0x000000008a100000, 0x000000008a200000|  0%| F|  |TAMS 0x000000008a100000, 0x000000008a100000| Untracked 
| 162|0x000000008a200000, 0x000000008a200000, 0x000000008a300000|  0%| F|  |TAMS 0x000000008a200000, 0x000000008a200000| Untracked 
| 163|0x000000008a300000, 0x000000008a300000, 0x000000008a400000|  0%| F|  |TAMS 0x000000008a300000, 0x000000008a300000| Untracked 
| 164|0x000000008a400000, 0x000000008a400000, 0x000000008a500000|  0%| F|  |TAMS 0x000000008a400000, 0x000000008a400000| Untracked 
| 165|0x000000008a500000, 0x000000008a500000, 0x000000008a600000|  0%| F|  |TAMS 0x000000008a500000, 0x000000008a500000| Untracked 
| 166|0x000000008a600000, 0x000000008a600000, 0x000000008a700000|  0%| F|  |TAMS 0x000000008a600000, 0x000000008a600000| Untracked 
| 167|0x000000008a700000, 0x000000008a700000, 0x000000008a800000|  0%| F|  |TAMS 0x000000008a700000, 0x000000008a700000| Untracked 
| 168|0x000000008a800000, 0x000000008a800000, 0x000000008a900000|  0%| F|  |TAMS 0x000000008a800000, 0x000000008a800000| Untracked 
| 169|0x000000008a900000, 0x000000008a900000, 0x000000008aa00000|  0%| F|  |TAMS 0x000000008a900000, 0x000000008a900000| Untracked 
| 170|0x000000008aa00000, 0x000000008aa00000, 0x000000008ab00000|  0%| F|  |TAMS 0x000000008aa00000, 0x000000008aa00000| Untracked 
| 171|0x000000008ab00000, 0x000000008ab00000, 0x000000008ac00000|  0%| F|  |TAMS 0x000000008ab00000, 0x000000008ab00000| Untracked 
| 172|0x000000008ac00000, 0x000000008ac00000, 0x000000008ad00000|  0%| F|  |TAMS 0x000000008ac00000, 0x000000008ac00000| Untracked 
| 173|0x000000008ad00000, 0x000000008ad00000, 0x000000008ae00000|  0%| F|  |TAMS 0x000000008ad00000, 0x000000008ad00000| Untracked 
| 174|0x000000008ae00000, 0x000000008ae00000, 0x000000008af00000|  0%| F|  |TAMS 0x000000008ae00000, 0x000000008ae00000| Untracked 
| 175|0x000000008af00000, 0x000000008af00000, 0x000000008b000000|  0%| F|  |TAMS 0x000000008af00000, 0x000000008af00000| Untracked 
| 176|0x000000008b000000, 0x000000008b000000, 0x000000008b100000|  0%| F|  |TAMS 0x000000008b000000, 0x000000008b000000| Untracked 
| 177|0x000000008b100000, 0x000000008b100000, 0x000000008b200000|  0%| F|  |TAMS 0x000000008b100000, 0x000000008b100000| Untracked 
| 178|0x000000008b200000, 0x000000008b200000, 0x000000008b300000|  0%| F|  |TAMS 0x000000008b200000, 0x000000008b200000| Untracked 
| 179|0x000000008b300000, 0x000000008b300000, 0x000000008b400000|  0%| F|  |TAMS 0x000000008b300000, 0x000000008b300000| Untracked 
| 180|0x000000008b400000, 0x000000008b400000, 0x000000008b500000|  0%| F|  |TAMS 0x000000008b400000, 0x000000008b400000| Untracked 
| 181|0x000000008b500000, 0x000000008b5c94c0, 0x000000008b600000| 78%| S|CS|TAMS 0x000000008b500000, 0x000000008b500000| Complete 
| 182|0x000000008b600000, 0x000000008b700000, 0x000000008b700000|100%| S|CS|TAMS 0x000000008b600000, 0x000000008b600000| Complete 
| 183|0x000000008b700000, 0x000000008b700000, 0x000000008b800000|  0%| F|  |TAMS 0x000000008b700000, 0x000000008b700000| Untracked 
| 184|0x000000008b800000, 0x000000008b800000, 0x000000008b900000|  0%| F|  |TAMS 0x000000008b800000, 0x000000008b800000| Untracked 
| 185|0x000000008b900000, 0x000000008b900000, 0x000000008ba00000|  0%| F|  |TAMS 0x000000008b900000, 0x000000008b900000| Untracked 
| 186|0x000000008ba00000, 0x000000008ba00000, 0x000000008bb00000|  0%| F|  |TAMS 0x000000008ba00000, 0x000000008ba00000| Untracked 
| 187|0x000000008bb00000, 0x000000008bb00000, 0x000000008bc00000|  0%| F|  |TAMS 0x000000008bb00000, 0x000000008bb00000| Untracked 
| 188|0x000000008bc00000, 0x000000008bc00000, 0x000000008bd00000|  0%| F|  |TAMS 0x000000008bc00000, 0x000000008bc00000| Untracked 
| 189|0x000000008bd00000, 0x000000008bd00000, 0x000000008be00000|  0%| F|  |TAMS 0x000000008bd00000, 0x000000008bd00000| Untracked 
| 190|0x000000008be00000, 0x000000008be00000, 0x000000008bf00000|  0%| F|  |TAMS 0x000000008be00000, 0x000000008be00000| Untracked 
| 191|0x000000008bf00000, 0x000000008bf00000, 0x000000008c000000|  0%| F|  |TAMS 0x000000008bf00000, 0x000000008bf00000| Untracked 
| 192|0x000000008c000000, 0x000000008c000000, 0x000000008c100000|  0%| F|  |TAMS 0x000000008c000000, 0x000000008c000000| Untracked 
| 193|0x000000008c100000, 0x000000008c100000, 0x000000008c200000|  0%| F|  |TAMS 0x000000008c100000, 0x000000008c100000| Untracked 
| 194|0x000000008c200000, 0x000000008c200000, 0x000000008c300000|  0%| F|  |TAMS 0x000000008c200000, 0x000000008c200000| Untracked 
| 195|0x000000008c300000, 0x000000008c300000, 0x000000008c400000|  0%| F|  |TAMS 0x000000008c300000, 0x000000008c300000| Untracked 
| 196|0x000000008c400000, 0x000000008c400000, 0x000000008c500000|  0%| F|  |TAMS 0x000000008c400000, 0x000000008c400000| Untracked 
| 197|0x000000008c500000, 0x000000008c500000, 0x000000008c600000|  0%| F|  |TAMS 0x000000008c500000, 0x000000008c500000| Untracked 
| 198|0x000000008c600000, 0x000000008c600000, 0x000000008c700000|  0%| F|  |TAMS 0x000000008c600000, 0x000000008c600000| Untracked 
| 199|0x000000008c700000, 0x000000008c700000, 0x000000008c800000|  0%| F|  |TAMS 0x000000008c700000, 0x000000008c700000| Untracked 
| 200|0x000000008c800000, 0x000000008c800000, 0x000000008c900000|  0%| F|  |TAMS 0x000000008c800000, 0x000000008c800000| Untracked 
| 201|0x000000008c900000, 0x000000008c900000, 0x000000008ca00000|  0%| F|  |TAMS 0x000000008c900000, 0x000000008c900000| Untracked 
| 202|0x000000008ca00000, 0x000000008ca00000, 0x000000008cb00000|  0%| F|  |TAMS 0x000000008ca00000, 0x000000008ca00000| Untracked 
| 203|0x000000008cb00000, 0x000000008cb00000, 0x000000008cc00000|  0%| F|  |TAMS 0x000000008cb00000, 0x000000008cb00000| Untracked 
| 204|0x000000008cc00000, 0x000000008cc00000, 0x000000008cd00000|  0%| F|  |TAMS 0x000000008cc00000, 0x000000008cc00000| Untracked 
| 205|0x000000008cd00000, 0x000000008cd00000, 0x000000008ce00000|  0%| F|  |TAMS 0x000000008cd00000, 0x000000008cd00000| Untracked 
| 206|0x000000008ce00000, 0x000000008ce00000, 0x000000008cf00000|  0%| F|  |TAMS 0x000000008ce00000, 0x000000008ce00000| Untracked 
| 207|0x000000008cf00000, 0x000000008d000000, 0x000000008d000000|100%| E|  |TAMS 0x000000008cf00000, 0x000000008cf00000| Complete 
| 208|0x000000008d000000, 0x000000008d100000, 0x000000008d100000|100%| E|CS|TAMS 0x000000008d000000, 0x000000008d000000| Complete 
| 209|0x000000008d100000, 0x000000008d200000, 0x000000008d200000|100%| E|CS|TAMS 0x000000008d100000, 0x000000008d100000| Complete 

Card table byte_map: [0x0000022ab20f0000,0x0000022ab24f0000] _byte_map_base: 0x0000022ab1cf0000

Marking Bits (Prev, Next): (CMBitMap*) 0x0000022a9eff5db0, (CMBitMap*) 0x0000022a9eff5d70
 Prev Bits: [0x0000022ab48f0000, 0x0000022ab68f0000)
 Next Bits: [0x0000022ab28f0000, 0x0000022ab48f0000)

Polling page: 0x0000022a9cf60000

Metaspace:

Usage:
  Non-class:    100.69 MB used.
      Class:     14.87 MB used.
       Both:    115.56 MB used.

Virtual space:
  Non-class space:      104.00 MB reserved,     101.06 MB ( 97%) committed,  13 nodes.
      Class space:        1.00 GB reserved,      15.19 MB (  1%) committed,  1 nodes.
             Both:        1.10 GB reserved,     116.25 MB ( 10%) committed. 

Chunk freelists:
   Non-Class:  2.19 MB
       Class:  864.00 KB
        Both:  3.03 MB

MaxMetaspaceSize: unlimited
CompressedClassSpaceSize: 1.00 GB
Initial GC threshold: 21.00 MB
Current GC threshold: 160.75 MB
CDS: off
MetaspaceReclaimPolicy: balanced
 - commit_granule_bytes: 65536.
 - commit_granule_words: 8192.
 - virtual_space_node_default_size: 1048576.
 - enlarge_chunks_in_place: 1.
 - new_chunks_are_fully_committed: 0.
 - uncommit_free_chunks: 1.
 - use_allocation_guard: 0.
 - handle_deallocations: 1.


Internal statistics:

num_allocs_failed_limit: 3.
num_arena_births: 840.
num_arena_deaths: 0.
num_vsnodes_births: 14.
num_vsnodes_deaths: 0.
num_space_committed: 1858.
num_space_uncommitted: 0.
num_chunks_returned_to_freelist: 3.
num_chunks_taken_from_freelist: 4816.
num_chunk_merges: 3.
num_chunk_splits: 3689.
num_chunks_enlarged: 2991.
num_purges: 0.
num_inconsistent_stats: 0.

CodeHeap 'non-profiled nmethods': size=119168Kb used=4863Kb max_used=4863Kb free=114304Kb
 bounds [0x0000022aa9ff0000, 0x0000022aaa4b0000, 0x0000022ab1450000]
CodeHeap 'profiled nmethods': size=119104Kb used=20718Kb max_used=20718Kb free=98385Kb
 bounds [0x0000022aa2450000, 0x0000022aa3890000, 0x0000022aa98a0000]
CodeHeap 'non-nmethods': size=7488Kb used=4196Kb max_used=4236Kb free=3291Kb
 bounds [0x0000022aa98a0000, 0x0000022aa9cd0000, 0x0000022aa9ff0000]
 total_blobs=10793 nmethods=9723 adapters=978
 compilation: enabled
              stopped_count=0, restarted_count=0
 full_count=0

Compilation events (20 events):
Event: 28.302 Thread 0x0000022aba5db030 10725       3       org.gradle.api.internal.DefaultDomainObjectCollection$IteratorImpl::hasNext (10 bytes)
Event: 28.302 Thread 0x0000022aba5db030 nmethod 10725 0x0000022aa387e610 code [0x0000022aa387e7c0, 0x0000022aa387e988]
Event: 28.309 Thread 0x0000022aba45bd40 10726       3       java.lang.StringLatin1::lastIndexOf (125 bytes)
Event: 28.309 Thread 0x0000022aba45bd40 nmethod 10726 0x0000022aa387ea90 code [0x0000022aa387ec60, 0x0000022aa387f0f8]
Event: 28.328 Thread 0x0000022aba45bd40 10727 %     3       java.util.zip.ZipFile$Source::initCEN @ 240 (591 bytes)
Event: 28.333 Thread 0x0000022aba45bd40 nmethod 10727% 0x0000022aa387f390 code [0x0000022aa387f880, 0x0000022aa3882738]
Event: 28.343 Thread 0x0000022aba45bd40 10728       3       java.util.zip.ZipFile$Source::initCEN (591 bytes)
Event: 28.346 Thread 0x0000022aba5db540 10729       3       java.util.TreeMap::compare (32 bytes)
Event: 28.346 Thread 0x0000022aba5db030 10730       3       sun.reflect.generics.repository.ConstructorRepository::parse (6 bytes)
Event: 28.346 Thread 0x0000022abf570c80 10731       3       sun.reflect.generics.repository.ConstructorRepository::parse (8 bytes)
Event: 28.346 Thread 0x0000022aba5db540 nmethod 10729 0x0000022aa3883890 code [0x0000022aa3883a60, 0x0000022aa3883e58]
Event: 28.347 Thread 0x0000022abf570c80 nmethod 10731 0x0000022aa3883f90 code [0x0000022aa3884160, 0x0000022aa3884528]
Event: 28.347 Thread 0x0000022aba5db030 nmethod 10730 0x0000022aa3884690 code [0x0000022aa3884860, 0x0000022aa3884d08]
Event: 28.347 Thread 0x0000022aba5db540 10732       3       sun.reflect.generics.parser.SignatureParser::parseMethodSig (10 bytes)
Event: 28.347 Thread 0x0000022aba5db540 nmethod 10732 0x0000022aa3884f10 code [0x0000022aa38850c0, 0x0000022aa38852c8]
Event: 28.348 Thread 0x0000022aba45bd40 nmethod 10728 0x0000022aa3885390 code [0x0000022aa3885860, 0x0000022aa3888578]
Event: 28.360 Thread 0x0000022aba5db540 10734   !   3       com.google.common.collect.MapMakerInternalMap$Segment::get (58 bytes)
Event: 28.360 Thread 0x0000022abf570c80 10735       3       com.google.common.collect.MapMakerInternalMap$Segment::postReadCleanup (18 bytes)
Event: 28.361 Thread 0x0000022abf570c80 nmethod 10735 0x0000022aa3889610 code [0x0000022aa38897c0, 0x0000022aa3889ad8]
Event: 28.362 Thread 0x0000022aba5db540 nmethod 10734 0x0000022aa3889c10 code [0x0000022aa3889f00, 0x0000022aa388b438]

GC Heap History (20 events):
Event: 20.677 GC heap before
{Heap before GC invocations=46 (full 0):
 garbage-first heap   total 199680K, used 122478K [0x0000000080000000, 0x0000000100000000)
  region size 1024K, 9 young (9216K), 6 survivors (6144K)
 Metaspace       used 84769K, committed 85504K, reserved 1130496K
  class space    used 11516K, committed 11840K, reserved 1048576K
}
Event: 20.682 GC heap after
{Heap after GC invocations=47 (full 0):
 garbage-first heap   total 199680K, used 119548K [0x0000000080000000, 0x0000000100000000)
  region size 1024K, 1 young (1024K), 1 survivors (1024K)
 Metaspace       used 84769K, committed 85504K, reserved 1130496K
  class space    used 11516K, committed 11840K, reserved 1048576K
}
Event: 21.678 GC heap before
{Heap before GC invocations=47 (full 0):
 garbage-first heap   total 199680K, used 162556K [0x0000000080000000, 0x0000000100000000)
  region size 1024K, 43 young (44032K), 1 survivors (1024K)
 Metaspace       used 90101K, committed 90816K, reserved 1130496K
  class space    used 12080K, committed 12416K, reserved 1048576K
}
Event: 21.684 GC heap after
{Heap after GC invocations=48 (full 0):
 garbage-first heap   total 199680K, used 121135K [0x0000000080000000, 0x0000000100000000)
  region size 1024K, 3 young (3072K), 3 survivors (3072K)
 Metaspace       used 90101K, committed 90816K, reserved 1130496K
  class space    used 12080K, committed 12416K, reserved 1048576K
}
Event: 22.788 GC heap before
{Heap before GC invocations=49 (full 0):
 garbage-first heap   total 209920K, used 165167K [0x0000000080000000, 0x0000000100000000)
  region size 1024K, 45 young (46080K), 3 survivors (3072K)
 Metaspace       used 94935K, committed 95616K, reserved 1138688K
  class space    used 12706K, committed 12992K, reserved 1048576K
}
Event: 22.793 GC heap after
{Heap after GC invocations=50 (full 0):
 garbage-first heap   total 209920K, used 123796K [0x0000000080000000, 0x0000000100000000)
  region size 1024K, 5 young (5120K), 5 survivors (5120K)
 Metaspace       used 94935K, committed 95616K, reserved 1138688K
  class space    used 12706K, committed 12992K, reserved 1048576K
}
Event: 22.815 GC heap before
{Heap before GC invocations=50 (full 0):
 garbage-first heap   total 209920K, used 127892K [0x0000000080000000, 0x0000000100000000)
  region size 1024K, 10 young (10240K), 5 survivors (5120K)
 Metaspace       used 94986K, committed 95680K, reserved 1138688K
  class space    used 12706K, committed 12992K, reserved 1048576K
}
Event: 22.820 GC heap after
{Heap after GC invocations=51 (full 0):
 garbage-first heap   total 209920K, used 125199K [0x0000000080000000, 0x0000000100000000)
  region size 1024K, 2 young (2048K), 2 survivors (2048K)
 Metaspace       used 94986K, committed 95680K, reserved 1138688K
  class space    used 12706K, committed 12992K, reserved 1048576K
}
Event: 23.733 GC heap before
{Heap before GC invocations=51 (full 0):
 garbage-first heap   total 209920K, used 173327K [0x0000000080000000, 0x0000000100000000)
  region size 1024K, 49 young (50176K), 2 survivors (2048K)
 Metaspace       used 97804K, committed 98496K, reserved 1138688K
  class space    used 13042K, committed 13376K, reserved 1048576K
}
Event: 23.739 GC heap after
{Heap after GC invocations=52 (full 0):
 garbage-first heap   total 209920K, used 125732K [0x0000000080000000, 0x0000000100000000)
  region size 1024K, 3 young (3072K), 3 survivors (3072K)
 Metaspace       used 97804K, committed 98496K, reserved 1138688K
  class space    used 13042K, committed 13376K, reserved 1048576K
}
Event: 24.857 GC heap before
{Heap before GC invocations=53 (full 0):
 garbage-first heap   total 215040K, used 175908K [0x0000000080000000, 0x0000000100000000)
  region size 1024K, 52 young (53248K), 3 survivors (3072K)
 Metaspace       used 101407K, committed 102080K, reserved 1138688K
  class space    used 13421K, committed 13696K, reserved 1048576K
}
Event: 24.863 GC heap after
{Heap after GC invocations=54 (full 0):
 garbage-first heap   total 215040K, used 129119K [0x0000000080000000, 0x0000000100000000)
  region size 1024K, 6 young (6144K), 6 survivors (6144K)
 Metaspace       used 101407K, committed 102080K, reserved 1138688K
  class space    used 13421K, committed 13696K, reserved 1048576K
}
Event: 24.946 GC heap before
{Heap before GC invocations=54 (full 0):
 garbage-first heap   total 215040K, used 132191K [0x0000000080000000, 0x0000000100000000)
  region size 1024K, 10 young (10240K), 6 survivors (6144K)
 Metaspace       used 101987K, committed 102656K, reserved 1138688K
  class space    used 13473K, committed 13760K, reserved 1048576K
}
Event: 24.951 GC heap after
{Heap after GC invocations=55 (full 0):
 garbage-first heap   total 215040K, used 129574K [0x0000000080000000, 0x0000000100000000)
  region size 1024K, 1 young (1024K), 1 survivors (1024K)
 Metaspace       used 101987K, committed 102656K, reserved 1138688K
  class space    used 13473K, committed 13760K, reserved 1048576K
}
Event: 26.130 GC heap before
{Heap before GC invocations=55 (full 0):
 garbage-first heap   total 215040K, used 181798K [0x0000000080000000, 0x0000000100000000)
  region size 1024K, 52 young (53248K), 1 survivors (1024K)
 Metaspace       used 107299K, committed 108032K, reserved 1146880K
  class space    used 14131K, committed 14464K, reserved 1048576K
}
Event: 26.135 GC heap after
{Heap after GC invocations=56 (full 0):
 garbage-first heap   total 215040K, used 132319K [0x0000000080000000, 0x0000000100000000)
  region size 1024K, 4 young (4096K), 4 survivors (4096K)
 Metaspace       used 107299K, committed 108032K, reserved 1146880K
  class space    used 14131K, committed 14464K, reserved 1048576K
}
Event: 27.284 GC heap before
{Heap before GC invocations=56 (full 0):
 garbage-first heap   total 215040K, used 181471K [0x0000000080000000, 0x0000000100000000)
  region size 1024K, 52 young (53248K), 4 survivors (4096K)
 Metaspace       used 114481K, committed 115200K, reserved 1155072K
  class space    used 14863K, committed 15168K, reserved 1048576K
}
Event: 27.289 GC heap after
{Heap after GC invocations=57 (full 0):
 garbage-first heap   total 215040K, used 133539K [0x0000000080000000, 0x0000000100000000)
  region size 1024K, 5 young (5120K), 5 survivors (5120K)
 Metaspace       used 114481K, committed 115200K, reserved 1155072K
  class space    used 14863K, committed 15168K, reserved 1048576K
}
Event: 28.314 GC heap before
{Heap before GC invocations=57 (full 0):
 garbage-first heap   total 215040K, used 159139K [0x0000000080000000, 0x0000000100000000)
  region size 1024K, 32 young (32768K), 5 survivors (5120K)
 Metaspace       used 118101K, committed 118784K, reserved 1155072K
  class space    used 15195K, committed 15488K, reserved 1048576K
}
Event: 28.322 GC heap after
{Heap after GC invocations=58 (full 0):
 garbage-first heap   total 215040K, used 133885K [0x0000000080000000, 0x0000000100000000)
  region size 1024K, 2 young (2048K), 2 survivors (2048K)
 Metaspace       used 118101K, committed 118784K, reserved 1155072K
  class space    used 15195K, committed 15488K, reserved 1048576K
}

Dll operation events (3 events):
Event: 0.059 Loaded shared library C:\Program Files\Android\Android Studio1\jbr\bin\java.dll
Event: 0.374 Loaded shared library C:\Program Files\Android\Android Studio1\jbr\bin\zip.dll
Event: 1.085 Loaded shared library C:\Program Files\Android\Android Studio1\jbr\bin\verify.dll

Deoptimization events (20 events):
Event: 28.296 Thread 0x0000022abe9b8130 DEOPT PACKING pc=0x0000022aa3166a3c sp=0x000000a1cf0ff230
Event: 28.296 Thread 0x0000022abe9b8130 DEOPT UNPACKING pc=0x0000022aa98f7143 sp=0x000000a1cf0fe768 mode 0
Event: 28.296 Thread 0x0000022abe9b8130 DEOPT PACKING pc=0x0000022aa315f8cc sp=0x000000a1cf0ff330
Event: 28.296 Thread 0x0000022abe9b8130 DEOPT UNPACKING pc=0x0000022aa98f7143 sp=0x000000a1cf0fe7f0 mode 0
Event: 28.296 Thread 0x0000022abe9beb10 DEOPT PACKING pc=0x0000022aa3166a3c sp=0x000000a1cf1ff3d0
Event: 28.296 Thread 0x0000022abe9beb10 DEOPT UNPACKING pc=0x0000022aa98f7143 sp=0x000000a1cf1fe908 mode 0
Event: 28.296 Thread 0x0000022abe9beb10 DEOPT PACKING pc=0x0000022aa315f8cc sp=0x000000a1cf1ff4d0
Event: 28.296 Thread 0x0000022abe9beb10 DEOPT UNPACKING pc=0x0000022aa98f7143 sp=0x000000a1cf1fe990 mode 0
Event: 28.296 Thread 0x0000022abe9b8fa0 DEOPT PACKING pc=0x0000022aa3166a3c sp=0x000000a1cf9ff1f0
Event: 28.296 Thread 0x0000022abe9b8fa0 DEOPT UNPACKING pc=0x0000022aa98f7143 sp=0x000000a1cf9fe728 mode 0
Event: 28.296 Thread 0x0000022abe9b8fa0 DEOPT PACKING pc=0x0000022aa315f8cc sp=0x000000a1cf9ff2f0
Event: 28.296 Thread 0x0000022abe9b8fa0 DEOPT UNPACKING pc=0x0000022aa98f7143 sp=0x000000a1cf9fe7b0 mode 0
Event: 28.296 Thread 0x0000022abe9b9e10 DEOPT PACKING pc=0x0000022aa3166a3c sp=0x000000a1cfbfef60
Event: 28.296 Thread 0x0000022abe9b9e10 DEOPT UNPACKING pc=0x0000022aa98f7143 sp=0x000000a1cfbfe498 mode 0
Event: 28.296 Thread 0x0000022abe9b9e10 DEOPT PACKING pc=0x0000022aa315f8cc sp=0x000000a1cfbff060
Event: 28.296 Thread 0x0000022abe9b9e10 DEOPT UNPACKING pc=0x0000022aa98f7143 sp=0x000000a1cfbfe520 mode 0
Event: 28.296 Thread 0x0000022abe9b9940 DEOPT PACKING pc=0x0000022aa3166a3c sp=0x000000a1cfaff1d0
Event: 28.296 Thread 0x0000022abe9b9940 DEOPT UNPACKING pc=0x0000022aa98f7143 sp=0x000000a1cfafe708 mode 0
Event: 28.297 Thread 0x0000022abe9b9940 DEOPT PACKING pc=0x0000022aa315f8cc sp=0x000000a1cfaff2d0
Event: 28.297 Thread 0x0000022abe9b9940 DEOPT UNPACKING pc=0x0000022aa98f7143 sp=0x000000a1cfafe790 mode 0

Classes unloaded (0 events):
No events

Classes redefined (0 events):
No events

Internal exceptions (20 events):
Event: 15.136 Thread 0x0000022abaf71be0 Exception <a 'java/lang/NoSuchMethodError'{0x0000000086a24d58}: 'java.lang.Object java.lang.invoke.DirectMethodHandle$Holder.invokeSpecial(java.lang.Object, java.lang.Object, java.lang.Object, java.lang.Object, long)'> (0x0000000086a24d58) 
thrown [s\src\hotspot\share\interpreter\linkResolver.cpp, line 771]
Event: 15.141 Thread 0x0000022abaf71be0 Exception <a 'java/lang/NoSuchMethodError'{0x0000000086a4d588}: 'long java.lang.invoke.Invokers$Holder.invoke_MT(java.lang.Object, java.lang.Object, java.lang.Object, java.lang.Object)'> (0x0000000086a4d588) 
thrown [s\src\hotspot\share\interpreter\linkResolver.cpp, line 771]
Event: 15.142 Thread 0x0000022abaf71be0 Exception <a 'java/lang/NoSuchMethodError'{0x0000000086a56930}: 'int java.lang.invoke.Invokers$Holder.invoke_MT(java.lang.Object, java.lang.Object, java.lang.Object, java.lang.Object)'> (0x0000000086a56930) 
thrown [s\src\hotspot\share\interpreter\linkResolver.cpp, line 771]
Event: 15.145 Thread 0x0000022abaf71be0 Exception <a 'java/lang/NoSuchMethodError'{0x0000000086a67c20}: 'int java.lang.invoke.DelegatingMethodHandle$Holder.reinvoke_L(java.lang.Object, java.lang.Object, java.lang.Object, long, int)'> (0x0000000086a67c20) 
thrown [s\src\hotspot\share\interpreter\linkResolver.cpp, line 771]
Event: 15.150 Thread 0x0000022abaf71be0 Exception <a 'java/lang/NoSuchMethodError'{0x0000000086a7c2f8}: 'java.lang.Object java.lang.invoke.Invokers$Holder.invokeExact_MT(java.lang.Object, java.lang.Object, long, java.lang.Object)'> (0x0000000086a7c2f8) 
thrown [s\src\hotspot\share\interpreter\linkResolver.cpp, line 771]
Event: 16.752 Thread 0x0000022abaf71be0 Exception <a 'java/lang/NoSuchMethodError'{0x0000000086f41ff8}: 'long java.lang.invoke.DirectMethodHandle$Holder.invokeStatic(java.lang.Object)'> (0x0000000086f41ff8) 
thrown [s\src\hotspot\share\interpreter\linkResolver.cpp, line 771]
Event: 16.753 Thread 0x0000022abaf71be0 Exception <a 'java/lang/NoSuchMethodError'{0x0000000086f46e88}: 'long java.lang.invoke.DirectMethodHandle$Holder.invokeStaticInit(java.lang.Object)'> (0x0000000086f46e88) 
thrown [s\src\hotspot\share\interpreter\linkResolver.cpp, line 771]
Event: 18.054 Thread 0x0000022abaf71be0 Exception <a 'java/lang/NoSuchMethodError'{0x0000000089101348}: 'java.lang.Object java.lang.invoke.Invokers$Holder.invoke_MT(java.lang.Object, java.lang.Object, java.lang.Object)'> (0x0000000089101348) 
thrown [s\src\hotspot\share\interpreter\linkResolver.cpp, line 771]
Event: 18.343 Thread 0x0000022abaf71be0 Implicit null exception at 0x0000022aaa0d44f9 to 0x0000022aaa0d63d8
Event: 18.377 Thread 0x0000022abaf71be0 Implicit null exception at 0x0000022aaa28b519 to 0x0000022aaa28c4c0
Event: 22.381 Thread 0x0000022abaf71be0 Exception <a 'java/lang/NoSuchMethodError'{0x000000008b3eed48}: 'java.lang.Object java.lang.invoke.DirectMethodHandle$Holder.invokeStatic(java.lang.Object, java.lang.Object, java.lang.Object, java.lang.Object, int)'> (0x000000008b3eed48) 
thrown [s\src\hotspot\share\interpreter\linkResolver.cpp, line 771]
Event: 22.382 Thread 0x0000022abaf71be0 Exception <a 'java/lang/NoSuchMethodError'{0x000000008b3f98d8}: 'java.lang.Object java.lang.invoke.DirectMethodHandle$Holder.newInvokeSpecial(java.lang.Object, java.lang.Object, java.lang.Object, java.lang.Object, int)'> (0x000000008b3f98d8) 
thrown [s\src\hotspot\share\interpreter\linkResolver.cpp, line 771]
Event: 22.382 Thread 0x0000022abaf71be0 Exception <a 'java/lang/NoSuchMethodError'{0x000000008b3ff778}: 'java.lang.Object java.lang.invoke.DirectMethodHandle$Holder.invokeSpecial(java.lang.Object, java.lang.Object, java.lang.Object, java.lang.Object, java.lang.Object, int)'> (0x000000008b3ff778) 
thrown [s\src\hotspot\share\interpreter\linkResolver.cpp, line 771]
Event: 22.383 Thread 0x0000022abaf71be0 Exception <a 'java/lang/NoSuchMethodError'{0x000000008b205498}: 'java.lang.Object java.lang.invoke.Invokers$Holder.linkToTargetMethod(java.lang.Object, java.lang.Object, java.lang.Object, int, java.lang.Object)'> (0x000000008b205498) 
thrown [s\src\hotspot\share\interpreter\linkResolver.cpp, line 771]
Event: 25.450 Thread 0x0000022abaf71be0 Exception <a 'java/lang/NoSuchMethodError'{0x000000008b7397d8}: 'java.lang.Object java.lang.invoke.DirectMethodHandle$Holder.newInvokeSpecial(java.lang.Object, java.lang.Object, java.lang.Object, int, int, java.lang.Object, java.lang.Object)'> (0x000000008b7397d8) 
thrown [s\src\hotspot\share\interpreter\linkResolver.cpp, line 771]
Event: 28.209 Thread 0x0000022abe9bb620 Exception <a 'sun/nio/fs/WindowsException'{0x000000008b96b630}> (0x000000008b96b630) 
thrown [s\src\hotspot\share\prims\jni.cpp, line 517]
Event: 28.222 Thread 0x0000022abe9bb620 Exception <a 'sun/nio/fs/WindowsException'{0x000000008b9a1bd8}> (0x000000008b9a1bd8) 
thrown [s\src\hotspot\share\prims\jni.cpp, line 517]
Event: 28.228 Thread 0x0000022abe9bb620 Exception <a 'sun/nio/fs/WindowsException'{0x000000008b9a1d48}> (0x000000008b9a1d48) 
thrown [s\src\hotspot\share\prims\jni.cpp, line 517]
Event: 28.241 Thread 0x0000022abaf71be0 Implicit null exception at 0x0000022aaa320a12 to 0x0000022aaa321074
Event: 28.241 Thread 0x0000022abaf71be0 Implicit null exception at 0x0000022aaa31fa94 to 0x0000022aaa32015c

VM Operations (20 events):
Event: 27.052 Executing VM operation: ICBufferFull done
Event: 27.113 Executing VM operation: HandshakeAllThreads
Event: 27.113 Executing VM operation: HandshakeAllThreads done
Event: 27.284 Executing VM operation: G1CollectForAllocation
Event: 27.289 Executing VM operation: G1CollectForAllocation done
Event: 27.293 Executing VM operation: HandshakeAllThreads
Event: 27.293 Executing VM operation: HandshakeAllThreads done
Event: 27.554 Executing VM operation: HandshakeAllThreads
Event: 27.555 Executing VM operation: HandshakeAllThreads done
Event: 27.919 Executing VM operation: HandshakeAllThreads
Event: 27.919 Executing VM operation: HandshakeAllThreads done
Event: 28.185 Executing VM operation: HandshakeAllThreads
Event: 28.185 Executing VM operation: HandshakeAllThreads done
Event: 28.189 Executing VM operation: HandshakeAllThreads
Event: 28.189 Executing VM operation: HandshakeAllThreads done
Event: 28.294 Executing VM operation: ICBufferFull
Event: 28.295 Executing VM operation: ICBufferFull done
Event: 28.314 Executing VM operation: G1TryInitiateConcMark
Event: 28.322 Executing VM operation: G1TryInitiateConcMark done
Event: 28.423 Executing VM operation: G1Concurrent

Events (20 events):
Event: 21.650 loading class java/text/StringCharacterIterator
Event: 21.651 loading class java/text/CharacterIterator
Event: 21.651 loading class java/text/CharacterIterator done
Event: 21.652 loading class java/text/StringCharacterIterator done
Event: 21.729 loading class java/io/NotSerializableException
Event: 21.730 loading class java/io/NotSerializableException done
Event: 22.262 loading class java/util/function/IntUnaryOperator
Event: 22.262 loading class java/util/function/IntUnaryOperator done
Event: 22.334 loading class java/util/AbstractList$SubList
Event: 22.335 loading class java/util/AbstractList$SubList done
Event: 22.335 loading class java/util/AbstractList$SubList$1
Event: 22.335 loading class java/util/AbstractList$SubList$1 done
Event: 22.335 loading class java/util/AbstractList$ListItr
Event: 22.335 loading class java/util/AbstractList$ListItr done
Event: 23.603 loading class java/util/AbstractList$RandomAccessSubList
Event: 23.604 loading class java/util/AbstractList$RandomAccessSubList done
Event: 27.573 loading class java/util/Vector$Itr
Event: 27.574 loading class java/util/Vector$Itr done
Event: 27.934 loading class java/lang/Byte$ByteCache
Event: 27.935 loading class java/lang/Byte$ByteCache done


Dynamic libraries:
0x00007ff728ea0000 - 0x00007ff728eaa000 	C:\Program Files\Android\Android Studio1\jbr\bin\java.exe
0x00007ff93cfd0000 - 0x00007ff93d1e7000 	C:\WINDOWS\SYSTEM32\ntdll.dll
0x00007ff8f7960000 - 0x00007ff8f7979000 	C:\Program Files\Avast Software\Avast\aswhook.dll
0x00007ff93bfe0000 - 0x00007ff93c0a4000 	C:\WINDOWS\System32\KERNEL32.DLL
0x00007ff93a850000 - 0x00007ff93abf6000 	C:\WINDOWS\System32\KERNELBASE.dll
0x00007ff93a730000 - 0x00007ff93a841000 	C:\WINDOWS\System32\ucrtbase.dll
0x00007ff907de0000 - 0x00007ff907dfb000 	C:\Program Files\Android\Android Studio1\jbr\bin\VCRUNTIME140.dll
0x00007ff92a230000 - 0x00007ff92a247000 	C:\Program Files\Android\Android Studio1\jbr\bin\jli.dll
0x00007ff93c9c0000 - 0x00007ff93cb6e000 	C:\WINDOWS\System32\USER32.dll
0x00007ff933220000 - 0x00007ff9334b3000 	C:\WINDOWS\WinSxS\amd64_microsoft.windows.common-controls_6595b64144ccf1df_6.0.22621.2506_none_270c5ae97388e100\COMCTL32.dll
0x00007ff93a520000 - 0x00007ff93a546000 	C:\WINDOWS\System32\win32u.dll
0x00007ff93bd70000 - 0x00007ff93be17000 	C:\WINDOWS\System32\msvcrt.dll
0x00007ff93b820000 - 0x00007ff93b849000 	C:\WINDOWS\System32\GDI32.dll
0x00007ff93ac00000 - 0x00007ff93ad18000 	C:\WINDOWS\System32\gdi32full.dll
0x00007ff93a690000 - 0x00007ff93a72a000 	C:\WINDOWS\System32\msvcp_win.dll
0x00007ff93c0b0000 - 0x00007ff93c0e1000 	C:\WINDOWS\System32\IMM32.DLL
0x00007ff927650000 - 0x00007ff92765c000 	C:\Program Files\Android\Android Studio1\jbr\bin\vcruntime140_1.dll
0x00007ff8d8220000 - 0x00007ff8d82ad000 	C:\Program Files\Android\Android Studio1\jbr\bin\msvcp140.dll
0x00007ff8b9fe0000 - 0x00007ff8bac4e000 	C:\Program Files\Android\Android Studio1\jbr\bin\server\jvm.dll
0x00007ff93b760000 - 0x00007ff93b811000 	C:\WINDOWS\System32\ADVAPI32.dll
0x00007ff93bc90000 - 0x00007ff93bd35000 	C:\WINDOWS\System32\sechost.dll
0x00007ff93ba20000 - 0x00007ff93bb37000 	C:\WINDOWS\System32\RPCRT4.dll
0x00007ff933580000 - 0x00007ff9335b4000 	C:\WINDOWS\SYSTEM32\WINMM.dll
0x00007ff932eb0000 - 0x00007ff932eba000 	C:\WINDOWS\SYSTEM32\VERSION.dll
0x00007ff925160000 - 0x00007ff925169000 	C:\WINDOWS\SYSTEM32\WSOCK32.dll
0x00007ff93be20000 - 0x00007ff93be91000 	C:\WINDOWS\System32\WS2_32.dll
0x00007ff939430000 - 0x00007ff939448000 	C:\WINDOWS\SYSTEM32\kernel.appcore.dll
0x00007ff935c40000 - 0x00007ff935c4a000 	C:\Program Files\Android\Android Studio1\jbr\bin\jimage.dll
0x00007ff931560000 - 0x00007ff931793000 	C:\WINDOWS\SYSTEM32\DBGHELP.DLL
0x00007ff93ad20000 - 0x00007ff93b0a9000 	C:\WINDOWS\System32\combase.dll
0x00007ff93ccf0000 - 0x00007ff93cdc7000 	C:\WINDOWS\System32\OLEAUT32.dll
0x00007ff930330000 - 0x00007ff930362000 	C:\WINDOWS\SYSTEM32\dbgcore.DLL
0x00007ff93a610000 - 0x00007ff93a68a000 	C:\WINDOWS\System32\bcryptPrimitives.dll
0x00007ff932840000 - 0x00007ff93284e000 	C:\Program Files\Android\Android Studio1\jbr\bin\instrument.dll
0x00007ff932b80000 - 0x00007ff932ba5000 	C:\Program Files\Android\Android Studio1\jbr\bin\java.dll
0x00007ff935780000 - 0x00007ff935798000 	C:\Program Files\Android\Android Studio1\jbr\bin\zip.dll
0x00007ff93c0f0000 - 0x00007ff93c94a000 	C:\WINDOWS\System32\SHELL32.dll
0x00007ff938270000 - 0x00007ff938b66000 	C:\WINDOWS\SYSTEM32\windows.storage.dll
0x00007ff938130000 - 0x00007ff93826e000 	C:\WINDOWS\SYSTEM32\wintypes.dll
0x00007ff93b0b0000 - 0x00007ff93b1a3000 	C:\WINDOWS\System32\SHCORE.dll
0x00007ff93cc90000 - 0x00007ff93ccee000 	C:\WINDOWS\System32\shlwapi.dll
0x00007ff93a270000 - 0x00007ff93a296000 	C:\WINDOWS\SYSTEM32\profapi.dll
0x00007ff932f60000 - 0x00007ff932f79000 	C:\Program Files\Android\Android Studio1\jbr\bin\net.dll
0x00007ff934b40000 - 0x00007ff934c77000 	C:\WINDOWS\SYSTEM32\WINHTTP.dll
0x00007ff9398b0000 - 0x00007ff939919000 	C:\WINDOWS\system32\mswsock.dll
0x00007ff92e5f0000 - 0x00007ff92e606000 	C:\Program Files\Android\Android Studio1\jbr\bin\nio.dll
0x00007ff935c00000 - 0x00007ff935c10000 	C:\Program Files\Android\Android Studio1\jbr\bin\verify.dll
0x00007ff919bb0000 - 0x00007ff919bd7000 	C:\Users\Asus\.gradle\native\68d5fa5c4cc2d200863cafc0d521ce42e7d3e7ee720ec0a83991735586a16f82\windows-amd64\native-platform.dll
0x00007ff8b6f60000 - 0x00007ff8b70a4000 	C:\Users\Asus\.gradle\native\e376f236ea51e6404a007f0833ffe2c6e607c4080706a723a18a27aeea778392\windows-amd64\native-platform-file-events.dll
0x00007ff935b10000 - 0x00007ff935b19000 	C:\Program Files\Android\Android Studio1\jbr\bin\management.dll
0x00007ff9357f0000 - 0x00007ff9357fb000 	C:\Program Files\Android\Android Studio1\jbr\bin\management_ext.dll
0x00007ff93cc80000 - 0x00007ff93cc88000 	C:\WINDOWS\System32\PSAPI.DLL
0x00007ff939b00000 - 0x00007ff939b1b000 	C:\WINDOWS\SYSTEM32\CRYPTSP.dll
0x00007ff939390000 - 0x00007ff9393c5000 	C:\WINDOWS\system32\rsaenh.dll
0x00007ff9399a0000 - 0x00007ff9399cc000 	C:\WINDOWS\SYSTEM32\USERENV.dll
0x00007ff939d20000 - 0x00007ff939d48000 	C:\WINDOWS\SYSTEM32\bcrypt.dll
0x00007ff939b20000 - 0x00007ff939b2c000 	C:\WINDOWS\SYSTEM32\CRYPTBASE.dll
0x00007ff938e40000 - 0x00007ff938e6d000 	C:\WINDOWS\SYSTEM32\IPHLPAPI.DLL
0x00007ff93bd60000 - 0x00007ff93bd69000 	C:\WINDOWS\System32\NSI.dll
0x00007ff934950000 - 0x00007ff934969000 	C:\WINDOWS\SYSTEM32\dhcpcsvc6.DLL
0x00007ff9346a0000 - 0x00007ff9346bf000 	C:\WINDOWS\SYSTEM32\dhcpcsvc.DLL
0x00007ff938e70000 - 0x00007ff938f69000 	C:\WINDOWS\SYSTEM32\DNSAPI.dll
0x00007ff932f20000 - 0x00007ff932f28000 	C:\WINDOWS\system32\wshunix.dll

dbghelp: loaded successfully - version: 4.0.5 - missing functions: none
symbol engine: initialized successfully - sym options: 0x614 - pdb path: .;C:\Program Files\Android\Android Studio1\jbr\bin;C:\WINDOWS\SYSTEM32;C:\Program Files\Avast Software\Avast;C:\WINDOWS\WinSxS\amd64_microsoft.windows.common-controls_6595b64144ccf1df_6.0.22621.2506_none_270c5ae97388e100;C:\Program Files\Android\Android Studio1\jbr\bin\server;C:\Users\Asus\.gradle\native\68d5fa5c4cc2d200863cafc0d521ce42e7d3e7ee720ec0a83991735586a16f82\windows-amd64;C:\Users\Asus\.gradle\native\e376f236ea51e6404a007f0833ffe2c6e607c4080706a723a18a27aeea778392\windows-amd64

VM Arguments:
jvm_args: --add-opens=java.base/java.util=ALL-UNNAMED --add-opens=java.base/java.lang=ALL-UNNAMED --add-opens=java.base/java.lang.invoke=ALL-UNNAMED --add-opens=java.prefs/java.util.prefs=ALL-UNNAMED --add-opens=java.base/java.nio.charset=ALL-UNNAMED --add-opens=java.base/java.net=ALL-UNNAMED --add-opens=java.base/java.util.concurrent.atomic=ALL-UNNAMED -Xmx2048m -Dfile.encoding=UTF-8 -Duser.country=MY -Duser.language=en -Duser.variant -javaagent:C:\Users\Asus\.gradle\wrapper\dists\gradle-8.2-bin\bbg7u40eoinfdyxsxr3z4i7ta\gradle-8.2\lib\agents\gradle-instrumentation-agent-8.2.jar 
java_command: org.gradle.launcher.daemon.bootstrap.GradleDaemon 8.2
java_class_path (initial): C:\Users\Asus\.gradle\wrapper\dists\gradle-8.2-bin\bbg7u40eoinfdyxsxr3z4i7ta\gradle-8.2\lib\gradle-launcher-8.2.jar
Launcher Type: SUN_STANDARD

[Global flags]
     intx CICompilerCount                          = 12                                        {product} {ergonomic}
     uint ConcGCThreads                            = 3                                         {product} {ergonomic}
     uint G1ConcRefinementThreads                  = 13                                        {product} {ergonomic}
   size_t G1HeapRegionSize                         = 1048576                                   {product} {ergonomic}
    uintx GCDrainStackTargetSize                   = 64                                        {product} {ergonomic}
   size_t InitialHeapSize                          = 125829120                                 {product} {ergonomic}
   size_t MarkStackSize                            = 4194304                                   {product} {ergonomic}
   size_t MaxHeapSize                              = 2147483648                                {product} {command line}
   size_t MaxNewSize                               = 1287651328                                {product} {ergonomic}
   size_t MinHeapDeltaBytes                        = 1048576                                   {product} {ergonomic}
   size_t MinHeapSize                              = 8388608                                   {product} {ergonomic}
    uintx NonNMethodCodeHeapSize                   = 7602480                                {pd product} {ergonomic}
    uintx NonProfiledCodeHeapSize                  = 122027880                              {pd product} {ergonomic}
    uintx ProfiledCodeHeapSize                     = 122027880                              {pd product} {ergonomic}
    uintx ReservedCodeCacheSize                    = 251658240                              {pd product} {ergonomic}
     bool SegmentedCodeCache                       = true                                      {product} {ergonomic}
   size_t SoftMaxHeapSize                          = 2147483648                             {manageable} {ergonomic}
     bool UseCompressedClassPointers               = true                           {product lp64_product} {ergonomic}
     bool UseCompressedOops                        = true                           {product lp64_product} {ergonomic}
     bool UseG1GC                                  = true                                      {product} {ergonomic}
     bool UseLargePagesIndividualAllocation        = false                                  {pd product} {ergonomic}

Logging:
Log output configuration:
 #0: stdout all=warning uptime,level,tags
 #1: stderr all=off uptime,level,tags

Environment Variables:
PATH=C:\Users\Asus\Downloads\WINDOWS.X64_193000_db_home1\bin;C:\Users\Asus\Downloads\WINDOWS.X64_193000_db_home\bin;C:\oraclexe\app\oracle\product\11.2.0\server\bin;C:\Program Files\Eclipse Adoptium\jdk-17.0.6.10-hotspot\bin;C:\Program Files\Common Files\Oracle\Java\javapath;C:\Program Files (x86)\Common Files\Intel\Shared Libraries\redist\intel64\compiler;C:\Windows\system32;C:\Windows;C:\Windows\System32\Wbem;C:\Windows\System32\WindowsPowerShell\v1.0\;C:\Windows\System32\OpenSSH\;C:\Program Files (x86)\NVIDIA Corporation\PhysX\Common;C:\Program Files\NVIDIA Corporation\NVIDIA NvDLISR;C:\WINDOWS\system32;C:\WINDOWS;C:\WINDOWS\System32\Wbem;C:\WINDOWS\System32\WindowsPowerShell\v1.0\;C:\WINDOWS\System32\OpenSSH\;C:\Program Files\Microsoft SQL Server\150\Tools\Binn\;C:\Program Files\Microsoft SQL Server\130\Tools\Binn\;C:\Program Files\Git\cmd;C:\src\flutter\bin;C:\Users\Asus\AppData\Local\Microsoft\WindowsApps;C:\Program Files\JetBrains\IntelliJ IDEA Community Edition 2022.3.2\bin;;C:\Users\Asus\AppData\Local\Programs\Microsoft VS Code\bin;C:\Program Files\JetBrains\PyCharm Community Edition 2023.1.1\bin;;C:\Users\Asus\AppData\Local\GitHubDesktop\bin;C:\src\flutter\bin;
USERNAME=Asus
OS=Windows_NT
PROCESSOR_IDENTIFIER=AMD64 Family 23 Model 96 Stepping 1, AuthenticAMD
TMP=C:\Users\Asus\AppData\Local\Temp
TEMP=C:\Users\Asus\AppData\Local\Temp


JNI global refs:
JNI global refs: 35, weak refs: 3

JNI global refs memory usage: 843, weak refs: 841


---------------  S Y S T E M  ---------------

OS:
 Windows 11 , 64 bit Build 22621 (10.0.22621.2506)
OS uptime: 9 days 17:48 hours

CPU: total 16 (initial active 16) (16 cores per cpu, 2 threads per core) family 23 model 96 stepping 1 microcode 0x0, cx8, cmov, fxsr, ht, mmx, 3dnowpref, sse, sse2, sse3, ssse3, sse4a, sse4.1, sse4.2, popcnt, lzcnt, tsc, tscinvbit, avx, avx2, aes, clmul, bmi1, bmi2, adx, sha, fma, vzeroupper, clflush, clflushopt

Memory: 4k page, system-wide physical 7597M (81M free)
TotalPageFile size 31149M (AvailPageFile size 6M)
current process WorkingSet (physical memory assigned to process): 317M, peak: 353M
current process commit charge ("private bytes"): 536M, peak: 551M

vm_info: OpenJDK 64-Bit Server VM (17.0.6+0-b2043.56-10027231) for windows-amd64 JRE (17.0.6+0-b2043.56-10027231), built on Apr 28 2023 00:43:19 by "androidbuild" with MS VC++ 16.10 / 16.11 (VS2019)

END.
